The target system is: Android - 1 - aarch64
The host system is: Linux - 5.15.0-48-generic - x86_64
Determining if the C compiler works passed with the following output:
Change Dir: /home/haicam/workspace/golang/box_proj/build/CMakeFiles/CMakeTmp

Run Build Command(s):/usr/bin/make cmTC_0b0d5/fast && /usr/bin/make -f CMakeFiles/cmTC_0b0d5.dir/build.make CMakeFiles/cmTC_0b0d5.dir/build
make[1]: Entering directory '/home/haicam/workspace/golang/box_proj/build/CMakeFiles/CMakeTmp'
Building C object CMakeFiles/cmTC_0b0d5.dir/testCCompiler.c.o
/home/haicam/toolchain/android-ndk-r24/toolchains/llvm/prebuilt/linux-x86_64/bin/clang --target=aarch64-none-linux-android21 --sysroot=/home/haicam/toolchain/android-ndk-r24/toolchains/llvm/prebuilt/linux-x86_64/sysroot   -g -DANDROID -fdata-sections -ffunction-sections -funwind-tables -fstack-protector-strong -no-canonical-prefixes -D_FORTIFY_SOURCE=2 -Wformat -Werror=format-security   -fPIE   -o CMakeFiles/cmTC_0b0d5.dir/testCCompiler.c.o   -c /home/haicam/workspace/golang/box_proj/build/CMakeFiles/CMakeTmp/testCCompiler.c
Linking C executable cmTC_0b0d5
/usr/bin/cmake -E cmake_link_script CMakeFiles/cmTC_0b0d5.dir/link.txt --verbose=1
/home/haicam/toolchain/android-ndk-r24/toolchains/llvm/prebuilt/linux-x86_64/bin/clang --target=aarch64-none-linux-android21 --sysroot=/home/haicam/toolchain/android-ndk-r24/toolchains/llvm/prebuilt/linux-x86_64/sysroot -g -DANDROID -fdata-sections -ffunction-sections -funwind-tables -fstack-protector-strong -no-canonical-prefixes -D_FORTIFY_SOURCE=2 -Wformat -Werror=format-security    -static-libstdc++ -Wl,--build-id=sha1 -Wl,--no-rosegment -Wl,--fatal-warnings -Wl,--no-undefined -Qunused-arguments -Wl,--gc-sections   CMakeFiles/cmTC_0b0d5.dir/testCCompiler.c.o  -o cmTC_0b0d5  -latomic -lm 
make[1]: Leaving directory '/home/haicam/workspace/golang/box_proj/build/CMakeFiles/CMakeTmp'



Detecting C compiler ABI info compiled with the following output:
Change Dir: /home/haicam/workspace/golang/box_proj/build/CMakeFiles/CMakeTmp

Run Build Command(s):/usr/bin/make cmTC_90a0a/fast && /usr/bin/make -f CMakeFiles/cmTC_90a0a.dir/build.make CMakeFiles/cmTC_90a0a.dir/build
make[1]: Entering directory '/home/haicam/workspace/golang/box_proj/build/CMakeFiles/CMakeTmp'
Building C object CMakeFiles/cmTC_90a0a.dir/CMakeCCompilerABI.c.o
/home/haicam/toolchain/android-ndk-r24/toolchains/llvm/prebuilt/linux-x86_64/bin/clang --target=aarch64-none-linux-android21 --sysroot=/home/haicam/toolchain/android-ndk-r24/toolchains/llvm/prebuilt/linux-x86_64/sysroot   -g -DANDROID -fdata-sections -ffunction-sections -funwind-tables -fstack-protector-strong -no-canonical-prefixes -D_FORTIFY_SOURCE=2 -Wformat -Werror=format-security   -fPIE   -v -o CMakeFiles/cmTC_90a0a.dir/CMakeCCompilerABI.c.o   -c /usr/share/cmake-3.16/Modules/CMakeCCompilerABI.c
Android (8075178, based on r437112b) clang version 14.0.1 (https://android.googlesource.com/toolchain/llvm-project 8671348b81b95fc603505dfc881b45103bee1731)
Target: aarch64-none-linux-android21
Thread model: posix
InstalledDir: /home/haicam/toolchain/android-ndk-r24/toolchains/llvm/prebuilt/linux-x86_64/bin
 (in-process)
 "/home/haicam/toolchain/android-ndk-r24/toolchains/llvm/prebuilt/linux-x86_64/bin/clang" -cc1 -triple aarch64-none-linux-android21 -emit-obj -mrelax-all --mrelax-relocations -mnoexecstack -disable-free -disable-llvm-verifier -discard-value-names -main-file-name CMakeCCompilerABI.c -mrelocation-model pic -pic-level 2 -pic-is-pie -mframe-pointer=non-leaf -fno-rounding-math -mconstructor-aliases -munwind-tables -target-cpu generic -target-feature +neon -target-abi aapcs -mllvm -aarch64-fix-cortex-a53-835769=1 -fallow-half-arguments-and-returns -debug-info-kind=constructor -dwarf-version=4 -debugger-tuning=gdb -v -ffunction-sections -fdata-sections -fcoverage-compilation-dir=/home/haicam/workspace/golang/box_proj/build/CMakeFiles/CMakeTmp -resource-dir /home/haicam/toolchain/android-ndk-r24/toolchains/llvm/prebuilt/linux-x86_64/lib64/clang/14.0.1 -D ANDROID -D _FORTIFY_SOURCE=2 -isysroot /home/haicam/toolchain/android-ndk-r24/toolchains/llvm/prebuilt/linux-x86_64/sysroot -internal-isystem /home/haicam/toolchain/android-ndk-r24/toolchains/llvm/prebuilt/linux-x86_64/lib64/clang/14.0.1/include -internal-isystem /home/haicam/toolchain/android-ndk-r24/toolchains/llvm/prebuilt/linux-x86_64/sysroot/usr/local/include -internal-externc-isystem /home/haicam/toolchain/android-ndk-r24/toolchains/llvm/prebuilt/linux-x86_64/sysroot/usr/include/aarch64-linux-android -internal-externc-isystem /home/haicam/toolchain/android-ndk-r24/toolchains/llvm/prebuilt/linux-x86_64/sysroot/include -internal-externc-isystem /home/haicam/toolchain/android-ndk-r24/toolchains/llvm/prebuilt/linux-x86_64/sysroot/usr/include -Wformat -Werror=format-security -fdebug-compilation-dir=/home/haicam/workspace/golang/box_proj/build/CMakeFiles/CMakeTmp -ferror-limit 19 -stack-protector 2 -fno-signed-char -fgnuc-version=4.2.1 -target-feature +outline-atomics -D__GCC_HAVE_DWARF2_CFI_ASM=1 -o CMakeFiles/cmTC_90a0a.dir/CMakeCCompilerABI.c.o -x c /usr/share/cmake-3.16/Modules/CMakeCCompilerABI.c
clang -cc1 version 14.0.1 based upon LLVM 14.0.1git default target x86_64-unknown-linux-gnu
ignoring nonexistent directory "/home/haicam/toolchain/android-ndk-r24/toolchains/llvm/prebuilt/linux-x86_64/sysroot/include"
#include "..." search starts here:
#include <...> search starts here:
 /home/haicam/toolchain/android-ndk-r24/toolchains/llvm/prebuilt/linux-x86_64/lib64/clang/14.0.1/include
 /home/haicam/toolchain/android-ndk-r24/toolchains/llvm/prebuilt/linux-x86_64/sysroot/usr/local/include
 /home/haicam/toolchain/android-ndk-r24/toolchains/llvm/prebuilt/linux-x86_64/sysroot/usr/include/aarch64-linux-android
 /home/haicam/toolchain/android-ndk-r24/toolchains/llvm/prebuilt/linux-x86_64/sysroot/usr/include
End of search list.
Linking C executable cmTC_90a0a
/usr/bin/cmake -E cmake_link_script CMakeFiles/cmTC_90a0a.dir/link.txt --verbose=1
/home/haicam/toolchain/android-ndk-r24/toolchains/llvm/prebuilt/linux-x86_64/bin/clang --target=aarch64-none-linux-android21 --sysroot=/home/haicam/toolchain/android-ndk-r24/toolchains/llvm/prebuilt/linux-x86_64/sysroot -g -DANDROID -fdata-sections -ffunction-sections -funwind-tables -fstack-protector-strong -no-canonical-prefixes -D_FORTIFY_SOURCE=2 -Wformat -Werror=format-security    -static-libstdc++ -Wl,--build-id=sha1 -Wl,--no-rosegment -Wl,--fatal-warnings -Wl,--no-undefined -Qunused-arguments -Wl,--gc-sections  -v CMakeFiles/cmTC_90a0a.dir/CMakeCCompilerABI.c.o  -o cmTC_90a0a 
Android (8075178, based on r437112b) clang version 14.0.1 (https://android.googlesource.com/toolchain/llvm-project 8671348b81b95fc603505dfc881b45103bee1731)
Target: aarch64-none-linux-android21
Thread model: posix
InstalledDir: /home/haicam/toolchain/android-ndk-r24/toolchains/llvm/prebuilt/linux-x86_64/bin
 "/home/haicam/toolchain/android-ndk-r24/toolchains/llvm/prebuilt/linux-x86_64/bin/ld" --sysroot=/home/haicam/toolchain/android-ndk-r24/toolchains/llvm/prebuilt/linux-x86_64/sysroot -pie -z noexecstack -EL --fix-cortex-a53-843419 --warn-shared-textrel -z now -z relro -z max-page-size=4096 --hash-style=gnu --hash-style=both --enable-new-dtags --eh-frame-hdr -m aarch64linux -dynamic-linker /system/bin/linker64 -o cmTC_90a0a /home/haicam/toolchain/android-ndk-r24/toolchains/llvm/prebuilt/linux-x86_64/sysroot/usr/lib/aarch64-linux-android/21/crtbegin_dynamic.o -L/home/haicam/toolchain/android-ndk-r24/toolchains/llvm/prebuilt/linux-x86_64/lib64/clang/14.0.1/lib/linux/aarch64 -L/home/haicam/toolchain/android-ndk-r24/toolchains/llvm/prebuilt/linux-x86_64/sysroot/usr/lib/aarch64-linux-android/21 -L/home/haicam/toolchain/android-ndk-r24/toolchains/llvm/prebuilt/linux-x86_64/sysroot/usr/lib/aarch64-linux-android -L/home/haicam/toolchain/android-ndk-r24/toolchains/llvm/prebuilt/linux-x86_64/sysroot/usr/lib --build-id=sha1 --no-rosegment --fatal-warnings --no-undefined --gc-sections CMakeFiles/cmTC_90a0a.dir/CMakeCCompilerABI.c.o /home/haicam/toolchain/android-ndk-r24/toolchains/llvm/prebuilt/linux-x86_64/lib64/clang/14.0.1/lib/linux/libclang_rt.builtins-aarch64-android.a -l:libunwind.a -ldl -lc /home/haicam/toolchain/android-ndk-r24/toolchains/llvm/prebuilt/linux-x86_64/lib64/clang/14.0.1/lib/linux/libclang_rt.builtins-aarch64-android.a -l:libunwind.a -ldl /home/haicam/toolchain/android-ndk-r24/toolchains/llvm/prebuilt/linux-x86_64/sysroot/usr/lib/aarch64-linux-android/21/crtend_android.o
make[1]: Leaving directory '/home/haicam/workspace/golang/box_proj/build/CMakeFiles/CMakeTmp'



Parsed C implicit include dir info from above output: rv=done
  found start of include info
  found start of implicit include info
    add: [/home/haicam/toolchain/android-ndk-r24/toolchains/llvm/prebuilt/linux-x86_64/lib64/clang/14.0.1/include]
    add: [/home/haicam/toolchain/android-ndk-r24/toolchains/llvm/prebuilt/linux-x86_64/sysroot/usr/local/include]
    add: [/home/haicam/toolchain/android-ndk-r24/toolchains/llvm/prebuilt/linux-x86_64/sysroot/usr/include/aarch64-linux-android]
    add: [/home/haicam/toolchain/android-ndk-r24/toolchains/llvm/prebuilt/linux-x86_64/sysroot/usr/include]
  end of search list found
  collapse include dir [/home/haicam/toolchain/android-ndk-r24/toolchains/llvm/prebuilt/linux-x86_64/lib64/clang/14.0.1/include] ==> [/home/haicam/toolchain/android-ndk-r24/toolchains/llvm/prebuilt/linux-x86_64/lib64/clang/14.0.1/include]
  collapse include dir [/home/haicam/toolchain/android-ndk-r24/toolchains/llvm/prebuilt/linux-x86_64/sysroot/usr/local/include] ==> [/home/haicam/toolchain/android-ndk-r24/toolchains/llvm/prebuilt/linux-x86_64/sysroot/usr/local/include]
  collapse include dir [/home/haicam/toolchain/android-ndk-r24/toolchains/llvm/prebuilt/linux-x86_64/sysroot/usr/include/aarch64-linux-android] ==> [/home/haicam/toolchain/android-ndk-r24/toolchains/llvm/prebuilt/linux-x86_64/sysroot/usr/include/aarch64-linux-android]
  collapse include dir [/home/haicam/toolchain/android-ndk-r24/toolchains/llvm/prebuilt/linux-x86_64/sysroot/usr/include] ==> [/home/haicam/toolchain/android-ndk-r24/toolchains/llvm/prebuilt/linux-x86_64/sysroot/usr/include]
  implicit include dirs: [/home/haicam/toolchain/android-ndk-r24/toolchains/llvm/prebuilt/linux-x86_64/lib64/clang/14.0.1/include;/home/haicam/toolchain/android-ndk-r24/toolchains/llvm/prebuilt/linux-x86_64/sysroot/usr/local/include;/home/haicam/toolchain/android-ndk-r24/toolchains/llvm/prebuilt/linux-x86_64/sysroot/usr/include/aarch64-linux-android;/home/haicam/toolchain/android-ndk-r24/toolchains/llvm/prebuilt/linux-x86_64/sysroot/usr/include]


Parsed C implicit link information from above output:
  link line regex: [^( *|.*[/\])(ld\.lld|CMAKE_LINK_STARTFILE-NOTFOUND|([^/\]+-)?ld|collect2)[^/\]*( |$)]
  ignore line: [Change Dir: /home/haicam/workspace/golang/box_proj/build/CMakeFiles/CMakeTmp]
  ignore line: []
  ignore line: [Run Build Command(s):/usr/bin/make cmTC_90a0a/fast && /usr/bin/make -f CMakeFiles/cmTC_90a0a.dir/build.make CMakeFiles/cmTC_90a0a.dir/build]
  ignore line: [make[1]: Entering directory '/home/haicam/workspace/golang/box_proj/build/CMakeFiles/CMakeTmp']
  ignore line: [Building C object CMakeFiles/cmTC_90a0a.dir/CMakeCCompilerABI.c.o]
  ignore line: [/home/haicam/toolchain/android-ndk-r24/toolchains/llvm/prebuilt/linux-x86_64/bin/clang --target=aarch64-none-linux-android21 --sysroot=/home/haicam/toolchain/android-ndk-r24/toolchains/llvm/prebuilt/linux-x86_64/sysroot   -g -DANDROID -fdata-sections -ffunction-sections -funwind-tables -fstack-protector-strong -no-canonical-prefixes -D_FORTIFY_SOURCE=2 -Wformat -Werror=format-security   -fPIE   -v -o CMakeFiles/cmTC_90a0a.dir/CMakeCCompilerABI.c.o   -c /usr/share/cmake-3.16/Modules/CMakeCCompilerABI.c]
  ignore line: [Android (8075178  based on r437112b) clang version 14.0.1 (https://android.googlesource.com/toolchain/llvm-project 8671348b81b95fc603505dfc881b45103bee1731)]
  ignore line: [Target: aarch64-none-linux-android21]
  ignore line: [Thread model: posix]
  ignore line: [InstalledDir: /home/haicam/toolchain/android-ndk-r24/toolchains/llvm/prebuilt/linux-x86_64/bin]
  ignore line: [ (in-process)]
  ignore line: [ "/home/haicam/toolchain/android-ndk-r24/toolchains/llvm/prebuilt/linux-x86_64/bin/clang" -cc1 -triple aarch64-none-linux-android21 -emit-obj -mrelax-all --mrelax-relocations -mnoexecstack -disable-free -disable-llvm-verifier -discard-value-names -main-file-name CMakeCCompilerABI.c -mrelocation-model pic -pic-level 2 -pic-is-pie -mframe-pointer=non-leaf -fno-rounding-math -mconstructor-aliases -munwind-tables -target-cpu generic -target-feature +neon -target-abi aapcs -mllvm -aarch64-fix-cortex-a53-835769=1 -fallow-half-arguments-and-returns -debug-info-kind=constructor -dwarf-version=4 -debugger-tuning=gdb -v -ffunction-sections -fdata-sections -fcoverage-compilation-dir=/home/haicam/workspace/golang/box_proj/build/CMakeFiles/CMakeTmp -resource-dir /home/haicam/toolchain/android-ndk-r24/toolchains/llvm/prebuilt/linux-x86_64/lib64/clang/14.0.1 -D ANDROID -D _FORTIFY_SOURCE=2 -isysroot /home/haicam/toolchain/android-ndk-r24/toolchains/llvm/prebuilt/linux-x86_64/sysroot -internal-isystem /home/haicam/toolchain/android-ndk-r24/toolchains/llvm/prebuilt/linux-x86_64/lib64/clang/14.0.1/include -internal-isystem /home/haicam/toolchain/android-ndk-r24/toolchains/llvm/prebuilt/linux-x86_64/sysroot/usr/local/include -internal-externc-isystem /home/haicam/toolchain/android-ndk-r24/toolchains/llvm/prebuilt/linux-x86_64/sysroot/usr/include/aarch64-linux-android -internal-externc-isystem /home/haicam/toolchain/android-ndk-r24/toolchains/llvm/prebuilt/linux-x86_64/sysroot/include -internal-externc-isystem /home/haicam/toolchain/android-ndk-r24/toolchains/llvm/prebuilt/linux-x86_64/sysroot/usr/include -Wformat -Werror=format-security -fdebug-compilation-dir=/home/haicam/workspace/golang/box_proj/build/CMakeFiles/CMakeTmp -ferror-limit 19 -stack-protector 2 -fno-signed-char -fgnuc-version=4.2.1 -target-feature +outline-atomics -D__GCC_HAVE_DWARF2_CFI_ASM=1 -o CMakeFiles/cmTC_90a0a.dir/CMakeCCompilerABI.c.o -x c /usr/share/cmake-3.16/Modules/CMakeCCompilerABI.c]
  ignore line: [clang -cc1 version 14.0.1 based upon LLVM 14.0.1git default target x86_64-unknown-linux-gnu]
  ignore line: [ignoring nonexistent directory "/home/haicam/toolchain/android-ndk-r24/toolchains/llvm/prebuilt/linux-x86_64/sysroot/include"]
  ignore line: [#include "..." search starts here:]
  ignore line: [#include <...> search starts here:]
  ignore line: [ /home/haicam/toolchain/android-ndk-r24/toolchains/llvm/prebuilt/linux-x86_64/lib64/clang/14.0.1/include]
  ignore line: [ /home/haicam/toolchain/android-ndk-r24/toolchains/llvm/prebuilt/linux-x86_64/sysroot/usr/local/include]
  ignore line: [ /home/haicam/toolchain/android-ndk-r24/toolchains/llvm/prebuilt/linux-x86_64/sysroot/usr/include/aarch64-linux-android]
  ignore line: [ /home/haicam/toolchain/android-ndk-r24/toolchains/llvm/prebuilt/linux-x86_64/sysroot/usr/include]
  ignore line: [End of search list.]
  ignore line: [Linking C executable cmTC_90a0a]
  ignore line: [/usr/bin/cmake -E cmake_link_script CMakeFiles/cmTC_90a0a.dir/link.txt --verbose=1]
  ignore line: [/home/haicam/toolchain/android-ndk-r24/toolchains/llvm/prebuilt/linux-x86_64/bin/clang --target=aarch64-none-linux-android21 --sysroot=/home/haicam/toolchain/android-ndk-r24/toolchains/llvm/prebuilt/linux-x86_64/sysroot -g -DANDROID -fdata-sections -ffunction-sections -funwind-tables -fstack-protector-strong -no-canonical-prefixes -D_FORTIFY_SOURCE=2 -Wformat -Werror=format-security    -static-libstdc++ -Wl --build-id=sha1 -Wl --no-rosegment -Wl --fatal-warnings -Wl --no-undefined -Qunused-arguments -Wl --gc-sections  -v CMakeFiles/cmTC_90a0a.dir/CMakeCCompilerABI.c.o  -o cmTC_90a0a ]
  ignore line: [Android (8075178  based on r437112b) clang version 14.0.1 (https://android.googlesource.com/toolchain/llvm-project 8671348b81b95fc603505dfc881b45103bee1731)]
  ignore line: [Target: aarch64-none-linux-android21]
  ignore line: [Thread model: posix]
  ignore line: [InstalledDir: /home/haicam/toolchain/android-ndk-r24/toolchains/llvm/prebuilt/linux-x86_64/bin]
  link line: [ "/home/haicam/toolchain/android-ndk-r24/toolchains/llvm/prebuilt/linux-x86_64/bin/ld" --sysroot=/home/haicam/toolchain/android-ndk-r24/toolchains/llvm/prebuilt/linux-x86_64/sysroot -pie -z noexecstack -EL --fix-cortex-a53-843419 --warn-shared-textrel -z now -z relro -z max-page-size=4096 --hash-style=gnu --hash-style=both --enable-new-dtags --eh-frame-hdr -m aarch64linux -dynamic-linker /system/bin/linker64 -o cmTC_90a0a /home/haicam/toolchain/android-ndk-r24/toolchains/llvm/prebuilt/linux-x86_64/sysroot/usr/lib/aarch64-linux-android/21/crtbegin_dynamic.o -L/home/haicam/toolchain/android-ndk-r24/toolchains/llvm/prebuilt/linux-x86_64/lib64/clang/14.0.1/lib/linux/aarch64 -L/home/haicam/toolchain/android-ndk-r24/toolchains/llvm/prebuilt/linux-x86_64/sysroot/usr/lib/aarch64-linux-android/21 -L/home/haicam/toolchain/android-ndk-r24/toolchains/llvm/prebuilt/linux-x86_64/sysroot/usr/lib/aarch64-linux-android -L/home/haicam/toolchain/android-ndk-r24/toolchains/llvm/prebuilt/linux-x86_64/sysroot/usr/lib --build-id=sha1 --no-rosegment --fatal-warnings --no-undefined --gc-sections CMakeFiles/cmTC_90a0a.dir/CMakeCCompilerABI.c.o /home/haicam/toolchain/android-ndk-r24/toolchains/llvm/prebuilt/linux-x86_64/lib64/clang/14.0.1/lib/linux/libclang_rt.builtins-aarch64-android.a -l:libunwind.a -ldl -lc /home/haicam/toolchain/android-ndk-r24/toolchains/llvm/prebuilt/linux-x86_64/lib64/clang/14.0.1/lib/linux/libclang_rt.builtins-aarch64-android.a -l:libunwind.a -ldl /home/haicam/toolchain/android-ndk-r24/toolchains/llvm/prebuilt/linux-x86_64/sysroot/usr/lib/aarch64-linux-android/21/crtend_android.o]
    arg [/home/haicam/toolchain/android-ndk-r24/toolchains/llvm/prebuilt/linux-x86_64/bin/ld] ==> ignore
    arg [--sysroot=/home/haicam/toolchain/android-ndk-r24/toolchains/llvm/prebuilt/linux-x86_64/sysroot] ==> ignore
    arg [-pie] ==> ignore
    arg [-znoexecstack] ==> ignore
    arg [-EL] ==> ignore
    arg [--fix-cortex-a53-843419] ==> ignore
    arg [--warn-shared-textrel] ==> ignore
    arg [-znow] ==> ignore
    arg [-zrelro] ==> ignore
    arg [-zmax-page-size=4096] ==> ignore
    arg [--hash-style=gnu] ==> ignore
    arg [--hash-style=both] ==> ignore
    arg [--enable-new-dtags] ==> ignore
    arg [--eh-frame-hdr] ==> ignore
    arg [-m] ==> ignore
    arg [aarch64linux] ==> ignore
    arg [-dynamic-linker] ==> ignore
    arg [/system/bin/linker64] ==> ignore
    arg [-o] ==> ignore
    arg [cmTC_90a0a] ==> ignore
    arg [/home/haicam/toolchain/android-ndk-r24/toolchains/llvm/prebuilt/linux-x86_64/sysroot/usr/lib/aarch64-linux-android/21/crtbegin_dynamic.o] ==> ignore
    arg [-L/home/haicam/toolchain/android-ndk-r24/toolchains/llvm/prebuilt/linux-x86_64/lib64/clang/14.0.1/lib/linux/aarch64] ==> dir [/home/haicam/toolchain/android-ndk-r24/toolchains/llvm/prebuilt/linux-x86_64/lib64/clang/14.0.1/lib/linux/aarch64]
    arg [-L/home/haicam/toolchain/android-ndk-r24/toolchains/llvm/prebuilt/linux-x86_64/sysroot/usr/lib/aarch64-linux-android/21] ==> dir [/home/haicam/toolchain/android-ndk-r24/toolchains/llvm/prebuilt/linux-x86_64/sysroot/usr/lib/aarch64-linux-android/21]
    arg [-L/home/haicam/toolchain/android-ndk-r24/toolchains/llvm/prebuilt/linux-x86_64/sysroot/usr/lib/aarch64-linux-android] ==> dir [/home/haicam/toolchain/android-ndk-r24/toolchains/llvm/prebuilt/linux-x86_64/sysroot/usr/lib/aarch64-linux-android]
    arg [-L/home/haicam/toolchain/android-ndk-r24/toolchains/llvm/prebuilt/linux-x86_64/sysroot/usr/lib] ==> dir [/home/haicam/toolchain/android-ndk-r24/toolchains/llvm/prebuilt/linux-x86_64/sysroot/usr/lib]
    arg [--build-id=sha1] ==> ignore
    arg [--no-rosegment] ==> ignore
    arg [--fatal-warnings] ==> ignore
    arg [--no-undefined] ==> ignore
    arg [--gc-sections] ==> ignore
    arg [CMakeFiles/cmTC_90a0a.dir/CMakeCCompilerABI.c.o] ==> ignore
    arg [/home/haicam/toolchain/android-ndk-r24/toolchains/llvm/prebuilt/linux-x86_64/lib64/clang/14.0.1/lib/linux/libclang_rt.builtins-aarch64-android.a] ==> lib [/home/haicam/toolchain/android-ndk-r24/toolchains/llvm/prebuilt/linux-x86_64/lib64/clang/14.0.1/lib/linux/libclang_rt.builtins-aarch64-android.a]
    arg [-l:libunwind.a] ==> lib [-l:libunwind.a]
    arg [-ldl] ==> lib [dl]
    arg [-lc] ==> lib [c]
    arg [/home/haicam/toolchain/android-ndk-r24/toolchains/llvm/prebuilt/linux-x86_64/lib64/clang/14.0.1/lib/linux/libclang_rt.builtins-aarch64-android.a] ==> lib [/home/haicam/toolchain/android-ndk-r24/toolchains/llvm/prebuilt/linux-x86_64/lib64/clang/14.0.1/lib/linux/libclang_rt.builtins-aarch64-android.a]
    arg [-l:libunwind.a] ==> lib [-l:libunwind.a]
    arg [-ldl] ==> lib [dl]
    arg [/home/haicam/toolchain/android-ndk-r24/toolchains/llvm/prebuilt/linux-x86_64/sysroot/usr/lib/aarch64-linux-android/21/crtend_android.o] ==> ignore
  remove lib [/home/haicam/toolchain/android-ndk-r24/toolchains/llvm/prebuilt/linux-x86_64/lib64/clang/14.0.1/lib/linux/libclang_rt.builtins-aarch64-android.a]
  remove lib [/home/haicam/toolchain/android-ndk-r24/toolchains/llvm/prebuilt/linux-x86_64/lib64/clang/14.0.1/lib/linux/libclang_rt.builtins-aarch64-android.a]
  collapse library dir [/home/haicam/toolchain/android-ndk-r24/toolchains/llvm/prebuilt/linux-x86_64/lib64/clang/14.0.1/lib/linux/aarch64] ==> [/home/haicam/toolchain/android-ndk-r24/toolchains/llvm/prebuilt/linux-x86_64/lib64/clang/14.0.1/lib/linux/aarch64]
  collapse library dir [/home/haicam/toolchain/android-ndk-r24/toolchains/llvm/prebuilt/linux-x86_64/sysroot/usr/lib/aarch64-linux-android/21] ==> [/home/haicam/toolchain/android-ndk-r24/toolchains/llvm/prebuilt/linux-x86_64/sysroot/usr/lib/aarch64-linux-android/21]
  collapse library dir [/home/haicam/toolchain/android-ndk-r24/toolchains/llvm/prebuilt/linux-x86_64/sysroot/usr/lib/aarch64-linux-android] ==> [/home/haicam/toolchain/android-ndk-r24/toolchains/llvm/prebuilt/linux-x86_64/sysroot/usr/lib/aarch64-linux-android]
  collapse library dir [/home/haicam/toolchain/android-ndk-r24/toolchains/llvm/prebuilt/linux-x86_64/sysroot/usr/lib] ==> [/home/haicam/toolchain/android-ndk-r24/toolchains/llvm/prebuilt/linux-x86_64/sysroot/usr/lib]
  implicit libs: [-l:libunwind.a;dl;c;-l:libunwind.a;dl]
  implicit dirs: [/home/haicam/toolchain/android-ndk-r24/toolchains/llvm/prebuilt/linux-x86_64/lib64/clang/14.0.1/lib/linux/aarch64;/home/haicam/toolchain/android-ndk-r24/toolchains/llvm/prebuilt/linux-x86_64/sysroot/usr/lib/aarch64-linux-android/21;/home/haicam/toolchain/android-ndk-r24/toolchains/llvm/prebuilt/linux-x86_64/sysroot/usr/lib/aarch64-linux-android;/home/haicam/toolchain/android-ndk-r24/toolchains/llvm/prebuilt/linux-x86_64/sysroot/usr/lib]
  implicit fwks: []


Determining if the CXX compiler works passed with the following output:
Change Dir: /home/haicam/workspace/golang/box_proj/build/CMakeFiles/CMakeTmp

Run Build Command(s):/usr/bin/make cmTC_ce4df/fast && /usr/bin/make -f CMakeFiles/cmTC_ce4df.dir/build.make CMakeFiles/cmTC_ce4df.dir/build
make[1]: Entering directory '/home/haicam/workspace/golang/box_proj/build/CMakeFiles/CMakeTmp'
Building CXX object CMakeFiles/cmTC_ce4df.dir/testCXXCompiler.cxx.o
/home/haicam/toolchain/android-ndk-r24/toolchains/llvm/prebuilt/linux-x86_64/bin/clang++ --target=aarch64-none-linux-android21 --sysroot=/home/haicam/toolchain/android-ndk-r24/toolchains/llvm/prebuilt/linux-x86_64/sysroot    -g -DANDROID -fdata-sections -ffunction-sections -funwind-tables -fstack-protector-strong -no-canonical-prefixes -D_FORTIFY_SOURCE=2 -Wformat -Werror=format-security    -fPIE   -o CMakeFiles/cmTC_ce4df.dir/testCXXCompiler.cxx.o -c /home/haicam/workspace/golang/box_proj/build/CMakeFiles/CMakeTmp/testCXXCompiler.cxx
Linking CXX executable cmTC_ce4df
/usr/bin/cmake -E cmake_link_script CMakeFiles/cmTC_ce4df.dir/link.txt --verbose=1
/home/haicam/toolchain/android-ndk-r24/toolchains/llvm/prebuilt/linux-x86_64/bin/clang++ --target=aarch64-none-linux-android21 --sysroot=/home/haicam/toolchain/android-ndk-r24/toolchains/llvm/prebuilt/linux-x86_64/sysroot  -g -DANDROID -fdata-sections -ffunction-sections -funwind-tables -fstack-protector-strong -no-canonical-prefixes -D_FORTIFY_SOURCE=2 -Wformat -Werror=format-security     -static-libstdc++ -Wl,--build-id=sha1 -Wl,--no-rosegment -Wl,--fatal-warnings -Wl,--no-undefined -Qunused-arguments -Wl,--gc-sections   CMakeFiles/cmTC_ce4df.dir/testCXXCompiler.cxx.o  -o cmTC_ce4df  -latomic -lm 
make[1]: Leaving directory '/home/haicam/workspace/golang/box_proj/build/CMakeFiles/CMakeTmp'



Detecting CXX compiler ABI info compiled with the following output:
Change Dir: /home/haicam/workspace/golang/box_proj/build/CMakeFiles/CMakeTmp

Run Build Command(s):/usr/bin/make cmTC_20566/fast && /usr/bin/make -f CMakeFiles/cmTC_20566.dir/build.make CMakeFiles/cmTC_20566.dir/build
make[1]: Entering directory '/home/haicam/workspace/golang/box_proj/build/CMakeFiles/CMakeTmp'
Building CXX object CMakeFiles/cmTC_20566.dir/CMakeCXXCompilerABI.cpp.o
/home/haicam/toolchain/android-ndk-r24/toolchains/llvm/prebuilt/linux-x86_64/bin/clang++ --target=aarch64-none-linux-android21 --sysroot=/home/haicam/toolchain/android-ndk-r24/toolchains/llvm/prebuilt/linux-x86_64/sysroot    -g -DANDROID -fdata-sections -ffunction-sections -funwind-tables -fstack-protector-strong -no-canonical-prefixes -D_FORTIFY_SOURCE=2 -Wformat -Werror=format-security    -fPIE   -v -o CMakeFiles/cmTC_20566.dir/CMakeCXXCompilerABI.cpp.o -c /usr/share/cmake-3.16/Modules/CMakeCXXCompilerABI.cpp
Android (8075178, based on r437112b) clang version 14.0.1 (https://android.googlesource.com/toolchain/llvm-project 8671348b81b95fc603505dfc881b45103bee1731)
Target: aarch64-none-linux-android21
Thread model: posix
InstalledDir: /home/haicam/toolchain/android-ndk-r24/toolchains/llvm/prebuilt/linux-x86_64/bin
 (in-process)
 "/home/haicam/toolchain/android-ndk-r24/toolchains/llvm/prebuilt/linux-x86_64/bin/clang++" -cc1 -triple aarch64-none-linux-android21 -emit-obj -mrelax-all --mrelax-relocations -mnoexecstack -disable-free -disable-llvm-verifier -discard-value-names -main-file-name CMakeCXXCompilerABI.cpp -mrelocation-model pic -pic-level 2 -pic-is-pie -mframe-pointer=non-leaf -fno-rounding-math -mconstructor-aliases -munwind-tables -target-cpu generic -target-feature +neon -target-abi aapcs -mllvm -aarch64-fix-cortex-a53-835769=1 -fallow-half-arguments-and-returns -debug-info-kind=constructor -dwarf-version=4 -debugger-tuning=gdb -v -ffunction-sections -fdata-sections -fcoverage-compilation-dir=/home/haicam/workspace/golang/box_proj/build/CMakeFiles/CMakeTmp -resource-dir /home/haicam/toolchain/android-ndk-r24/toolchains/llvm/prebuilt/linux-x86_64/lib64/clang/14.0.1 -D ANDROID -D _FORTIFY_SOURCE=2 -isysroot /home/haicam/toolchain/android-ndk-r24/toolchains/llvm/prebuilt/linux-x86_64/sysroot -internal-isystem /home/haicam/toolchain/android-ndk-r24/toolchains/llvm/prebuilt/linux-x86_64/sysroot/usr/include/c++/v1 -internal-isystem /home/haicam/toolchain/android-ndk-r24/toolchains/llvm/prebuilt/linux-x86_64/lib64/clang/14.0.1/include -internal-isystem /home/haicam/toolchain/android-ndk-r24/toolchains/llvm/prebuilt/linux-x86_64/sysroot/usr/local/include -internal-externc-isystem /home/haicam/toolchain/android-ndk-r24/toolchains/llvm/prebuilt/linux-x86_64/sysroot/usr/include/aarch64-linux-android -internal-externc-isystem /home/haicam/toolchain/android-ndk-r24/toolchains/llvm/prebuilt/linux-x86_64/sysroot/include -internal-externc-isystem /home/haicam/toolchain/android-ndk-r24/toolchains/llvm/prebuilt/linux-x86_64/sysroot/usr/include -Wformat -Werror=format-security -fdeprecated-macro -fdebug-compilation-dir=/home/haicam/workspace/golang/box_proj/build/CMakeFiles/CMakeTmp -ferror-limit 19 -stack-protector 2 -fno-signed-char -fgnuc-version=4.2.1 -fcxx-exceptions -fexceptions -target-feature +outline-atomics -D__GCC_HAVE_DWARF2_CFI_ASM=1 -o CMakeFiles/cmTC_20566.dir/CMakeCXXCompilerABI.cpp.o -x c++ /usr/share/cmake-3.16/Modules/CMakeCXXCompilerABI.cpp
clang -cc1 version 14.0.1 based upon LLVM 14.0.1git default target x86_64-unknown-linux-gnu
ignoring nonexistent directory "/home/haicam/toolchain/android-ndk-r24/toolchains/llvm/prebuilt/linux-x86_64/sysroot/include"
#include "..." search starts here:
#include <...> search starts here:
 /home/haicam/toolchain/android-ndk-r24/toolchains/llvm/prebuilt/linux-x86_64/sysroot/usr/include/c++/v1
 /home/haicam/toolchain/android-ndk-r24/toolchains/llvm/prebuilt/linux-x86_64/lib64/clang/14.0.1/include
 /home/haicam/toolchain/android-ndk-r24/toolchains/llvm/prebuilt/linux-x86_64/sysroot/usr/local/include
 /home/haicam/toolchain/android-ndk-r24/toolchains/llvm/prebuilt/linux-x86_64/sysroot/usr/include/aarch64-linux-android
 /home/haicam/toolchain/android-ndk-r24/toolchains/llvm/prebuilt/linux-x86_64/sysroot/usr/include
End of search list.
Linking CXX executable cmTC_20566
/usr/bin/cmake -E cmake_link_script CMakeFiles/cmTC_20566.dir/link.txt --verbose=1
/home/haicam/toolchain/android-ndk-r24/toolchains/llvm/prebuilt/linux-x86_64/bin/clang++ --target=aarch64-none-linux-android21 --sysroot=/home/haicam/toolchain/android-ndk-r24/toolchains/llvm/prebuilt/linux-x86_64/sysroot  -g -DANDROID -fdata-sections -ffunction-sections -funwind-tables -fstack-protector-strong -no-canonical-prefixes -D_FORTIFY_SOURCE=2 -Wformat -Werror=format-security     -static-libstdc++ -Wl,--build-id=sha1 -Wl,--no-rosegment -Wl,--fatal-warnings -Wl,--no-undefined -Qunused-arguments -Wl,--gc-sections  -v CMakeFiles/cmTC_20566.dir/CMakeCXXCompilerABI.cpp.o  -o cmTC_20566 
Android (8075178, based on r437112b) clang version 14.0.1 (https://android.googlesource.com/toolchain/llvm-project 8671348b81b95fc603505dfc881b45103bee1731)
Target: aarch64-none-linux-android21
Thread model: posix
InstalledDir: /home/haicam/toolchain/android-ndk-r24/toolchains/llvm/prebuilt/linux-x86_64/bin
 "/home/haicam/toolchain/android-ndk-r24/toolchains/llvm/prebuilt/linux-x86_64/bin/ld" --sysroot=/home/haicam/toolchain/android-ndk-r24/toolchains/llvm/prebuilt/linux-x86_64/sysroot -pie -z noexecstack -EL --fix-cortex-a53-843419 --warn-shared-textrel -z now -z relro -z max-page-size=4096 --hash-style=gnu --hash-style=both --enable-new-dtags --eh-frame-hdr -m aarch64linux -dynamic-linker /system/bin/linker64 -o cmTC_20566 /home/haicam/toolchain/android-ndk-r24/toolchains/llvm/prebuilt/linux-x86_64/sysroot/usr/lib/aarch64-linux-android/21/crtbegin_dynamic.o -L/home/haicam/toolchain/android-ndk-r24/toolchains/llvm/prebuilt/linux-x86_64/lib64/clang/14.0.1/lib/linux/aarch64 -L/home/haicam/toolchain/android-ndk-r24/toolchains/llvm/prebuilt/linux-x86_64/sysroot/usr/lib/aarch64-linux-android/21 -L/home/haicam/toolchain/android-ndk-r24/toolchains/llvm/prebuilt/linux-x86_64/sysroot/usr/lib/aarch64-linux-android -L/home/haicam/toolchain/android-ndk-r24/toolchains/llvm/prebuilt/linux-x86_64/sysroot/usr/lib --build-id=sha1 --no-rosegment --fatal-warnings --no-undefined --gc-sections CMakeFiles/cmTC_20566.dir/CMakeCXXCompilerABI.cpp.o -Bstatic -lc++ -Bdynamic -lm /home/haicam/toolchain/android-ndk-r24/toolchains/llvm/prebuilt/linux-x86_64/lib64/clang/14.0.1/lib/linux/libclang_rt.builtins-aarch64-android.a -l:libunwind.a -ldl -lc /home/haicam/toolchain/android-ndk-r24/toolchains/llvm/prebuilt/linux-x86_64/lib64/clang/14.0.1/lib/linux/libclang_rt.builtins-aarch64-android.a -l:libunwind.a -ldl /home/haicam/toolchain/android-ndk-r24/toolchains/llvm/prebuilt/linux-x86_64/sysroot/usr/lib/aarch64-linux-android/21/crtend_android.o
make[1]: Leaving directory '/home/haicam/workspace/golang/box_proj/build/CMakeFiles/CMakeTmp'



Parsed CXX implicit include dir info from above output: rv=done
  found start of include info
  found start of implicit include info
    add: [/home/haicam/toolchain/android-ndk-r24/toolchains/llvm/prebuilt/linux-x86_64/sysroot/usr/include/c++/v1]
    add: [/home/haicam/toolchain/android-ndk-r24/toolchains/llvm/prebuilt/linux-x86_64/lib64/clang/14.0.1/include]
    add: [/home/haicam/toolchain/android-ndk-r24/toolchains/llvm/prebuilt/linux-x86_64/sysroot/usr/local/include]
    add: [/home/haicam/toolchain/android-ndk-r24/toolchains/llvm/prebuilt/linux-x86_64/sysroot/usr/include/aarch64-linux-android]
    add: [/home/haicam/toolchain/android-ndk-r24/toolchains/llvm/prebuilt/linux-x86_64/sysroot/usr/include]
  end of search list found
  collapse include dir [/home/haicam/toolchain/android-ndk-r24/toolchains/llvm/prebuilt/linux-x86_64/sysroot/usr/include/c++/v1] ==> [/home/haicam/toolchain/android-ndk-r24/toolchains/llvm/prebuilt/linux-x86_64/sysroot/usr/include/c++/v1]
  collapse include dir [/home/haicam/toolchain/android-ndk-r24/toolchains/llvm/prebuilt/linux-x86_64/lib64/clang/14.0.1/include] ==> [/home/haicam/toolchain/android-ndk-r24/toolchains/llvm/prebuilt/linux-x86_64/lib64/clang/14.0.1/include]
  collapse include dir [/home/haicam/toolchain/android-ndk-r24/toolchains/llvm/prebuilt/linux-x86_64/sysroot/usr/local/include] ==> [/home/haicam/toolchain/android-ndk-r24/toolchains/llvm/prebuilt/linux-x86_64/sysroot/usr/local/include]
  collapse include dir [/home/haicam/toolchain/android-ndk-r24/toolchains/llvm/prebuilt/linux-x86_64/sysroot/usr/include/aarch64-linux-android] ==> [/home/haicam/toolchain/android-ndk-r24/toolchains/llvm/prebuilt/linux-x86_64/sysroot/usr/include/aarch64-linux-android]
  collapse include dir [/home/haicam/toolchain/android-ndk-r24/toolchains/llvm/prebuilt/linux-x86_64/sysroot/usr/include] ==> [/home/haicam/toolchain/android-ndk-r24/toolchains/llvm/prebuilt/linux-x86_64/sysroot/usr/include]
  implicit include dirs: [/home/haicam/toolchain/android-ndk-r24/toolchains/llvm/prebuilt/linux-x86_64/sysroot/usr/include/c++/v1;/home/haicam/toolchain/android-ndk-r24/toolchains/llvm/prebuilt/linux-x86_64/lib64/clang/14.0.1/include;/home/haicam/toolchain/android-ndk-r24/toolchains/llvm/prebuilt/linux-x86_64/sysroot/usr/local/include;/home/haicam/toolchain/android-ndk-r24/toolchains/llvm/prebuilt/linux-x86_64/sysroot/usr/include/aarch64-linux-android;/home/haicam/toolchain/android-ndk-r24/toolchains/llvm/prebuilt/linux-x86_64/sysroot/usr/include]


Parsed CXX implicit link information from above output:
  link line regex: [^( *|.*[/\])(ld\.lld|CMAKE_LINK_STARTFILE-NOTFOUND|([^/\]+-)?ld|collect2)[^/\]*( |$)]
  ignore line: [Change Dir: /home/haicam/workspace/golang/box_proj/build/CMakeFiles/CMakeTmp]
  ignore line: []
  ignore line: [Run Build Command(s):/usr/bin/make cmTC_20566/fast && /usr/bin/make -f CMakeFiles/cmTC_20566.dir/build.make CMakeFiles/cmTC_20566.dir/build]
  ignore line: [make[1]: Entering directory '/home/haicam/workspace/golang/box_proj/build/CMakeFiles/CMakeTmp']
  ignore line: [Building CXX object CMakeFiles/cmTC_20566.dir/CMakeCXXCompilerABI.cpp.o]
  ignore line: [/home/haicam/toolchain/android-ndk-r24/toolchains/llvm/prebuilt/linux-x86_64/bin/clang++ --target=aarch64-none-linux-android21 --sysroot=/home/haicam/toolchain/android-ndk-r24/toolchains/llvm/prebuilt/linux-x86_64/sysroot    -g -DANDROID -fdata-sections -ffunction-sections -funwind-tables -fstack-protector-strong -no-canonical-prefixes -D_FORTIFY_SOURCE=2 -Wformat -Werror=format-security    -fPIE   -v -o CMakeFiles/cmTC_20566.dir/CMakeCXXCompilerABI.cpp.o -c /usr/share/cmake-3.16/Modules/CMakeCXXCompilerABI.cpp]
  ignore line: [Android (8075178  based on r437112b) clang version 14.0.1 (https://android.googlesource.com/toolchain/llvm-project 8671348b81b95fc603505dfc881b45103bee1731)]
  ignore line: [Target: aarch64-none-linux-android21]
  ignore line: [Thread model: posix]
  ignore line: [InstalledDir: /home/haicam/toolchain/android-ndk-r24/toolchains/llvm/prebuilt/linux-x86_64/bin]
  ignore line: [ (in-process)]
  ignore line: [ "/home/haicam/toolchain/android-ndk-r24/toolchains/llvm/prebuilt/linux-x86_64/bin/clang++" -cc1 -triple aarch64-none-linux-android21 -emit-obj -mrelax-all --mrelax-relocations -mnoexecstack -disable-free -disable-llvm-verifier -discard-value-names -main-file-name CMakeCXXCompilerABI.cpp -mrelocation-model pic -pic-level 2 -pic-is-pie -mframe-pointer=non-leaf -fno-rounding-math -mconstructor-aliases -munwind-tables -target-cpu generic -target-feature +neon -target-abi aapcs -mllvm -aarch64-fix-cortex-a53-835769=1 -fallow-half-arguments-and-returns -debug-info-kind=constructor -dwarf-version=4 -debugger-tuning=gdb -v -ffunction-sections -fdata-sections -fcoverage-compilation-dir=/home/haicam/workspace/golang/box_proj/build/CMakeFiles/CMakeTmp -resource-dir /home/haicam/toolchain/android-ndk-r24/toolchains/llvm/prebuilt/linux-x86_64/lib64/clang/14.0.1 -D ANDROID -D _FORTIFY_SOURCE=2 -isysroot /home/haicam/toolchain/android-ndk-r24/toolchains/llvm/prebuilt/linux-x86_64/sysroot -internal-isystem /home/haicam/toolchain/android-ndk-r24/toolchains/llvm/prebuilt/linux-x86_64/sysroot/usr/include/c++/v1 -internal-isystem /home/haicam/toolchain/android-ndk-r24/toolchains/llvm/prebuilt/linux-x86_64/lib64/clang/14.0.1/include -internal-isystem /home/haicam/toolchain/android-ndk-r24/toolchains/llvm/prebuilt/linux-x86_64/sysroot/usr/local/include -internal-externc-isystem /home/haicam/toolchain/android-ndk-r24/toolchains/llvm/prebuilt/linux-x86_64/sysroot/usr/include/aarch64-linux-android -internal-externc-isystem /home/haicam/toolchain/android-ndk-r24/toolchains/llvm/prebuilt/linux-x86_64/sysroot/include -internal-externc-isystem /home/haicam/toolchain/android-ndk-r24/toolchains/llvm/prebuilt/linux-x86_64/sysroot/usr/include -Wformat -Werror=format-security -fdeprecated-macro -fdebug-compilation-dir=/home/haicam/workspace/golang/box_proj/build/CMakeFiles/CMakeTmp -ferror-limit 19 -stack-protector 2 -fno-signed-char -fgnuc-version=4.2.1 -fcxx-exceptions -fexceptions -target-feature +outline-atomics -D__GCC_HAVE_DWARF2_CFI_ASM=1 -o CMakeFiles/cmTC_20566.dir/CMakeCXXCompilerABI.cpp.o -x c++ /usr/share/cmake-3.16/Modules/CMakeCXXCompilerABI.cpp]
  ignore line: [clang -cc1 version 14.0.1 based upon LLVM 14.0.1git default target x86_64-unknown-linux-gnu]
  ignore line: [ignoring nonexistent directory "/home/haicam/toolchain/android-ndk-r24/toolchains/llvm/prebuilt/linux-x86_64/sysroot/include"]
  ignore line: [#include "..." search starts here:]
  ignore line: [#include <...> search starts here:]
  ignore line: [ /home/haicam/toolchain/android-ndk-r24/toolchains/llvm/prebuilt/linux-x86_64/sysroot/usr/include/c++/v1]
  ignore line: [ /home/haicam/toolchain/android-ndk-r24/toolchains/llvm/prebuilt/linux-x86_64/lib64/clang/14.0.1/include]
  ignore line: [ /home/haicam/toolchain/android-ndk-r24/toolchains/llvm/prebuilt/linux-x86_64/sysroot/usr/local/include]
  ignore line: [ /home/haicam/toolchain/android-ndk-r24/toolchains/llvm/prebuilt/linux-x86_64/sysroot/usr/include/aarch64-linux-android]
  ignore line: [ /home/haicam/toolchain/android-ndk-r24/toolchains/llvm/prebuilt/linux-x86_64/sysroot/usr/include]
  ignore line: [End of search list.]
  ignore line: [Linking CXX executable cmTC_20566]
  ignore line: [/usr/bin/cmake -E cmake_link_script CMakeFiles/cmTC_20566.dir/link.txt --verbose=1]
  ignore line: [/home/haicam/toolchain/android-ndk-r24/toolchains/llvm/prebuilt/linux-x86_64/bin/clang++ --target=aarch64-none-linux-android21 --sysroot=/home/haicam/toolchain/android-ndk-r24/toolchains/llvm/prebuilt/linux-x86_64/sysroot  -g -DANDROID -fdata-sections -ffunction-sections -funwind-tables -fstack-protector-strong -no-canonical-prefixes -D_FORTIFY_SOURCE=2 -Wformat -Werror=format-security     -static-libstdc++ -Wl --build-id=sha1 -Wl --no-rosegment -Wl --fatal-warnings -Wl --no-undefined -Qunused-arguments -Wl --gc-sections  -v CMakeFiles/cmTC_20566.dir/CMakeCXXCompilerABI.cpp.o  -o cmTC_20566 ]
  ignore line: [Android (8075178  based on r437112b) clang version 14.0.1 (https://android.googlesource.com/toolchain/llvm-project 8671348b81b95fc603505dfc881b45103bee1731)]
  ignore line: [Target: aarch64-none-linux-android21]
  ignore line: [Thread model: posix]
  ignore line: [InstalledDir: /home/haicam/toolchain/android-ndk-r24/toolchains/llvm/prebuilt/linux-x86_64/bin]
  link line: [ "/home/haicam/toolchain/android-ndk-r24/toolchains/llvm/prebuilt/linux-x86_64/bin/ld" --sysroot=/home/haicam/toolchain/android-ndk-r24/toolchains/llvm/prebuilt/linux-x86_64/sysroot -pie -z noexecstack -EL --fix-cortex-a53-843419 --warn-shared-textrel -z now -z relro -z max-page-size=4096 --hash-style=gnu --hash-style=both --enable-new-dtags --eh-frame-hdr -m aarch64linux -dynamic-linker /system/bin/linker64 -o cmTC_20566 /home/haicam/toolchain/android-ndk-r24/toolchains/llvm/prebuilt/linux-x86_64/sysroot/usr/lib/aarch64-linux-android/21/crtbegin_dynamic.o -L/home/haicam/toolchain/android-ndk-r24/toolchains/llvm/prebuilt/linux-x86_64/lib64/clang/14.0.1/lib/linux/aarch64 -L/home/haicam/toolchain/android-ndk-r24/toolchains/llvm/prebuilt/linux-x86_64/sysroot/usr/lib/aarch64-linux-android/21 -L/home/haicam/toolchain/android-ndk-r24/toolchains/llvm/prebuilt/linux-x86_64/sysroot/usr/lib/aarch64-linux-android -L/home/haicam/toolchain/android-ndk-r24/toolchains/llvm/prebuilt/linux-x86_64/sysroot/usr/lib --build-id=sha1 --no-rosegment --fatal-warnings --no-undefined --gc-sections CMakeFiles/cmTC_20566.dir/CMakeCXXCompilerABI.cpp.o -Bstatic -lc++ -Bdynamic -lm /home/haicam/toolchain/android-ndk-r24/toolchains/llvm/prebuilt/linux-x86_64/lib64/clang/14.0.1/lib/linux/libclang_rt.builtins-aarch64-android.a -l:libunwind.a -ldl -lc /home/haicam/toolchain/android-ndk-r24/toolchains/llvm/prebuilt/linux-x86_64/lib64/clang/14.0.1/lib/linux/libclang_rt.builtins-aarch64-android.a -l:libunwind.a -ldl /home/haicam/toolchain/android-ndk-r24/toolchains/llvm/prebuilt/linux-x86_64/sysroot/usr/lib/aarch64-linux-android/21/crtend_android.o]
    arg [/home/haicam/toolchain/android-ndk-r24/toolchains/llvm/prebuilt/linux-x86_64/bin/ld] ==> ignore
    arg [--sysroot=/home/haicam/toolchain/android-ndk-r24/toolchains/llvm/prebuilt/linux-x86_64/sysroot] ==> ignore
    arg [-pie] ==> ignore
    arg [-znoexecstack] ==> ignore
    arg [-EL] ==> ignore
    arg [--fix-cortex-a53-843419] ==> ignore
    arg [--warn-shared-textrel] ==> ignore
    arg [-znow] ==> ignore
    arg [-zrelro] ==> ignore
    arg [-zmax-page-size=4096] ==> ignore
    arg [--hash-style=gnu] ==> ignore
    arg [--hash-style=both] ==> ignore
    arg [--enable-new-dtags] ==> ignore
    arg [--eh-frame-hdr] ==> ignore
    arg [-m] ==> ignore
    arg [aarch64linux] ==> ignore
    arg [-dynamic-linker] ==> ignore
    arg [/system/bin/linker64] ==> ignore
    arg [-o] ==> ignore
    arg [cmTC_20566] ==> ignore
    arg [/home/haicam/toolchain/android-ndk-r24/toolchains/llvm/prebuilt/linux-x86_64/sysroot/usr/lib/aarch64-linux-android/21/crtbegin_dynamic.o] ==> ignore
    arg [-L/home/haicam/toolchain/android-ndk-r24/toolchains/llvm/prebuilt/linux-x86_64/lib64/clang/14.0.1/lib/linux/aarch64] ==> dir [/home/haicam/toolchain/android-ndk-r24/toolchains/llvm/prebuilt/linux-x86_64/lib64/clang/14.0.1/lib/linux/aarch64]
    arg [-L/home/haicam/toolchain/android-ndk-r24/toolchains/llvm/prebuilt/linux-x86_64/sysroot/usr/lib/aarch64-linux-android/21] ==> dir [/home/haicam/toolchain/android-ndk-r24/toolchains/llvm/prebuilt/linux-x86_64/sysroot/usr/lib/aarch64-linux-android/21]
    arg [-L/home/haicam/toolchain/android-ndk-r24/toolchains/llvm/prebuilt/linux-x86_64/sysroot/usr/lib/aarch64-linux-android] ==> dir [/home/haicam/toolchain/android-ndk-r24/toolchains/llvm/prebuilt/linux-x86_64/sysroot/usr/lib/aarch64-linux-android]
    arg [-L/home/haicam/toolchain/android-ndk-r24/toolchains/llvm/prebuilt/linux-x86_64/sysroot/usr/lib] ==> dir [/home/haicam/toolchain/android-ndk-r24/toolchains/llvm/prebuilt/linux-x86_64/sysroot/usr/lib]
    arg [--build-id=sha1] ==> ignore
    arg [--no-rosegment] ==> ignore
    arg [--fatal-warnings] ==> ignore
    arg [--no-undefined] ==> ignore
    arg [--gc-sections] ==> ignore
    arg [CMakeFiles/cmTC_20566.dir/CMakeCXXCompilerABI.cpp.o] ==> ignore
    arg [-Bstatic] ==> ignore
    arg [-lc++] ==> lib [c++]
    arg [-Bdynamic] ==> ignore
    arg [-lm] ==> lib [m]
    arg [/home/haicam/toolchain/android-ndk-r24/toolchains/llvm/prebuilt/linux-x86_64/lib64/clang/14.0.1/lib/linux/libclang_rt.builtins-aarch64-android.a] ==> lib [/home/haicam/toolchain/android-ndk-r24/toolchains/llvm/prebuilt/linux-x86_64/lib64/clang/14.0.1/lib/linux/libclang_rt.builtins-aarch64-android.a]
    arg [-l:libunwind.a] ==> lib [-l:libunwind.a]
    arg [-ldl] ==> lib [dl]
    arg [-lc] ==> lib [c]
    arg [/home/haicam/toolchain/android-ndk-r24/toolchains/llvm/prebuilt/linux-x86_64/lib64/clang/14.0.1/lib/linux/libclang_rt.builtins-aarch64-android.a] ==> lib [/home/haicam/toolchain/android-ndk-r24/toolchains/llvm/prebuilt/linux-x86_64/lib64/clang/14.0.1/lib/linux/libclang_rt.builtins-aarch64-android.a]
    arg [-l:libunwind.a] ==> lib [-l:libunwind.a]
    arg [-ldl] ==> lib [dl]
    arg [/home/haicam/toolchain/android-ndk-r24/toolchains/llvm/prebuilt/linux-x86_64/sysroot/usr/lib/aarch64-linux-android/21/crtend_android.o] ==> ignore
  remove lib [/home/haicam/toolchain/android-ndk-r24/toolchains/llvm/prebuilt/linux-x86_64/lib64/clang/14.0.1/lib/linux/libclang_rt.builtins-aarch64-android.a]
  remove lib [/home/haicam/toolchain/android-ndk-r24/toolchains/llvm/prebuilt/linux-x86_64/lib64/clang/14.0.1/lib/linux/libclang_rt.builtins-aarch64-android.a]
  collapse library dir [/home/haicam/toolchain/android-ndk-r24/toolchains/llvm/prebuilt/linux-x86_64/lib64/clang/14.0.1/lib/linux/aarch64] ==> [/home/haicam/toolchain/android-ndk-r24/toolchains/llvm/prebuilt/linux-x86_64/lib64/clang/14.0.1/lib/linux/aarch64]
  collapse library dir [/home/haicam/toolchain/android-ndk-r24/toolchains/llvm/prebuilt/linux-x86_64/sysroot/usr/lib/aarch64-linux-android/21] ==> [/home/haicam/toolchain/android-ndk-r24/toolchains/llvm/prebuilt/linux-x86_64/sysroot/usr/lib/aarch64-linux-android/21]
  collapse library dir [/home/haicam/toolchain/android-ndk-r24/toolchains/llvm/prebuilt/linux-x86_64/sysroot/usr/lib/aarch64-linux-android] ==> [/home/haicam/toolchain/android-ndk-r24/toolchains/llvm/prebuilt/linux-x86_64/sysroot/usr/lib/aarch64-linux-android]
  collapse library dir [/home/haicam/toolchain/android-ndk-r24/toolchains/llvm/prebuilt/linux-x86_64/sysroot/usr/lib] ==> [/home/haicam/toolchain/android-ndk-r24/toolchains/llvm/prebuilt/linux-x86_64/sysroot/usr/lib]
  implicit libs: [c++;m;-l:libunwind.a;dl;c;-l:libunwind.a;dl]
  implicit dirs: [/home/haicam/toolchain/android-ndk-r24/toolchains/llvm/prebuilt/linux-x86_64/lib64/clang/14.0.1/lib/linux/aarch64;/home/haicam/toolchain/android-ndk-r24/toolchains/llvm/prebuilt/linux-x86_64/sysroot/usr/lib/aarch64-linux-android/21;/home/haicam/toolchain/android-ndk-r24/toolchains/llvm/prebuilt/linux-x86_64/sysroot/usr/lib/aarch64-linux-android;/home/haicam/toolchain/android-ndk-r24/toolchains/llvm/prebuilt/linux-x86_64/sysroot/usr/lib]
  implicit fwks: []


