The target system is: Linux -  - 
The host system is: Linux - 5.15.0-27-generic - x86_64
Compiling the C compiler identification source file "CMakeCCompilerId.c" succeeded.
Compiler: /home/haicam/toolchain/gcc-linaro-7.5.0-2019.12-x86_64_arm-linux-gnueabi/bin/arm-linux-gnueabi-gcc 
Build flags: 
Id flags:  

The output was:
0


Compilation of the C compiler identification source "CMakeCCompilerId.c" produced "a.out"

The C compiler identification is GNU, found in "/home/haicam/workspace/build/output/rpi/armv7/generic/CMakeFiles/3.16.3/CompilerIdC/a.out"

Compiling the CXX compiler identification source file "CMakeCXXCompilerId.cpp" succeeded.
Compiler: /home/haicam/toolchain/gcc-linaro-7.5.0-2019.12-x86_64_arm-linux-gnueabi/bin/arm-linux-gnueabi-g++ 
Build flags: 
Id flags:  

The output was:
0


Compilation of the CXX compiler identification source "CMakeCXXCompilerId.cpp" produced "a.out"

The CXX compiler identification is GNU, found in "/home/haicam/workspace/build/output/rpi/armv7/generic/CMakeFiles/3.16.3/CompilerIdCXX/a.out"

Determining if the C compiler works passed with the following output:
Change Dir: /home/haicam/workspace/build/output/rpi/armv7/generic/CMakeFiles/CMakeTmp

Run Build Command(s):/usr/bin/make cmTC_9e328/fast && /usr/bin/make -f CMakeFiles/cmTC_9e328.dir/build.make CMakeFiles/cmTC_9e328.dir/build
make[1]: Entering directory '/home/haicam/workspace/build/output/rpi/armv7/generic/CMakeFiles/CMakeTmp'
Building C object CMakeFiles/cmTC_9e328.dir/testCCompiler.c.o
/home/haicam/toolchain/gcc-linaro-7.5.0-2019.12-x86_64_arm-linux-gnueabi/bin/arm-linux-gnueabi-gcc    -o CMakeFiles/cmTC_9e328.dir/testCCompiler.c.o   -c /home/haicam/workspace/build/output/rpi/armv7/generic/CMakeFiles/CMakeTmp/testCCompiler.c
Linking C executable cmTC_9e328
/usr/bin/cmake -E cmake_link_script CMakeFiles/cmTC_9e328.dir/link.txt --verbose=1
/home/haicam/toolchain/gcc-linaro-7.5.0-2019.12-x86_64_arm-linux-gnueabi/bin/arm-linux-gnueabi-gcc      CMakeFiles/cmTC_9e328.dir/testCCompiler.c.o  -o cmTC_9e328 
make[1]: Leaving directory '/home/haicam/workspace/build/output/rpi/armv7/generic/CMakeFiles/CMakeTmp'



Detecting C compiler ABI info compiled with the following output:
Change Dir: /home/haicam/workspace/build/output/rpi/armv7/generic/CMakeFiles/CMakeTmp

Run Build Command(s):/usr/bin/make cmTC_46b41/fast && /usr/bin/make -f CMakeFiles/cmTC_46b41.dir/build.make CMakeFiles/cmTC_46b41.dir/build
make[1]: Entering directory '/home/haicam/workspace/build/output/rpi/armv7/generic/CMakeFiles/CMakeTmp'
Building C object CMakeFiles/cmTC_46b41.dir/CMakeCCompilerABI.c.o
/home/haicam/toolchain/gcc-linaro-7.5.0-2019.12-x86_64_arm-linux-gnueabi/bin/arm-linux-gnueabi-gcc   -v -o CMakeFiles/cmTC_46b41.dir/CMakeCCompilerABI.c.o   -c /usr/share/cmake-3.16/Modules/CMakeCCompilerABI.c
Using built-in specs.
COLLECT_GCC=/home/haicam/toolchain/gcc-linaro-7.5.0-2019.12-x86_64_arm-linux-gnueabi/bin/arm-linux-gnueabi-gcc
Target: arm-linux-gnueabi
Configured with: '/home/tcwg-buildslave/workspace/tcwg-make-release_0/snapshots/gcc.git~linaro-7.5-2019.12/configure' SHELL=/bin/bash --with-mpc=/home/tcwg-buildslave/workspace/tcwg-make-release_0/_build/builds/destdir/x86_64-unknown-linux-gnu --with-mpfr=/home/tcwg-buildslave/workspace/tcwg-make-release_0/_build/builds/destdir/x86_64-unknown-linux-gnu --with-gmp=/home/tcwg-buildslave/workspace/tcwg-make-release_0/_build/builds/destdir/x86_64-unknown-linux-gnu --with-gnu-as --with-gnu-ld --disable-libmudflap --enable-lto --enable-shared --without-included-gettext --enable-nls --with-system-zlib --disable-sjlj-exceptions --enable-gnu-unique-object --enable-linker-build-id --disable-libstdcxx-pch --enable-c99 --enable-clocale=gnu --enable-libstdcxx-debug --enable-long-long --with-cloog=no --with-ppl=no --with-isl=no --disable-multilib --with-float=soft --with-mode=thumb --with-tune=cortex-a9 --with-arch=armv7-a --enable-threads=posix --enable-multiarch --enable-libstdcxx-time=yes --enable-gnu-indirect-function --with-build-sysroot=/home/tcwg-buildslave/workspace/tcwg-make-release_0/_build/sysroots/arm-linux-gnueabi --with-sysroot=/home/tcwg-buildslave/workspace/tcwg-make-release_0/_build/builds/destdir/x86_64-unknown-linux-gnu/arm-linux-gnueabi/libc --enable-checking=release --disable-bootstrap --enable-languages=c,c++,fortran,lto --build=x86_64-unknown-linux-gnu --host=x86_64-unknown-linux-gnu --target=arm-linux-gnueabi --prefix=/home/tcwg-buildslave/workspace/tcwg-make-release_0/_build/builds/destdir/x86_64-unknown-linux-gnu
Thread model: posix
gcc version 7.5.0 (Linaro GCC 7.5-2019.12) 
COLLECT_GCC_OPTIONS='-v' '-o' 'CMakeFiles/cmTC_46b41.dir/CMakeCCompilerABI.c.o' '-c' '-march=armv7-a' '-mtune=cortex-a9' '-mfloat-abi=soft' '-mthumb' '-mtls-dialect=gnu'
 /home/haicam/toolchain/gcc-linaro-7.5.0-2019.12-x86_64_arm-linux-gnueabi/bin/../libexec/gcc/arm-linux-gnueabi/7.5.0/cc1 -quiet -v -imultilib . -imultiarch arm-linux-gnueabi -iprefix /home/haicam/toolchain/gcc-linaro-7.5.0-2019.12-x86_64_arm-linux-gnueabi/bin/../lib/gcc/arm-linux-gnueabi/7.5.0/ -isysroot /home/haicam/toolchain/gcc-linaro-7.5.0-2019.12-x86_64_arm-linux-gnueabi/bin/../arm-linux-gnueabi/libc /usr/share/cmake-3.16/Modules/CMakeCCompilerABI.c -quiet -dumpbase CMakeCCompilerABI.c -march=armv7-a -mtune=cortex-a9 -mfloat-abi=soft -mthumb -mtls-dialect=gnu -auxbase-strip CMakeFiles/cmTC_46b41.dir/CMakeCCompilerABI.c.o -version -o /tmp/cckWr4n5.s
GNU C11 (Linaro GCC 7.5-2019.12) version 7.5.0 (arm-linux-gnueabi)
	compiled by GNU C version 4.8.4, GMP version 6.1.2, MPFR version 3.1.5, MPC version 1.0.3, isl version none
GGC heuristics: --param ggc-min-expand=100 --param ggc-min-heapsize=131072
ignoring duplicate directory "/home/haicam/toolchain/gcc-linaro-7.5.0-2019.12-x86_64_arm-linux-gnueabi/bin/../lib/gcc/../../lib/gcc/arm-linux-gnueabi/7.5.0/include"
ignoring nonexistent directory "/home/haicam/toolchain/gcc-linaro-7.5.0-2019.12-x86_64_arm-linux-gnueabi/bin/../arm-linux-gnueabi/libc/usr/local/include/arm-linux-gnueabi"
ignoring nonexistent directory "/home/haicam/toolchain/gcc-linaro-7.5.0-2019.12-x86_64_arm-linux-gnueabi/bin/../arm-linux-gnueabi/libc/usr/local/include"
ignoring duplicate directory "/home/haicam/toolchain/gcc-linaro-7.5.0-2019.12-x86_64_arm-linux-gnueabi/bin/../lib/gcc/../../lib/gcc/arm-linux-gnueabi/7.5.0/include-fixed"
ignoring duplicate directory "/home/haicam/toolchain/gcc-linaro-7.5.0-2019.12-x86_64_arm-linux-gnueabi/bin/../lib/gcc/../../lib/gcc/arm-linux-gnueabi/7.5.0/../../../../arm-linux-gnueabi/include"
ignoring nonexistent directory "/home/haicam/toolchain/gcc-linaro-7.5.0-2019.12-x86_64_arm-linux-gnueabi/bin/../arm-linux-gnueabi/libc/usr/include/arm-linux-gnueabi"
#include "..." search starts here:
#include <...> search starts here:
 /home/haicam/toolchain/gcc-linaro-7.5.0-2019.12-x86_64_arm-linux-gnueabi/bin/../lib/gcc/arm-linux-gnueabi/7.5.0/include
 /home/haicam/toolchain/gcc-linaro-7.5.0-2019.12-x86_64_arm-linux-gnueabi/bin/../lib/gcc/arm-linux-gnueabi/7.5.0/include-fixed
 /home/haicam/toolchain/gcc-linaro-7.5.0-2019.12-x86_64_arm-linux-gnueabi/bin/../lib/gcc/arm-linux-gnueabi/7.5.0/../../../../arm-linux-gnueabi/include
 /home/haicam/toolchain/gcc-linaro-7.5.0-2019.12-x86_64_arm-linux-gnueabi/bin/../arm-linux-gnueabi/libc/usr/include
End of search list.
GNU C11 (Linaro GCC 7.5-2019.12) version 7.5.0 (arm-linux-gnueabi)
	compiled by GNU C version 4.8.4, GMP version 6.1.2, MPFR version 3.1.5, MPC version 1.0.3, isl version none
GGC heuristics: --param ggc-min-expand=100 --param ggc-min-heapsize=131072
Compiler executable checksum: 1c5f43be74972558d3c93b81bb5783b2
COLLECT_GCC_OPTIONS='-v' '-o' 'CMakeFiles/cmTC_46b41.dir/CMakeCCompilerABI.c.o' '-c' '-march=armv7-a' '-mtune=cortex-a9' '-mfloat-abi=soft' '-mthumb' '-mtls-dialect=gnu'
 /home/haicam/toolchain/gcc-linaro-7.5.0-2019.12-x86_64_arm-linux-gnueabi/bin/../lib/gcc/arm-linux-gnueabi/7.5.0/../../../../arm-linux-gnueabi/bin/as -v -march=armv7-a -mfloat-abi=soft -meabi=5 -o CMakeFiles/cmTC_46b41.dir/CMakeCCompilerABI.c.o /tmp/cckWr4n5.s
GNU assembler version 2.28.2 (arm-linux-gnueabi) using BFD version (Linaro_Binutils-2019.12) 2.28.2.20170706
COMPILER_PATH=/home/haicam/toolchain/gcc-linaro-7.5.0-2019.12-x86_64_arm-linux-gnueabi/bin/../libexec/gcc/arm-linux-gnueabi/7.5.0/:/home/haicam/toolchain/gcc-linaro-7.5.0-2019.12-x86_64_arm-linux-gnueabi/bin/../libexec/gcc/arm-linux-gnueabi/:/home/haicam/toolchain/gcc-linaro-7.5.0-2019.12-x86_64_arm-linux-gnueabi/bin/../libexec/gcc/:/home/haicam/toolchain/gcc-linaro-7.5.0-2019.12-x86_64_arm-linux-gnueabi/bin/../lib/gcc/arm-linux-gnueabi/7.5.0/../../../../arm-linux-gnueabi/bin/
LIBRARY_PATH=/home/haicam/toolchain/gcc-linaro-7.5.0-2019.12-x86_64_arm-linux-gnueabi/bin/../lib/gcc/arm-linux-gnueabi/7.5.0/:/home/haicam/toolchain/gcc-linaro-7.5.0-2019.12-x86_64_arm-linux-gnueabi/bin/../lib/gcc/arm-linux-gnueabi/:/home/haicam/toolchain/gcc-linaro-7.5.0-2019.12-x86_64_arm-linux-gnueabi/bin/../lib/gcc/:/home/haicam/toolchain/gcc-linaro-7.5.0-2019.12-x86_64_arm-linux-gnueabi/bin/../lib/gcc/arm-linux-gnueabi/7.5.0/../../../../arm-linux-gnueabi/lib/:/home/haicam/toolchain/gcc-linaro-7.5.0-2019.12-x86_64_arm-linux-gnueabi/bin/../arm-linux-gnueabi/libc/lib/:/home/haicam/toolchain/gcc-linaro-7.5.0-2019.12-x86_64_arm-linux-gnueabi/bin/../arm-linux-gnueabi/libc/usr/lib/
COLLECT_GCC_OPTIONS='-v' '-o' 'CMakeFiles/cmTC_46b41.dir/CMakeCCompilerABI.c.o' '-c' '-march=armv7-a' '-mtune=cortex-a9' '-mfloat-abi=soft' '-mthumb' '-mtls-dialect=gnu'
Linking C executable cmTC_46b41
/usr/bin/cmake -E cmake_link_script CMakeFiles/cmTC_46b41.dir/link.txt --verbose=1
/home/haicam/toolchain/gcc-linaro-7.5.0-2019.12-x86_64_arm-linux-gnueabi/bin/arm-linux-gnueabi-gcc     -v CMakeFiles/cmTC_46b41.dir/CMakeCCompilerABI.c.o  -o cmTC_46b41 
Using built-in specs.
COLLECT_GCC=/home/haicam/toolchain/gcc-linaro-7.5.0-2019.12-x86_64_arm-linux-gnueabi/bin/arm-linux-gnueabi-gcc
COLLECT_LTO_WRAPPER=/home/haicam/toolchain/gcc-linaro-7.5.0-2019.12-x86_64_arm-linux-gnueabi/bin/../libexec/gcc/arm-linux-gnueabi/7.5.0/lto-wrapper
Target: arm-linux-gnueabi
Configured with: '/home/tcwg-buildslave/workspace/tcwg-make-release_0/snapshots/gcc.git~linaro-7.5-2019.12/configure' SHELL=/bin/bash --with-mpc=/home/tcwg-buildslave/workspace/tcwg-make-release_0/_build/builds/destdir/x86_64-unknown-linux-gnu --with-mpfr=/home/tcwg-buildslave/workspace/tcwg-make-release_0/_build/builds/destdir/x86_64-unknown-linux-gnu --with-gmp=/home/tcwg-buildslave/workspace/tcwg-make-release_0/_build/builds/destdir/x86_64-unknown-linux-gnu --with-gnu-as --with-gnu-ld --disable-libmudflap --enable-lto --enable-shared --without-included-gettext --enable-nls --with-system-zlib --disable-sjlj-exceptions --enable-gnu-unique-object --enable-linker-build-id --disable-libstdcxx-pch --enable-c99 --enable-clocale=gnu --enable-libstdcxx-debug --enable-long-long --with-cloog=no --with-ppl=no --with-isl=no --disable-multilib --with-float=soft --with-mode=thumb --with-tune=cortex-a9 --with-arch=armv7-a --enable-threads=posix --enable-multiarch --enable-libstdcxx-time=yes --enable-gnu-indirect-function --with-build-sysroot=/home/tcwg-buildslave/workspace/tcwg-make-release_0/_build/sysroots/arm-linux-gnueabi --with-sysroot=/home/tcwg-buildslave/workspace/tcwg-make-release_0/_build/builds/destdir/x86_64-unknown-linux-gnu/arm-linux-gnueabi/libc --enable-checking=release --disable-bootstrap --enable-languages=c,c++,fortran,lto --build=x86_64-unknown-linux-gnu --host=x86_64-unknown-linux-gnu --target=arm-linux-gnueabi --prefix=/home/tcwg-buildslave/workspace/tcwg-make-release_0/_build/builds/destdir/x86_64-unknown-linux-gnu
Thread model: posix
gcc version 7.5.0 (Linaro GCC 7.5-2019.12) 
COMPILER_PATH=/home/haicam/toolchain/gcc-linaro-7.5.0-2019.12-x86_64_arm-linux-gnueabi/bin/../libexec/gcc/arm-linux-gnueabi/7.5.0/:/home/haicam/toolchain/gcc-linaro-7.5.0-2019.12-x86_64_arm-linux-gnueabi/bin/../libexec/gcc/arm-linux-gnueabi/:/home/haicam/toolchain/gcc-linaro-7.5.0-2019.12-x86_64_arm-linux-gnueabi/bin/../libexec/gcc/:/home/haicam/toolchain/gcc-linaro-7.5.0-2019.12-x86_64_arm-linux-gnueabi/bin/../lib/gcc/arm-linux-gnueabi/7.5.0/../../../../arm-linux-gnueabi/bin/
LIBRARY_PATH=/home/haicam/toolchain/gcc-linaro-7.5.0-2019.12-x86_64_arm-linux-gnueabi/bin/../lib/gcc/arm-linux-gnueabi/7.5.0/:/home/haicam/toolchain/gcc-linaro-7.5.0-2019.12-x86_64_arm-linux-gnueabi/bin/../lib/gcc/arm-linux-gnueabi/:/home/haicam/toolchain/gcc-linaro-7.5.0-2019.12-x86_64_arm-linux-gnueabi/bin/../lib/gcc/:/home/haicam/toolchain/gcc-linaro-7.5.0-2019.12-x86_64_arm-linux-gnueabi/bin/../lib/gcc/arm-linux-gnueabi/7.5.0/../../../../arm-linux-gnueabi/lib/:/home/haicam/toolchain/gcc-linaro-7.5.0-2019.12-x86_64_arm-linux-gnueabi/bin/../arm-linux-gnueabi/libc/lib/:/home/haicam/toolchain/gcc-linaro-7.5.0-2019.12-x86_64_arm-linux-gnueabi/bin/../arm-linux-gnueabi/libc/usr/lib/
COLLECT_GCC_OPTIONS='-v' '-o' 'cmTC_46b41' '-march=armv7-a' '-mtune=cortex-a9' '-mfloat-abi=soft' '-mthumb' '-mtls-dialect=gnu'
 /home/haicam/toolchain/gcc-linaro-7.5.0-2019.12-x86_64_arm-linux-gnueabi/bin/../libexec/gcc/arm-linux-gnueabi/7.5.0/collect2 -plugin /home/haicam/toolchain/gcc-linaro-7.5.0-2019.12-x86_64_arm-linux-gnueabi/bin/../libexec/gcc/arm-linux-gnueabi/7.5.0/liblto_plugin.so -plugin-opt=/home/haicam/toolchain/gcc-linaro-7.5.0-2019.12-x86_64_arm-linux-gnueabi/bin/../libexec/gcc/arm-linux-gnueabi/7.5.0/lto-wrapper -plugin-opt=-fresolution=/tmp/ccdG03Fy.res -plugin-opt=-pass-through=-lgcc -plugin-opt=-pass-through=-lgcc_s -plugin-opt=-pass-through=-lc -plugin-opt=-pass-through=-lgcc -plugin-opt=-pass-through=-lgcc_s --sysroot=/home/haicam/toolchain/gcc-linaro-7.5.0-2019.12-x86_64_arm-linux-gnueabi/bin/../arm-linux-gnueabi/libc --build-id --eh-frame-hdr -dynamic-linker /lib/ld-linux.so.3 -X -m armelf_linux_eabi -o cmTC_46b41 /home/haicam/toolchain/gcc-linaro-7.5.0-2019.12-x86_64_arm-linux-gnueabi/bin/../arm-linux-gnueabi/libc/usr/lib/crt1.o /home/haicam/toolchain/gcc-linaro-7.5.0-2019.12-x86_64_arm-linux-gnueabi/bin/../arm-linux-gnueabi/libc/usr/lib/crti.o /home/haicam/toolchain/gcc-linaro-7.5.0-2019.12-x86_64_arm-linux-gnueabi/bin/../lib/gcc/arm-linux-gnueabi/7.5.0/crtbegin.o -L/home/haicam/toolchain/gcc-linaro-7.5.0-2019.12-x86_64_arm-linux-gnueabi/bin/../lib/gcc/arm-linux-gnueabi/7.5.0 -L/home/haicam/toolchain/gcc-linaro-7.5.0-2019.12-x86_64_arm-linux-gnueabi/bin/../lib/gcc/arm-linux-gnueabi -L/home/haicam/toolchain/gcc-linaro-7.5.0-2019.12-x86_64_arm-linux-gnueabi/bin/../lib/gcc -L/home/haicam/toolchain/gcc-linaro-7.5.0-2019.12-x86_64_arm-linux-gnueabi/bin/../lib/gcc/arm-linux-gnueabi/7.5.0/../../../../arm-linux-gnueabi/lib -L/home/haicam/toolchain/gcc-linaro-7.5.0-2019.12-x86_64_arm-linux-gnueabi/bin/../arm-linux-gnueabi/libc/lib -L/home/haicam/toolchain/gcc-linaro-7.5.0-2019.12-x86_64_arm-linux-gnueabi/bin/../arm-linux-gnueabi/libc/usr/lib CMakeFiles/cmTC_46b41.dir/CMakeCCompilerABI.c.o -lgcc --as-needed -lgcc_s --no-as-needed -lc -lgcc --as-needed -lgcc_s --no-as-needed /home/haicam/toolchain/gcc-linaro-7.5.0-2019.12-x86_64_arm-linux-gnueabi/bin/../lib/gcc/arm-linux-gnueabi/7.5.0/crtend.o /home/haicam/toolchain/gcc-linaro-7.5.0-2019.12-x86_64_arm-linux-gnueabi/bin/../arm-linux-gnueabi/libc/usr/lib/crtn.o
COLLECT_GCC_OPTIONS='-v' '-o' 'cmTC_46b41' '-march=armv7-a' '-mtune=cortex-a9' '-mfloat-abi=soft' '-mthumb' '-mtls-dialect=gnu'
make[1]: Leaving directory '/home/haicam/workspace/build/output/rpi/armv7/generic/CMakeFiles/CMakeTmp'



Parsed C implicit include dir info from above output: rv=done
  found start of include info
  found start of implicit include info
    add: [/home/haicam/toolchain/gcc-linaro-7.5.0-2019.12-x86_64_arm-linux-gnueabi/bin/../lib/gcc/arm-linux-gnueabi/7.5.0/include]
    add: [/home/haicam/toolchain/gcc-linaro-7.5.0-2019.12-x86_64_arm-linux-gnueabi/bin/../lib/gcc/arm-linux-gnueabi/7.5.0/include-fixed]
    add: [/home/haicam/toolchain/gcc-linaro-7.5.0-2019.12-x86_64_arm-linux-gnueabi/bin/../lib/gcc/arm-linux-gnueabi/7.5.0/../../../../arm-linux-gnueabi/include]
    add: [/home/haicam/toolchain/gcc-linaro-7.5.0-2019.12-x86_64_arm-linux-gnueabi/bin/../arm-linux-gnueabi/libc/usr/include]
  end of search list found
  collapse include dir [/home/haicam/toolchain/gcc-linaro-7.5.0-2019.12-x86_64_arm-linux-gnueabi/bin/../lib/gcc/arm-linux-gnueabi/7.5.0/include] ==> [/home/haicam/toolchain/gcc-linaro-7.5.0-2019.12-x86_64_arm-linux-gnueabi/lib/gcc/arm-linux-gnueabi/7.5.0/include]
  collapse include dir [/home/haicam/toolchain/gcc-linaro-7.5.0-2019.12-x86_64_arm-linux-gnueabi/bin/../lib/gcc/arm-linux-gnueabi/7.5.0/include-fixed] ==> [/home/haicam/toolchain/gcc-linaro-7.5.0-2019.12-x86_64_arm-linux-gnueabi/lib/gcc/arm-linux-gnueabi/7.5.0/include-fixed]
  collapse include dir [/home/haicam/toolchain/gcc-linaro-7.5.0-2019.12-x86_64_arm-linux-gnueabi/bin/../lib/gcc/arm-linux-gnueabi/7.5.0/../../../../arm-linux-gnueabi/include] ==> [/home/haicam/toolchain/gcc-linaro-7.5.0-2019.12-x86_64_arm-linux-gnueabi/arm-linux-gnueabi/include]
  collapse include dir [/home/haicam/toolchain/gcc-linaro-7.5.0-2019.12-x86_64_arm-linux-gnueabi/bin/../arm-linux-gnueabi/libc/usr/include] ==> [/home/haicam/toolchain/gcc-linaro-7.5.0-2019.12-x86_64_arm-linux-gnueabi/arm-linux-gnueabi/libc/usr/include]
  implicit include dirs: [/home/haicam/toolchain/gcc-linaro-7.5.0-2019.12-x86_64_arm-linux-gnueabi/lib/gcc/arm-linux-gnueabi/7.5.0/include;/home/haicam/toolchain/gcc-linaro-7.5.0-2019.12-x86_64_arm-linux-gnueabi/lib/gcc/arm-linux-gnueabi/7.5.0/include-fixed;/home/haicam/toolchain/gcc-linaro-7.5.0-2019.12-x86_64_arm-linux-gnueabi/arm-linux-gnueabi/include;/home/haicam/toolchain/gcc-linaro-7.5.0-2019.12-x86_64_arm-linux-gnueabi/arm-linux-gnueabi/libc/usr/include]


Parsed C implicit link information from above output:
  link line regex: [^( *|.*[/\])(arm-linux-gnueabi-ld|CMAKE_LINK_STARTFILE-NOTFOUND|([^/\]+-)?ld|collect2)[^/\]*( |$)]
  ignore line: [Change Dir: /home/haicam/workspace/build/output/rpi/armv7/generic/CMakeFiles/CMakeTmp]
  ignore line: []
  ignore line: [Run Build Command(s):/usr/bin/make cmTC_46b41/fast && /usr/bin/make -f CMakeFiles/cmTC_46b41.dir/build.make CMakeFiles/cmTC_46b41.dir/build]
  ignore line: [make[1]: Entering directory '/home/haicam/workspace/build/output/rpi/armv7/generic/CMakeFiles/CMakeTmp']
  ignore line: [Building C object CMakeFiles/cmTC_46b41.dir/CMakeCCompilerABI.c.o]
  ignore line: [/home/haicam/toolchain/gcc-linaro-7.5.0-2019.12-x86_64_arm-linux-gnueabi/bin/arm-linux-gnueabi-gcc   -v -o CMakeFiles/cmTC_46b41.dir/CMakeCCompilerABI.c.o   -c /usr/share/cmake-3.16/Modules/CMakeCCompilerABI.c]
  ignore line: [Using built-in specs.]
  ignore line: [COLLECT_GCC=/home/haicam/toolchain/gcc-linaro-7.5.0-2019.12-x86_64_arm-linux-gnueabi/bin/arm-linux-gnueabi-gcc]
  ignore line: [Target: arm-linux-gnueabi]
  ignore line: [Configured with: '/home/tcwg-buildslave/workspace/tcwg-make-release_0/snapshots/gcc.git~linaro-7.5-2019.12/configure' SHELL=/bin/bash --with-mpc=/home/tcwg-buildslave/workspace/tcwg-make-release_0/_build/builds/destdir/x86_64-unknown-linux-gnu --with-mpfr=/home/tcwg-buildslave/workspace/tcwg-make-release_0/_build/builds/destdir/x86_64-unknown-linux-gnu --with-gmp=/home/tcwg-buildslave/workspace/tcwg-make-release_0/_build/builds/destdir/x86_64-unknown-linux-gnu --with-gnu-as --with-gnu-ld --disable-libmudflap --enable-lto --enable-shared --without-included-gettext --enable-nls --with-system-zlib --disable-sjlj-exceptions --enable-gnu-unique-object --enable-linker-build-id --disable-libstdcxx-pch --enable-c99 --enable-clocale=gnu --enable-libstdcxx-debug --enable-long-long --with-cloog=no --with-ppl=no --with-isl=no --disable-multilib --with-float=soft --with-mode=thumb --with-tune=cortex-a9 --with-arch=armv7-a --enable-threads=posix --enable-multiarch --enable-libstdcxx-time=yes --enable-gnu-indirect-function --with-build-sysroot=/home/tcwg-buildslave/workspace/tcwg-make-release_0/_build/sysroots/arm-linux-gnueabi --with-sysroot=/home/tcwg-buildslave/workspace/tcwg-make-release_0/_build/builds/destdir/x86_64-unknown-linux-gnu/arm-linux-gnueabi/libc --enable-checking=release --disable-bootstrap --enable-languages=c,c++,fortran,lto --build=x86_64-unknown-linux-gnu --host=x86_64-unknown-linux-gnu --target=arm-linux-gnueabi --prefix=/home/tcwg-buildslave/workspace/tcwg-make-release_0/_build/builds/destdir/x86_64-unknown-linux-gnu]
  ignore line: [Thread model: posix]
  ignore line: [gcc version 7.5.0 (Linaro GCC 7.5-2019.12) ]
  ignore line: [COLLECT_GCC_OPTIONS='-v' '-o' 'CMakeFiles/cmTC_46b41.dir/CMakeCCompilerABI.c.o' '-c' '-march=armv7-a' '-mtune=cortex-a9' '-mfloat-abi=soft' '-mthumb' '-mtls-dialect=gnu']
  ignore line: [ /home/haicam/toolchain/gcc-linaro-7.5.0-2019.12-x86_64_arm-linux-gnueabi/bin/../libexec/gcc/arm-linux-gnueabi/7.5.0/cc1 -quiet -v -imultilib . -imultiarch arm-linux-gnueabi -iprefix /home/haicam/toolchain/gcc-linaro-7.5.0-2019.12-x86_64_arm-linux-gnueabi/bin/../lib/gcc/arm-linux-gnueabi/7.5.0/ -isysroot /home/haicam/toolchain/gcc-linaro-7.5.0-2019.12-x86_64_arm-linux-gnueabi/bin/../arm-linux-gnueabi/libc /usr/share/cmake-3.16/Modules/CMakeCCompilerABI.c -quiet -dumpbase CMakeCCompilerABI.c -march=armv7-a -mtune=cortex-a9 -mfloat-abi=soft -mthumb -mtls-dialect=gnu -auxbase-strip CMakeFiles/cmTC_46b41.dir/CMakeCCompilerABI.c.o -version -o /tmp/cckWr4n5.s]
  ignore line: [GNU C11 (Linaro GCC 7.5-2019.12) version 7.5.0 (arm-linux-gnueabi)]
  ignore line: [	compiled by GNU C version 4.8.4  GMP version 6.1.2  MPFR version 3.1.5  MPC version 1.0.3  isl version none]
  ignore line: [GGC heuristics: --param ggc-min-expand=100 --param ggc-min-heapsize=131072]
  ignore line: [ignoring duplicate directory "/home/haicam/toolchain/gcc-linaro-7.5.0-2019.12-x86_64_arm-linux-gnueabi/bin/../lib/gcc/../../lib/gcc/arm-linux-gnueabi/7.5.0/include"]
  ignore line: [ignoring nonexistent directory "/home/haicam/toolchain/gcc-linaro-7.5.0-2019.12-x86_64_arm-linux-gnueabi/bin/../arm-linux-gnueabi/libc/usr/local/include/arm-linux-gnueabi"]
  ignore line: [ignoring nonexistent directory "/home/haicam/toolchain/gcc-linaro-7.5.0-2019.12-x86_64_arm-linux-gnueabi/bin/../arm-linux-gnueabi/libc/usr/local/include"]
  ignore line: [ignoring duplicate directory "/home/haicam/toolchain/gcc-linaro-7.5.0-2019.12-x86_64_arm-linux-gnueabi/bin/../lib/gcc/../../lib/gcc/arm-linux-gnueabi/7.5.0/include-fixed"]
  ignore line: [ignoring duplicate directory "/home/haicam/toolchain/gcc-linaro-7.5.0-2019.12-x86_64_arm-linux-gnueabi/bin/../lib/gcc/../../lib/gcc/arm-linux-gnueabi/7.5.0/../../../../arm-linux-gnueabi/include"]
  ignore line: [ignoring nonexistent directory "/home/haicam/toolchain/gcc-linaro-7.5.0-2019.12-x86_64_arm-linux-gnueabi/bin/../arm-linux-gnueabi/libc/usr/include/arm-linux-gnueabi"]
  ignore line: [#include "..." search starts here:]
  ignore line: [#include <...> search starts here:]
  ignore line: [ /home/haicam/toolchain/gcc-linaro-7.5.0-2019.12-x86_64_arm-linux-gnueabi/bin/../lib/gcc/arm-linux-gnueabi/7.5.0/include]
  ignore line: [ /home/haicam/toolchain/gcc-linaro-7.5.0-2019.12-x86_64_arm-linux-gnueabi/bin/../lib/gcc/arm-linux-gnueabi/7.5.0/include-fixed]
  ignore line: [ /home/haicam/toolchain/gcc-linaro-7.5.0-2019.12-x86_64_arm-linux-gnueabi/bin/../lib/gcc/arm-linux-gnueabi/7.5.0/../../../../arm-linux-gnueabi/include]
  ignore line: [ /home/haicam/toolchain/gcc-linaro-7.5.0-2019.12-x86_64_arm-linux-gnueabi/bin/../arm-linux-gnueabi/libc/usr/include]
  ignore line: [End of search list.]
  ignore line: [GNU C11 (Linaro GCC 7.5-2019.12) version 7.5.0 (arm-linux-gnueabi)]
  ignore line: [	compiled by GNU C version 4.8.4  GMP version 6.1.2  MPFR version 3.1.5  MPC version 1.0.3  isl version none]
  ignore line: [GGC heuristics: --param ggc-min-expand=100 --param ggc-min-heapsize=131072]
  ignore line: [Compiler executable checksum: 1c5f43be74972558d3c93b81bb5783b2]
  ignore line: [COLLECT_GCC_OPTIONS='-v' '-o' 'CMakeFiles/cmTC_46b41.dir/CMakeCCompilerABI.c.o' '-c' '-march=armv7-a' '-mtune=cortex-a9' '-mfloat-abi=soft' '-mthumb' '-mtls-dialect=gnu']
  ignore line: [ /home/haicam/toolchain/gcc-linaro-7.5.0-2019.12-x86_64_arm-linux-gnueabi/bin/../lib/gcc/arm-linux-gnueabi/7.5.0/../../../../arm-linux-gnueabi/bin/as -v -march=armv7-a -mfloat-abi=soft -meabi=5 -o CMakeFiles/cmTC_46b41.dir/CMakeCCompilerABI.c.o /tmp/cckWr4n5.s]
  ignore line: [GNU assembler version 2.28.2 (arm-linux-gnueabi) using BFD version (Linaro_Binutils-2019.12) 2.28.2.20170706]
  ignore line: [COMPILER_PATH=/home/haicam/toolchain/gcc-linaro-7.5.0-2019.12-x86_64_arm-linux-gnueabi/bin/../libexec/gcc/arm-linux-gnueabi/7.5.0/:/home/haicam/toolchain/gcc-linaro-7.5.0-2019.12-x86_64_arm-linux-gnueabi/bin/../libexec/gcc/arm-linux-gnueabi/:/home/haicam/toolchain/gcc-linaro-7.5.0-2019.12-x86_64_arm-linux-gnueabi/bin/../libexec/gcc/:/home/haicam/toolchain/gcc-linaro-7.5.0-2019.12-x86_64_arm-linux-gnueabi/bin/../lib/gcc/arm-linux-gnueabi/7.5.0/../../../../arm-linux-gnueabi/bin/]
  ignore line: [LIBRARY_PATH=/home/haicam/toolchain/gcc-linaro-7.5.0-2019.12-x86_64_arm-linux-gnueabi/bin/../lib/gcc/arm-linux-gnueabi/7.5.0/:/home/haicam/toolchain/gcc-linaro-7.5.0-2019.12-x86_64_arm-linux-gnueabi/bin/../lib/gcc/arm-linux-gnueabi/:/home/haicam/toolchain/gcc-linaro-7.5.0-2019.12-x86_64_arm-linux-gnueabi/bin/../lib/gcc/:/home/haicam/toolchain/gcc-linaro-7.5.0-2019.12-x86_64_arm-linux-gnueabi/bin/../lib/gcc/arm-linux-gnueabi/7.5.0/../../../../arm-linux-gnueabi/lib/:/home/haicam/toolchain/gcc-linaro-7.5.0-2019.12-x86_64_arm-linux-gnueabi/bin/../arm-linux-gnueabi/libc/lib/:/home/haicam/toolchain/gcc-linaro-7.5.0-2019.12-x86_64_arm-linux-gnueabi/bin/../arm-linux-gnueabi/libc/usr/lib/]
  ignore line: [COLLECT_GCC_OPTIONS='-v' '-o' 'CMakeFiles/cmTC_46b41.dir/CMakeCCompilerABI.c.o' '-c' '-march=armv7-a' '-mtune=cortex-a9' '-mfloat-abi=soft' '-mthumb' '-mtls-dialect=gnu']
  ignore line: [Linking C executable cmTC_46b41]
  ignore line: [/usr/bin/cmake -E cmake_link_script CMakeFiles/cmTC_46b41.dir/link.txt --verbose=1]
  ignore line: [/home/haicam/toolchain/gcc-linaro-7.5.0-2019.12-x86_64_arm-linux-gnueabi/bin/arm-linux-gnueabi-gcc     -v CMakeFiles/cmTC_46b41.dir/CMakeCCompilerABI.c.o  -o cmTC_46b41 ]
  ignore line: [Using built-in specs.]
  ignore line: [COLLECT_GCC=/home/haicam/toolchain/gcc-linaro-7.5.0-2019.12-x86_64_arm-linux-gnueabi/bin/arm-linux-gnueabi-gcc]
  ignore line: [COLLECT_LTO_WRAPPER=/home/haicam/toolchain/gcc-linaro-7.5.0-2019.12-x86_64_arm-linux-gnueabi/bin/../libexec/gcc/arm-linux-gnueabi/7.5.0/lto-wrapper]
  ignore line: [Target: arm-linux-gnueabi]
  ignore line: [Configured with: '/home/tcwg-buildslave/workspace/tcwg-make-release_0/snapshots/gcc.git~linaro-7.5-2019.12/configure' SHELL=/bin/bash --with-mpc=/home/tcwg-buildslave/workspace/tcwg-make-release_0/_build/builds/destdir/x86_64-unknown-linux-gnu --with-mpfr=/home/tcwg-buildslave/workspace/tcwg-make-release_0/_build/builds/destdir/x86_64-unknown-linux-gnu --with-gmp=/home/tcwg-buildslave/workspace/tcwg-make-release_0/_build/builds/destdir/x86_64-unknown-linux-gnu --with-gnu-as --with-gnu-ld --disable-libmudflap --enable-lto --enable-shared --without-included-gettext --enable-nls --with-system-zlib --disable-sjlj-exceptions --enable-gnu-unique-object --enable-linker-build-id --disable-libstdcxx-pch --enable-c99 --enable-clocale=gnu --enable-libstdcxx-debug --enable-long-long --with-cloog=no --with-ppl=no --with-isl=no --disable-multilib --with-float=soft --with-mode=thumb --with-tune=cortex-a9 --with-arch=armv7-a --enable-threads=posix --enable-multiarch --enable-libstdcxx-time=yes --enable-gnu-indirect-function --with-build-sysroot=/home/tcwg-buildslave/workspace/tcwg-make-release_0/_build/sysroots/arm-linux-gnueabi --with-sysroot=/home/tcwg-buildslave/workspace/tcwg-make-release_0/_build/builds/destdir/x86_64-unknown-linux-gnu/arm-linux-gnueabi/libc --enable-checking=release --disable-bootstrap --enable-languages=c,c++,fortran,lto --build=x86_64-unknown-linux-gnu --host=x86_64-unknown-linux-gnu --target=arm-linux-gnueabi --prefix=/home/tcwg-buildslave/workspace/tcwg-make-release_0/_build/builds/destdir/x86_64-unknown-linux-gnu]
  ignore line: [Thread model: posix]
  ignore line: [gcc version 7.5.0 (Linaro GCC 7.5-2019.12) ]
  ignore line: [COMPILER_PATH=/home/haicam/toolchain/gcc-linaro-7.5.0-2019.12-x86_64_arm-linux-gnueabi/bin/../libexec/gcc/arm-linux-gnueabi/7.5.0/:/home/haicam/toolchain/gcc-linaro-7.5.0-2019.12-x86_64_arm-linux-gnueabi/bin/../libexec/gcc/arm-linux-gnueabi/:/home/haicam/toolchain/gcc-linaro-7.5.0-2019.12-x86_64_arm-linux-gnueabi/bin/../libexec/gcc/:/home/haicam/toolchain/gcc-linaro-7.5.0-2019.12-x86_64_arm-linux-gnueabi/bin/../lib/gcc/arm-linux-gnueabi/7.5.0/../../../../arm-linux-gnueabi/bin/]
  ignore line: [LIBRARY_PATH=/home/haicam/toolchain/gcc-linaro-7.5.0-2019.12-x86_64_arm-linux-gnueabi/bin/../lib/gcc/arm-linux-gnueabi/7.5.0/:/home/haicam/toolchain/gcc-linaro-7.5.0-2019.12-x86_64_arm-linux-gnueabi/bin/../lib/gcc/arm-linux-gnueabi/:/home/haicam/toolchain/gcc-linaro-7.5.0-2019.12-x86_64_arm-linux-gnueabi/bin/../lib/gcc/:/home/haicam/toolchain/gcc-linaro-7.5.0-2019.12-x86_64_arm-linux-gnueabi/bin/../lib/gcc/arm-linux-gnueabi/7.5.0/../../../../arm-linux-gnueabi/lib/:/home/haicam/toolchain/gcc-linaro-7.5.0-2019.12-x86_64_arm-linux-gnueabi/bin/../arm-linux-gnueabi/libc/lib/:/home/haicam/toolchain/gcc-linaro-7.5.0-2019.12-x86_64_arm-linux-gnueabi/bin/../arm-linux-gnueabi/libc/usr/lib/]
  ignore line: [COLLECT_GCC_OPTIONS='-v' '-o' 'cmTC_46b41' '-march=armv7-a' '-mtune=cortex-a9' '-mfloat-abi=soft' '-mthumb' '-mtls-dialect=gnu']
  link line: [ /home/haicam/toolchain/gcc-linaro-7.5.0-2019.12-x86_64_arm-linux-gnueabi/bin/../libexec/gcc/arm-linux-gnueabi/7.5.0/collect2 -plugin /home/haicam/toolchain/gcc-linaro-7.5.0-2019.12-x86_64_arm-linux-gnueabi/bin/../libexec/gcc/arm-linux-gnueabi/7.5.0/liblto_plugin.so -plugin-opt=/home/haicam/toolchain/gcc-linaro-7.5.0-2019.12-x86_64_arm-linux-gnueabi/bin/../libexec/gcc/arm-linux-gnueabi/7.5.0/lto-wrapper -plugin-opt=-fresolution=/tmp/ccdG03Fy.res -plugin-opt=-pass-through=-lgcc -plugin-opt=-pass-through=-lgcc_s -plugin-opt=-pass-through=-lc -plugin-opt=-pass-through=-lgcc -plugin-opt=-pass-through=-lgcc_s --sysroot=/home/haicam/toolchain/gcc-linaro-7.5.0-2019.12-x86_64_arm-linux-gnueabi/bin/../arm-linux-gnueabi/libc --build-id --eh-frame-hdr -dynamic-linker /lib/ld-linux.so.3 -X -m armelf_linux_eabi -o cmTC_46b41 /home/haicam/toolchain/gcc-linaro-7.5.0-2019.12-x86_64_arm-linux-gnueabi/bin/../arm-linux-gnueabi/libc/usr/lib/crt1.o /home/haicam/toolchain/gcc-linaro-7.5.0-2019.12-x86_64_arm-linux-gnueabi/bin/../arm-linux-gnueabi/libc/usr/lib/crti.o /home/haicam/toolchain/gcc-linaro-7.5.0-2019.12-x86_64_arm-linux-gnueabi/bin/../lib/gcc/arm-linux-gnueabi/7.5.0/crtbegin.o -L/home/haicam/toolchain/gcc-linaro-7.5.0-2019.12-x86_64_arm-linux-gnueabi/bin/../lib/gcc/arm-linux-gnueabi/7.5.0 -L/home/haicam/toolchain/gcc-linaro-7.5.0-2019.12-x86_64_arm-linux-gnueabi/bin/../lib/gcc/arm-linux-gnueabi -L/home/haicam/toolchain/gcc-linaro-7.5.0-2019.12-x86_64_arm-linux-gnueabi/bin/../lib/gcc -L/home/haicam/toolchain/gcc-linaro-7.5.0-2019.12-x86_64_arm-linux-gnueabi/bin/../lib/gcc/arm-linux-gnueabi/7.5.0/../../../../arm-linux-gnueabi/lib -L/home/haicam/toolchain/gcc-linaro-7.5.0-2019.12-x86_64_arm-linux-gnueabi/bin/../arm-linux-gnueabi/libc/lib -L/home/haicam/toolchain/gcc-linaro-7.5.0-2019.12-x86_64_arm-linux-gnueabi/bin/../arm-linux-gnueabi/libc/usr/lib CMakeFiles/cmTC_46b41.dir/CMakeCCompilerABI.c.o -lgcc --as-needed -lgcc_s --no-as-needed -lc -lgcc --as-needed -lgcc_s --no-as-needed /home/haicam/toolchain/gcc-linaro-7.5.0-2019.12-x86_64_arm-linux-gnueabi/bin/../lib/gcc/arm-linux-gnueabi/7.5.0/crtend.o /home/haicam/toolchain/gcc-linaro-7.5.0-2019.12-x86_64_arm-linux-gnueabi/bin/../arm-linux-gnueabi/libc/usr/lib/crtn.o]
    arg [/home/haicam/toolchain/gcc-linaro-7.5.0-2019.12-x86_64_arm-linux-gnueabi/bin/../libexec/gcc/arm-linux-gnueabi/7.5.0/collect2] ==> ignore
    arg [-plugin] ==> ignore
    arg [/home/haicam/toolchain/gcc-linaro-7.5.0-2019.12-x86_64_arm-linux-gnueabi/bin/../libexec/gcc/arm-linux-gnueabi/7.5.0/liblto_plugin.so] ==> ignore
    arg [-plugin-opt=/home/haicam/toolchain/gcc-linaro-7.5.0-2019.12-x86_64_arm-linux-gnueabi/bin/../libexec/gcc/arm-linux-gnueabi/7.5.0/lto-wrapper] ==> ignore
    arg [-plugin-opt=-fresolution=/tmp/ccdG03Fy.res] ==> ignore
    arg [-plugin-opt=-pass-through=-lgcc] ==> ignore
    arg [-plugin-opt=-pass-through=-lgcc_s] ==> ignore
    arg [-plugin-opt=-pass-through=-lc] ==> ignore
    arg [-plugin-opt=-pass-through=-lgcc] ==> ignore
    arg [-plugin-opt=-pass-through=-lgcc_s] ==> ignore
    arg [--sysroot=/home/haicam/toolchain/gcc-linaro-7.5.0-2019.12-x86_64_arm-linux-gnueabi/bin/../arm-linux-gnueabi/libc] ==> ignore
    arg [--build-id] ==> ignore
    arg [--eh-frame-hdr] ==> ignore
    arg [-dynamic-linker] ==> ignore
    arg [/lib/ld-linux.so.3] ==> ignore
    arg [-X] ==> ignore
    arg [-m] ==> ignore
    arg [armelf_linux_eabi] ==> ignore
    arg [-o] ==> ignore
    arg [cmTC_46b41] ==> ignore
    arg [/home/haicam/toolchain/gcc-linaro-7.5.0-2019.12-x86_64_arm-linux-gnueabi/bin/../arm-linux-gnueabi/libc/usr/lib/crt1.o] ==> ignore
    arg [/home/haicam/toolchain/gcc-linaro-7.5.0-2019.12-x86_64_arm-linux-gnueabi/bin/../arm-linux-gnueabi/libc/usr/lib/crti.o] ==> ignore
    arg [/home/haicam/toolchain/gcc-linaro-7.5.0-2019.12-x86_64_arm-linux-gnueabi/bin/../lib/gcc/arm-linux-gnueabi/7.5.0/crtbegin.o] ==> ignore
    arg [-L/home/haicam/toolchain/gcc-linaro-7.5.0-2019.12-x86_64_arm-linux-gnueabi/bin/../lib/gcc/arm-linux-gnueabi/7.5.0] ==> dir [/home/haicam/toolchain/gcc-linaro-7.5.0-2019.12-x86_64_arm-linux-gnueabi/bin/../lib/gcc/arm-linux-gnueabi/7.5.0]
    arg [-L/home/haicam/toolchain/gcc-linaro-7.5.0-2019.12-x86_64_arm-linux-gnueabi/bin/../lib/gcc/arm-linux-gnueabi] ==> dir [/home/haicam/toolchain/gcc-linaro-7.5.0-2019.12-x86_64_arm-linux-gnueabi/bin/../lib/gcc/arm-linux-gnueabi]
    arg [-L/home/haicam/toolchain/gcc-linaro-7.5.0-2019.12-x86_64_arm-linux-gnueabi/bin/../lib/gcc] ==> dir [/home/haicam/toolchain/gcc-linaro-7.5.0-2019.12-x86_64_arm-linux-gnueabi/bin/../lib/gcc]
    arg [-L/home/haicam/toolchain/gcc-linaro-7.5.0-2019.12-x86_64_arm-linux-gnueabi/bin/../lib/gcc/arm-linux-gnueabi/7.5.0/../../../../arm-linux-gnueabi/lib] ==> dir [/home/haicam/toolchain/gcc-linaro-7.5.0-2019.12-x86_64_arm-linux-gnueabi/bin/../lib/gcc/arm-linux-gnueabi/7.5.0/../../../../arm-linux-gnueabi/lib]
    arg [-L/home/haicam/toolchain/gcc-linaro-7.5.0-2019.12-x86_64_arm-linux-gnueabi/bin/../arm-linux-gnueabi/libc/lib] ==> dir [/home/haicam/toolchain/gcc-linaro-7.5.0-2019.12-x86_64_arm-linux-gnueabi/bin/../arm-linux-gnueabi/libc/lib]
    arg [-L/home/haicam/toolchain/gcc-linaro-7.5.0-2019.12-x86_64_arm-linux-gnueabi/bin/../arm-linux-gnueabi/libc/usr/lib] ==> dir [/home/haicam/toolchain/gcc-linaro-7.5.0-2019.12-x86_64_arm-linux-gnueabi/bin/../arm-linux-gnueabi/libc/usr/lib]
    arg [CMakeFiles/cmTC_46b41.dir/CMakeCCompilerABI.c.o] ==> ignore
    arg [-lgcc] ==> lib [gcc]
    arg [--as-needed] ==> ignore
    arg [-lgcc_s] ==> lib [gcc_s]
    arg [--no-as-needed] ==> ignore
    arg [-lc] ==> lib [c]
    arg [-lgcc] ==> lib [gcc]
    arg [--as-needed] ==> ignore
    arg [-lgcc_s] ==> lib [gcc_s]
    arg [--no-as-needed] ==> ignore
    arg [/home/haicam/toolchain/gcc-linaro-7.5.0-2019.12-x86_64_arm-linux-gnueabi/bin/../lib/gcc/arm-linux-gnueabi/7.5.0/crtend.o] ==> ignore
    arg [/home/haicam/toolchain/gcc-linaro-7.5.0-2019.12-x86_64_arm-linux-gnueabi/bin/../arm-linux-gnueabi/libc/usr/lib/crtn.o] ==> ignore
  collapse library dir [/home/haicam/toolchain/gcc-linaro-7.5.0-2019.12-x86_64_arm-linux-gnueabi/bin/../lib/gcc/arm-linux-gnueabi/7.5.0] ==> [/home/haicam/toolchain/gcc-linaro-7.5.0-2019.12-x86_64_arm-linux-gnueabi/lib/gcc/arm-linux-gnueabi/7.5.0]
  collapse library dir [/home/haicam/toolchain/gcc-linaro-7.5.0-2019.12-x86_64_arm-linux-gnueabi/bin/../lib/gcc/arm-linux-gnueabi] ==> [/home/haicam/toolchain/gcc-linaro-7.5.0-2019.12-x86_64_arm-linux-gnueabi/lib/gcc/arm-linux-gnueabi]
  collapse library dir [/home/haicam/toolchain/gcc-linaro-7.5.0-2019.12-x86_64_arm-linux-gnueabi/bin/../lib/gcc] ==> [/home/haicam/toolchain/gcc-linaro-7.5.0-2019.12-x86_64_arm-linux-gnueabi/lib/gcc]
  collapse library dir [/home/haicam/toolchain/gcc-linaro-7.5.0-2019.12-x86_64_arm-linux-gnueabi/bin/../lib/gcc/arm-linux-gnueabi/7.5.0/../../../../arm-linux-gnueabi/lib] ==> [/home/haicam/toolchain/gcc-linaro-7.5.0-2019.12-x86_64_arm-linux-gnueabi/arm-linux-gnueabi/lib]
  collapse library dir [/home/haicam/toolchain/gcc-linaro-7.5.0-2019.12-x86_64_arm-linux-gnueabi/bin/../arm-linux-gnueabi/libc/lib] ==> [/home/haicam/toolchain/gcc-linaro-7.5.0-2019.12-x86_64_arm-linux-gnueabi/arm-linux-gnueabi/libc/lib]
  collapse library dir [/home/haicam/toolchain/gcc-linaro-7.5.0-2019.12-x86_64_arm-linux-gnueabi/bin/../arm-linux-gnueabi/libc/usr/lib] ==> [/home/haicam/toolchain/gcc-linaro-7.5.0-2019.12-x86_64_arm-linux-gnueabi/arm-linux-gnueabi/libc/usr/lib]
  implicit libs: [gcc;gcc_s;c;gcc;gcc_s]
  implicit dirs: [/home/haicam/toolchain/gcc-linaro-7.5.0-2019.12-x86_64_arm-linux-gnueabi/lib/gcc/arm-linux-gnueabi/7.5.0;/home/haicam/toolchain/gcc-linaro-7.5.0-2019.12-x86_64_arm-linux-gnueabi/lib/gcc/arm-linux-gnueabi;/home/haicam/toolchain/gcc-linaro-7.5.0-2019.12-x86_64_arm-linux-gnueabi/lib/gcc;/home/haicam/toolchain/gcc-linaro-7.5.0-2019.12-x86_64_arm-linux-gnueabi/arm-linux-gnueabi/lib;/home/haicam/toolchain/gcc-linaro-7.5.0-2019.12-x86_64_arm-linux-gnueabi/arm-linux-gnueabi/libc/lib;/home/haicam/toolchain/gcc-linaro-7.5.0-2019.12-x86_64_arm-linux-gnueabi/arm-linux-gnueabi/libc/usr/lib]
  implicit fwks: []


Determining if the CXX compiler works passed with the following output:
Change Dir: /home/haicam/workspace/build/output/rpi/armv7/generic/CMakeFiles/CMakeTmp

Run Build Command(s):/usr/bin/make cmTC_53617/fast && /usr/bin/make -f CMakeFiles/cmTC_53617.dir/build.make CMakeFiles/cmTC_53617.dir/build
make[1]: Entering directory '/home/haicam/workspace/build/output/rpi/armv7/generic/CMakeFiles/CMakeTmp'
Building CXX object CMakeFiles/cmTC_53617.dir/testCXXCompiler.cxx.o
/home/haicam/toolchain/gcc-linaro-7.5.0-2019.12-x86_64_arm-linux-gnueabi/bin/arm-linux-gnueabi-g++     -o CMakeFiles/cmTC_53617.dir/testCXXCompiler.cxx.o -c /home/haicam/workspace/build/output/rpi/armv7/generic/CMakeFiles/CMakeTmp/testCXXCompiler.cxx
Linking CXX executable cmTC_53617
/usr/bin/cmake -E cmake_link_script CMakeFiles/cmTC_53617.dir/link.txt --verbose=1
/home/haicam/toolchain/gcc-linaro-7.5.0-2019.12-x86_64_arm-linux-gnueabi/bin/arm-linux-gnueabi-g++       CMakeFiles/cmTC_53617.dir/testCXXCompiler.cxx.o  -o cmTC_53617 
make[1]: Leaving directory '/home/haicam/workspace/build/output/rpi/armv7/generic/CMakeFiles/CMakeTmp'



Detecting CXX compiler ABI info compiled with the following output:
Change Dir: /home/haicam/workspace/build/output/rpi/armv7/generic/CMakeFiles/CMakeTmp

Run Build Command(s):/usr/bin/make cmTC_b9f3a/fast && /usr/bin/make -f CMakeFiles/cmTC_b9f3a.dir/build.make CMakeFiles/cmTC_b9f3a.dir/build
make[1]: Entering directory '/home/haicam/workspace/build/output/rpi/armv7/generic/CMakeFiles/CMakeTmp'
Building CXX object CMakeFiles/cmTC_b9f3a.dir/CMakeCXXCompilerABI.cpp.o
/home/haicam/toolchain/gcc-linaro-7.5.0-2019.12-x86_64_arm-linux-gnueabi/bin/arm-linux-gnueabi-g++    -v -o CMakeFiles/cmTC_b9f3a.dir/CMakeCXXCompilerABI.cpp.o -c /usr/share/cmake-3.16/Modules/CMakeCXXCompilerABI.cpp
Using built-in specs.
COLLECT_GCC=/home/haicam/toolchain/gcc-linaro-7.5.0-2019.12-x86_64_arm-linux-gnueabi/bin/arm-linux-gnueabi-g++
Target: arm-linux-gnueabi
Configured with: '/home/tcwg-buildslave/workspace/tcwg-make-release_0/snapshots/gcc.git~linaro-7.5-2019.12/configure' SHELL=/bin/bash --with-mpc=/home/tcwg-buildslave/workspace/tcwg-make-release_0/_build/builds/destdir/x86_64-unknown-linux-gnu --with-mpfr=/home/tcwg-buildslave/workspace/tcwg-make-release_0/_build/builds/destdir/x86_64-unknown-linux-gnu --with-gmp=/home/tcwg-buildslave/workspace/tcwg-make-release_0/_build/builds/destdir/x86_64-unknown-linux-gnu --with-gnu-as --with-gnu-ld --disable-libmudflap --enable-lto --enable-shared --without-included-gettext --enable-nls --with-system-zlib --disable-sjlj-exceptions --enable-gnu-unique-object --enable-linker-build-id --disable-libstdcxx-pch --enable-c99 --enable-clocale=gnu --enable-libstdcxx-debug --enable-long-long --with-cloog=no --with-ppl=no --with-isl=no --disable-multilib --with-float=soft --with-mode=thumb --with-tune=cortex-a9 --with-arch=armv7-a --enable-threads=posix --enable-multiarch --enable-libstdcxx-time=yes --enable-gnu-indirect-function --with-build-sysroot=/home/tcwg-buildslave/workspace/tcwg-make-release_0/_build/sysroots/arm-linux-gnueabi --with-sysroot=/home/tcwg-buildslave/workspace/tcwg-make-release_0/_build/builds/destdir/x86_64-unknown-linux-gnu/arm-linux-gnueabi/libc --enable-checking=release --disable-bootstrap --enable-languages=c,c++,fortran,lto --build=x86_64-unknown-linux-gnu --host=x86_64-unknown-linux-gnu --target=arm-linux-gnueabi --prefix=/home/tcwg-buildslave/workspace/tcwg-make-release_0/_build/builds/destdir/x86_64-unknown-linux-gnu
Thread model: posix
gcc version 7.5.0 (Linaro GCC 7.5-2019.12) 
COLLECT_GCC_OPTIONS='-v' '-o' 'CMakeFiles/cmTC_b9f3a.dir/CMakeCXXCompilerABI.cpp.o' '-c' '-shared-libgcc' '-march=armv7-a' '-mtune=cortex-a9' '-mfloat-abi=soft' '-mthumb' '-mtls-dialect=gnu'
 /home/haicam/toolchain/gcc-linaro-7.5.0-2019.12-x86_64_arm-linux-gnueabi/bin/../libexec/gcc/arm-linux-gnueabi/7.5.0/cc1plus -quiet -v -imultilib . -imultiarch arm-linux-gnueabi -iprefix /home/haicam/toolchain/gcc-linaro-7.5.0-2019.12-x86_64_arm-linux-gnueabi/bin/../lib/gcc/arm-linux-gnueabi/7.5.0/ -isysroot /home/haicam/toolchain/gcc-linaro-7.5.0-2019.12-x86_64_arm-linux-gnueabi/bin/../arm-linux-gnueabi/libc -D_GNU_SOURCE /usr/share/cmake-3.16/Modules/CMakeCXXCompilerABI.cpp -quiet -dumpbase CMakeCXXCompilerABI.cpp -march=armv7-a -mtune=cortex-a9 -mfloat-abi=soft -mthumb -mtls-dialect=gnu -auxbase-strip CMakeFiles/cmTC_b9f3a.dir/CMakeCXXCompilerABI.cpp.o -version -o /tmp/cctshBb0.s
GNU C++14 (Linaro GCC 7.5-2019.12) version 7.5.0 (arm-linux-gnueabi)
	compiled by GNU C version 4.8.4, GMP version 6.1.2, MPFR version 3.1.5, MPC version 1.0.3, isl version none
GGC heuristics: --param ggc-min-expand=100 --param ggc-min-heapsize=131072
ignoring duplicate directory "/home/haicam/toolchain/gcc-linaro-7.5.0-2019.12-x86_64_arm-linux-gnueabi/bin/../lib/gcc/../../lib/gcc/arm-linux-gnueabi/7.5.0/../../../../arm-linux-gnueabi/include/c++/7.5.0"
ignoring duplicate directory "/home/haicam/toolchain/gcc-linaro-7.5.0-2019.12-x86_64_arm-linux-gnueabi/bin/../lib/gcc/../../lib/gcc/arm-linux-gnueabi/7.5.0/../../../../arm-linux-gnueabi/include/c++/7.5.0/arm-linux-gnueabi/."
ignoring duplicate directory "/home/haicam/toolchain/gcc-linaro-7.5.0-2019.12-x86_64_arm-linux-gnueabi/bin/../lib/gcc/../../lib/gcc/arm-linux-gnueabi/7.5.0/../../../../arm-linux-gnueabi/include/c++/7.5.0/backward"
ignoring duplicate directory "/home/haicam/toolchain/gcc-linaro-7.5.0-2019.12-x86_64_arm-linux-gnueabi/bin/../lib/gcc/../../lib/gcc/arm-linux-gnueabi/7.5.0/include"
ignoring nonexistent directory "/home/haicam/toolchain/gcc-linaro-7.5.0-2019.12-x86_64_arm-linux-gnueabi/bin/../arm-linux-gnueabi/libc/usr/local/include/arm-linux-gnueabi"
ignoring nonexistent directory "/home/haicam/toolchain/gcc-linaro-7.5.0-2019.12-x86_64_arm-linux-gnueabi/bin/../arm-linux-gnueabi/libc/usr/local/include"
ignoring duplicate directory "/home/haicam/toolchain/gcc-linaro-7.5.0-2019.12-x86_64_arm-linux-gnueabi/bin/../lib/gcc/../../lib/gcc/arm-linux-gnueabi/7.5.0/include-fixed"
ignoring duplicate directory "/home/haicam/toolchain/gcc-linaro-7.5.0-2019.12-x86_64_arm-linux-gnueabi/bin/../lib/gcc/../../lib/gcc/arm-linux-gnueabi/7.5.0/../../../../arm-linux-gnueabi/include"
ignoring nonexistent directory "/home/haicam/toolchain/gcc-linaro-7.5.0-2019.12-x86_64_arm-linux-gnueabi/bin/../arm-linux-gnueabi/libc/usr/include/arm-linux-gnueabi"
#include "..." search starts here:
#include <...> search starts here:
 /home/haicam/toolchain/gcc-linaro-7.5.0-2019.12-x86_64_arm-linux-gnueabi/bin/../lib/gcc/arm-linux-gnueabi/7.5.0/../../../../arm-linux-gnueabi/include/c++/7.5.0
 /home/haicam/toolchain/gcc-linaro-7.5.0-2019.12-x86_64_arm-linux-gnueabi/bin/../lib/gcc/arm-linux-gnueabi/7.5.0/../../../../arm-linux-gnueabi/include/c++/7.5.0/arm-linux-gnueabi/.
 /home/haicam/toolchain/gcc-linaro-7.5.0-2019.12-x86_64_arm-linux-gnueabi/bin/../lib/gcc/arm-linux-gnueabi/7.5.0/../../../../arm-linux-gnueabi/include/c++/7.5.0/backward
 /home/haicam/toolchain/gcc-linaro-7.5.0-2019.12-x86_64_arm-linux-gnueabi/bin/../lib/gcc/arm-linux-gnueabi/7.5.0/include
 /home/haicam/toolchain/gcc-linaro-7.5.0-2019.12-x86_64_arm-linux-gnueabi/bin/../lib/gcc/arm-linux-gnueabi/7.5.0/include-fixed
 /home/haicam/toolchain/gcc-linaro-7.5.0-2019.12-x86_64_arm-linux-gnueabi/bin/../lib/gcc/arm-linux-gnueabi/7.5.0/../../../../arm-linux-gnueabi/include
 /home/haicam/toolchain/gcc-linaro-7.5.0-2019.12-x86_64_arm-linux-gnueabi/bin/../arm-linux-gnueabi/libc/usr/include
End of search list.
GNU C++14 (Linaro GCC 7.5-2019.12) version 7.5.0 (arm-linux-gnueabi)
	compiled by GNU C version 4.8.4, GMP version 6.1.2, MPFR version 3.1.5, MPC version 1.0.3, isl version none
GGC heuristics: --param ggc-min-expand=100 --param ggc-min-heapsize=131072
Compiler executable checksum: 95bf78736b9c26b3b3b57634eb33f49e
COLLECT_GCC_OPTIONS='-v' '-o' 'CMakeFiles/cmTC_b9f3a.dir/CMakeCXXCompilerABI.cpp.o' '-c' '-shared-libgcc' '-march=armv7-a' '-mtune=cortex-a9' '-mfloat-abi=soft' '-mthumb' '-mtls-dialect=gnu'
 /home/haicam/toolchain/gcc-linaro-7.5.0-2019.12-x86_64_arm-linux-gnueabi/bin/../lib/gcc/arm-linux-gnueabi/7.5.0/../../../../arm-linux-gnueabi/bin/as -v -march=armv7-a -mfloat-abi=soft -meabi=5 -o CMakeFiles/cmTC_b9f3a.dir/CMakeCXXCompilerABI.cpp.o /tmp/cctshBb0.s
GNU assembler version 2.28.2 (arm-linux-gnueabi) using BFD version (Linaro_Binutils-2019.12) 2.28.2.20170706
COMPILER_PATH=/home/haicam/toolchain/gcc-linaro-7.5.0-2019.12-x86_64_arm-linux-gnueabi/bin/../libexec/gcc/arm-linux-gnueabi/7.5.0/:/home/haicam/toolchain/gcc-linaro-7.5.0-2019.12-x86_64_arm-linux-gnueabi/bin/../libexec/gcc/arm-linux-gnueabi/:/home/haicam/toolchain/gcc-linaro-7.5.0-2019.12-x86_64_arm-linux-gnueabi/bin/../libexec/gcc/:/home/haicam/toolchain/gcc-linaro-7.5.0-2019.12-x86_64_arm-linux-gnueabi/bin/../lib/gcc/arm-linux-gnueabi/7.5.0/../../../../arm-linux-gnueabi/bin/
LIBRARY_PATH=/home/haicam/toolchain/gcc-linaro-7.5.0-2019.12-x86_64_arm-linux-gnueabi/bin/../lib/gcc/arm-linux-gnueabi/7.5.0/:/home/haicam/toolchain/gcc-linaro-7.5.0-2019.12-x86_64_arm-linux-gnueabi/bin/../lib/gcc/arm-linux-gnueabi/:/home/haicam/toolchain/gcc-linaro-7.5.0-2019.12-x86_64_arm-linux-gnueabi/bin/../lib/gcc/:/home/haicam/toolchain/gcc-linaro-7.5.0-2019.12-x86_64_arm-linux-gnueabi/bin/../lib/gcc/arm-linux-gnueabi/7.5.0/../../../../arm-linux-gnueabi/lib/:/home/haicam/toolchain/gcc-linaro-7.5.0-2019.12-x86_64_arm-linux-gnueabi/bin/../arm-linux-gnueabi/libc/lib/:/home/haicam/toolchain/gcc-linaro-7.5.0-2019.12-x86_64_arm-linux-gnueabi/bin/../arm-linux-gnueabi/libc/usr/lib/
COLLECT_GCC_OPTIONS='-v' '-o' 'CMakeFiles/cmTC_b9f3a.dir/CMakeCXXCompilerABI.cpp.o' '-c' '-shared-libgcc' '-march=armv7-a' '-mtune=cortex-a9' '-mfloat-abi=soft' '-mthumb' '-mtls-dialect=gnu'
Linking CXX executable cmTC_b9f3a
/usr/bin/cmake -E cmake_link_script CMakeFiles/cmTC_b9f3a.dir/link.txt --verbose=1
/home/haicam/toolchain/gcc-linaro-7.5.0-2019.12-x86_64_arm-linux-gnueabi/bin/arm-linux-gnueabi-g++      -v CMakeFiles/cmTC_b9f3a.dir/CMakeCXXCompilerABI.cpp.o  -o cmTC_b9f3a 
Using built-in specs.
COLLECT_GCC=/home/haicam/toolchain/gcc-linaro-7.5.0-2019.12-x86_64_arm-linux-gnueabi/bin/arm-linux-gnueabi-g++
COLLECT_LTO_WRAPPER=/home/haicam/toolchain/gcc-linaro-7.5.0-2019.12-x86_64_arm-linux-gnueabi/bin/../libexec/gcc/arm-linux-gnueabi/7.5.0/lto-wrapper
Target: arm-linux-gnueabi
Configured with: '/home/tcwg-buildslave/workspace/tcwg-make-release_0/snapshots/gcc.git~linaro-7.5-2019.12/configure' SHELL=/bin/bash --with-mpc=/home/tcwg-buildslave/workspace/tcwg-make-release_0/_build/builds/destdir/x86_64-unknown-linux-gnu --with-mpfr=/home/tcwg-buildslave/workspace/tcwg-make-release_0/_build/builds/destdir/x86_64-unknown-linux-gnu --with-gmp=/home/tcwg-buildslave/workspace/tcwg-make-release_0/_build/builds/destdir/x86_64-unknown-linux-gnu --with-gnu-as --with-gnu-ld --disable-libmudflap --enable-lto --enable-shared --without-included-gettext --enable-nls --with-system-zlib --disable-sjlj-exceptions --enable-gnu-unique-object --enable-linker-build-id --disable-libstdcxx-pch --enable-c99 --enable-clocale=gnu --enable-libstdcxx-debug --enable-long-long --with-cloog=no --with-ppl=no --with-isl=no --disable-multilib --with-float=soft --with-mode=thumb --with-tune=cortex-a9 --with-arch=armv7-a --enable-threads=posix --enable-multiarch --enable-libstdcxx-time=yes --enable-gnu-indirect-function --with-build-sysroot=/home/tcwg-buildslave/workspace/tcwg-make-release_0/_build/sysroots/arm-linux-gnueabi --with-sysroot=/home/tcwg-buildslave/workspace/tcwg-make-release_0/_build/builds/destdir/x86_64-unknown-linux-gnu/arm-linux-gnueabi/libc --enable-checking=release --disable-bootstrap --enable-languages=c,c++,fortran,lto --build=x86_64-unknown-linux-gnu --host=x86_64-unknown-linux-gnu --target=arm-linux-gnueabi --prefix=/home/tcwg-buildslave/workspace/tcwg-make-release_0/_build/builds/destdir/x86_64-unknown-linux-gnu
Thread model: posix
gcc version 7.5.0 (Linaro GCC 7.5-2019.12) 
COMPILER_PATH=/home/haicam/toolchain/gcc-linaro-7.5.0-2019.12-x86_64_arm-linux-gnueabi/bin/../libexec/gcc/arm-linux-gnueabi/7.5.0/:/home/haicam/toolchain/gcc-linaro-7.5.0-2019.12-x86_64_arm-linux-gnueabi/bin/../libexec/gcc/arm-linux-gnueabi/:/home/haicam/toolchain/gcc-linaro-7.5.0-2019.12-x86_64_arm-linux-gnueabi/bin/../libexec/gcc/:/home/haicam/toolchain/gcc-linaro-7.5.0-2019.12-x86_64_arm-linux-gnueabi/bin/../lib/gcc/arm-linux-gnueabi/7.5.0/../../../../arm-linux-gnueabi/bin/
LIBRARY_PATH=/home/haicam/toolchain/gcc-linaro-7.5.0-2019.12-x86_64_arm-linux-gnueabi/bin/../lib/gcc/arm-linux-gnueabi/7.5.0/:/home/haicam/toolchain/gcc-linaro-7.5.0-2019.12-x86_64_arm-linux-gnueabi/bin/../lib/gcc/arm-linux-gnueabi/:/home/haicam/toolchain/gcc-linaro-7.5.0-2019.12-x86_64_arm-linux-gnueabi/bin/../lib/gcc/:/home/haicam/toolchain/gcc-linaro-7.5.0-2019.12-x86_64_arm-linux-gnueabi/bin/../lib/gcc/arm-linux-gnueabi/7.5.0/../../../../arm-linux-gnueabi/lib/:/home/haicam/toolchain/gcc-linaro-7.5.0-2019.12-x86_64_arm-linux-gnueabi/bin/../arm-linux-gnueabi/libc/lib/:/home/haicam/toolchain/gcc-linaro-7.5.0-2019.12-x86_64_arm-linux-gnueabi/bin/../arm-linux-gnueabi/libc/usr/lib/
COLLECT_GCC_OPTIONS='-v' '-o' 'cmTC_b9f3a' '-shared-libgcc' '-march=armv7-a' '-mtune=cortex-a9' '-mfloat-abi=soft' '-mthumb' '-mtls-dialect=gnu'
 /home/haicam/toolchain/gcc-linaro-7.5.0-2019.12-x86_64_arm-linux-gnueabi/bin/../libexec/gcc/arm-linux-gnueabi/7.5.0/collect2 -plugin /home/haicam/toolchain/gcc-linaro-7.5.0-2019.12-x86_64_arm-linux-gnueabi/bin/../libexec/gcc/arm-linux-gnueabi/7.5.0/liblto_plugin.so -plugin-opt=/home/haicam/toolchain/gcc-linaro-7.5.0-2019.12-x86_64_arm-linux-gnueabi/bin/../libexec/gcc/arm-linux-gnueabi/7.5.0/lto-wrapper -plugin-opt=-fresolution=/tmp/ccxAnbYv.res -plugin-opt=-pass-through=-lgcc_s -plugin-opt=-pass-through=-lgcc -plugin-opt=-pass-through=-lc -plugin-opt=-pass-through=-lgcc_s -plugin-opt=-pass-through=-lgcc --sysroot=/home/haicam/toolchain/gcc-linaro-7.5.0-2019.12-x86_64_arm-linux-gnueabi/bin/../arm-linux-gnueabi/libc --build-id --eh-frame-hdr -dynamic-linker /lib/ld-linux.so.3 -X -m armelf_linux_eabi -o cmTC_b9f3a /home/haicam/toolchain/gcc-linaro-7.5.0-2019.12-x86_64_arm-linux-gnueabi/bin/../arm-linux-gnueabi/libc/usr/lib/crt1.o /home/haicam/toolchain/gcc-linaro-7.5.0-2019.12-x86_64_arm-linux-gnueabi/bin/../arm-linux-gnueabi/libc/usr/lib/crti.o /home/haicam/toolchain/gcc-linaro-7.5.0-2019.12-x86_64_arm-linux-gnueabi/bin/../lib/gcc/arm-linux-gnueabi/7.5.0/crtbegin.o -L/home/haicam/toolchain/gcc-linaro-7.5.0-2019.12-x86_64_arm-linux-gnueabi/bin/../lib/gcc/arm-linux-gnueabi/7.5.0 -L/home/haicam/toolchain/gcc-linaro-7.5.0-2019.12-x86_64_arm-linux-gnueabi/bin/../lib/gcc/arm-linux-gnueabi -L/home/haicam/toolchain/gcc-linaro-7.5.0-2019.12-x86_64_arm-linux-gnueabi/bin/../lib/gcc -L/home/haicam/toolchain/gcc-linaro-7.5.0-2019.12-x86_64_arm-linux-gnueabi/bin/../lib/gcc/arm-linux-gnueabi/7.5.0/../../../../arm-linux-gnueabi/lib -L/home/haicam/toolchain/gcc-linaro-7.5.0-2019.12-x86_64_arm-linux-gnueabi/bin/../arm-linux-gnueabi/libc/lib -L/home/haicam/toolchain/gcc-linaro-7.5.0-2019.12-x86_64_arm-linux-gnueabi/bin/../arm-linux-gnueabi/libc/usr/lib CMakeFiles/cmTC_b9f3a.dir/CMakeCXXCompilerABI.cpp.o -lstdc++ -lm -lgcc_s -lgcc -lc -lgcc_s -lgcc /home/haicam/toolchain/gcc-linaro-7.5.0-2019.12-x86_64_arm-linux-gnueabi/bin/../lib/gcc/arm-linux-gnueabi/7.5.0/crtend.o /home/haicam/toolchain/gcc-linaro-7.5.0-2019.12-x86_64_arm-linux-gnueabi/bin/../arm-linux-gnueabi/libc/usr/lib/crtn.o
COLLECT_GCC_OPTIONS='-v' '-o' 'cmTC_b9f3a' '-shared-libgcc' '-march=armv7-a' '-mtune=cortex-a9' '-mfloat-abi=soft' '-mthumb' '-mtls-dialect=gnu'
make[1]: Leaving directory '/home/haicam/workspace/build/output/rpi/armv7/generic/CMakeFiles/CMakeTmp'



Parsed CXX implicit include dir info from above output: rv=done
  found start of include info
  found start of implicit include info
    add: [/home/haicam/toolchain/gcc-linaro-7.5.0-2019.12-x86_64_arm-linux-gnueabi/bin/../lib/gcc/arm-linux-gnueabi/7.5.0/../../../../arm-linux-gnueabi/include/c++/7.5.0]
    add: [/home/haicam/toolchain/gcc-linaro-7.5.0-2019.12-x86_64_arm-linux-gnueabi/bin/../lib/gcc/arm-linux-gnueabi/7.5.0/../../../../arm-linux-gnueabi/include/c++/7.5.0/arm-linux-gnueabi/.]
    add: [/home/haicam/toolchain/gcc-linaro-7.5.0-2019.12-x86_64_arm-linux-gnueabi/bin/../lib/gcc/arm-linux-gnueabi/7.5.0/../../../../arm-linux-gnueabi/include/c++/7.5.0/backward]
    add: [/home/haicam/toolchain/gcc-linaro-7.5.0-2019.12-x86_64_arm-linux-gnueabi/bin/../lib/gcc/arm-linux-gnueabi/7.5.0/include]
    add: [/home/haicam/toolchain/gcc-linaro-7.5.0-2019.12-x86_64_arm-linux-gnueabi/bin/../lib/gcc/arm-linux-gnueabi/7.5.0/include-fixed]
    add: [/home/haicam/toolchain/gcc-linaro-7.5.0-2019.12-x86_64_arm-linux-gnueabi/bin/../lib/gcc/arm-linux-gnueabi/7.5.0/../../../../arm-linux-gnueabi/include]
    add: [/home/haicam/toolchain/gcc-linaro-7.5.0-2019.12-x86_64_arm-linux-gnueabi/bin/../arm-linux-gnueabi/libc/usr/include]
  end of search list found
  collapse include dir [/home/haicam/toolchain/gcc-linaro-7.5.0-2019.12-x86_64_arm-linux-gnueabi/bin/../lib/gcc/arm-linux-gnueabi/7.5.0/../../../../arm-linux-gnueabi/include/c++/7.5.0] ==> [/home/haicam/toolchain/gcc-linaro-7.5.0-2019.12-x86_64_arm-linux-gnueabi/arm-linux-gnueabi/include/c++/7.5.0]
  collapse include dir [/home/haicam/toolchain/gcc-linaro-7.5.0-2019.12-x86_64_arm-linux-gnueabi/bin/../lib/gcc/arm-linux-gnueabi/7.5.0/../../../../arm-linux-gnueabi/include/c++/7.5.0/arm-linux-gnueabi/.] ==> [/home/haicam/toolchain/gcc-linaro-7.5.0-2019.12-x86_64_arm-linux-gnueabi/arm-linux-gnueabi/include/c++/7.5.0/arm-linux-gnueabi]
  collapse include dir [/home/haicam/toolchain/gcc-linaro-7.5.0-2019.12-x86_64_arm-linux-gnueabi/bin/../lib/gcc/arm-linux-gnueabi/7.5.0/../../../../arm-linux-gnueabi/include/c++/7.5.0/backward] ==> [/home/haicam/toolchain/gcc-linaro-7.5.0-2019.12-x86_64_arm-linux-gnueabi/arm-linux-gnueabi/include/c++/7.5.0/backward]
  collapse include dir [/home/haicam/toolchain/gcc-linaro-7.5.0-2019.12-x86_64_arm-linux-gnueabi/bin/../lib/gcc/arm-linux-gnueabi/7.5.0/include] ==> [/home/haicam/toolchain/gcc-linaro-7.5.0-2019.12-x86_64_arm-linux-gnueabi/lib/gcc/arm-linux-gnueabi/7.5.0/include]
  collapse include dir [/home/haicam/toolchain/gcc-linaro-7.5.0-2019.12-x86_64_arm-linux-gnueabi/bin/../lib/gcc/arm-linux-gnueabi/7.5.0/include-fixed] ==> [/home/haicam/toolchain/gcc-linaro-7.5.0-2019.12-x86_64_arm-linux-gnueabi/lib/gcc/arm-linux-gnueabi/7.5.0/include-fixed]
  collapse include dir [/home/haicam/toolchain/gcc-linaro-7.5.0-2019.12-x86_64_arm-linux-gnueabi/bin/../lib/gcc/arm-linux-gnueabi/7.5.0/../../../../arm-linux-gnueabi/include] ==> [/home/haicam/toolchain/gcc-linaro-7.5.0-2019.12-x86_64_arm-linux-gnueabi/arm-linux-gnueabi/include]
  collapse include dir [/home/haicam/toolchain/gcc-linaro-7.5.0-2019.12-x86_64_arm-linux-gnueabi/bin/../arm-linux-gnueabi/libc/usr/include] ==> [/home/haicam/toolchain/gcc-linaro-7.5.0-2019.12-x86_64_arm-linux-gnueabi/arm-linux-gnueabi/libc/usr/include]
  implicit include dirs: [/home/haicam/toolchain/gcc-linaro-7.5.0-2019.12-x86_64_arm-linux-gnueabi/arm-linux-gnueabi/include/c++/7.5.0;/home/haicam/toolchain/gcc-linaro-7.5.0-2019.12-x86_64_arm-linux-gnueabi/arm-linux-gnueabi/include/c++/7.5.0/arm-linux-gnueabi;/home/haicam/toolchain/gcc-linaro-7.5.0-2019.12-x86_64_arm-linux-gnueabi/arm-linux-gnueabi/include/c++/7.5.0/backward;/home/haicam/toolchain/gcc-linaro-7.5.0-2019.12-x86_64_arm-linux-gnueabi/lib/gcc/arm-linux-gnueabi/7.5.0/include;/home/haicam/toolchain/gcc-linaro-7.5.0-2019.12-x86_64_arm-linux-gnueabi/lib/gcc/arm-linux-gnueabi/7.5.0/include-fixed;/home/haicam/toolchain/gcc-linaro-7.5.0-2019.12-x86_64_arm-linux-gnueabi/arm-linux-gnueabi/include;/home/haicam/toolchain/gcc-linaro-7.5.0-2019.12-x86_64_arm-linux-gnueabi/arm-linux-gnueabi/libc/usr/include]


Parsed CXX implicit link information from above output:
  link line regex: [^( *|.*[/\])(arm-linux-gnueabi-ld|CMAKE_LINK_STARTFILE-NOTFOUND|([^/\]+-)?ld|collect2)[^/\]*( |$)]
  ignore line: [Change Dir: /home/haicam/workspace/build/output/rpi/armv7/generic/CMakeFiles/CMakeTmp]
  ignore line: []
  ignore line: [Run Build Command(s):/usr/bin/make cmTC_b9f3a/fast && /usr/bin/make -f CMakeFiles/cmTC_b9f3a.dir/build.make CMakeFiles/cmTC_b9f3a.dir/build]
  ignore line: [make[1]: Entering directory '/home/haicam/workspace/build/output/rpi/armv7/generic/CMakeFiles/CMakeTmp']
  ignore line: [Building CXX object CMakeFiles/cmTC_b9f3a.dir/CMakeCXXCompilerABI.cpp.o]
  ignore line: [/home/haicam/toolchain/gcc-linaro-7.5.0-2019.12-x86_64_arm-linux-gnueabi/bin/arm-linux-gnueabi-g++    -v -o CMakeFiles/cmTC_b9f3a.dir/CMakeCXXCompilerABI.cpp.o -c /usr/share/cmake-3.16/Modules/CMakeCXXCompilerABI.cpp]
  ignore line: [Using built-in specs.]
  ignore line: [COLLECT_GCC=/home/haicam/toolchain/gcc-linaro-7.5.0-2019.12-x86_64_arm-linux-gnueabi/bin/arm-linux-gnueabi-g++]
  ignore line: [Target: arm-linux-gnueabi]
  ignore line: [Configured with: '/home/tcwg-buildslave/workspace/tcwg-make-release_0/snapshots/gcc.git~linaro-7.5-2019.12/configure' SHELL=/bin/bash --with-mpc=/home/tcwg-buildslave/workspace/tcwg-make-release_0/_build/builds/destdir/x86_64-unknown-linux-gnu --with-mpfr=/home/tcwg-buildslave/workspace/tcwg-make-release_0/_build/builds/destdir/x86_64-unknown-linux-gnu --with-gmp=/home/tcwg-buildslave/workspace/tcwg-make-release_0/_build/builds/destdir/x86_64-unknown-linux-gnu --with-gnu-as --with-gnu-ld --disable-libmudflap --enable-lto --enable-shared --without-included-gettext --enable-nls --with-system-zlib --disable-sjlj-exceptions --enable-gnu-unique-object --enable-linker-build-id --disable-libstdcxx-pch --enable-c99 --enable-clocale=gnu --enable-libstdcxx-debug --enable-long-long --with-cloog=no --with-ppl=no --with-isl=no --disable-multilib --with-float=soft --with-mode=thumb --with-tune=cortex-a9 --with-arch=armv7-a --enable-threads=posix --enable-multiarch --enable-libstdcxx-time=yes --enable-gnu-indirect-function --with-build-sysroot=/home/tcwg-buildslave/workspace/tcwg-make-release_0/_build/sysroots/arm-linux-gnueabi --with-sysroot=/home/tcwg-buildslave/workspace/tcwg-make-release_0/_build/builds/destdir/x86_64-unknown-linux-gnu/arm-linux-gnueabi/libc --enable-checking=release --disable-bootstrap --enable-languages=c,c++,fortran,lto --build=x86_64-unknown-linux-gnu --host=x86_64-unknown-linux-gnu --target=arm-linux-gnueabi --prefix=/home/tcwg-buildslave/workspace/tcwg-make-release_0/_build/builds/destdir/x86_64-unknown-linux-gnu]
  ignore line: [Thread model: posix]
  ignore line: [gcc version 7.5.0 (Linaro GCC 7.5-2019.12) ]
  ignore line: [COLLECT_GCC_OPTIONS='-v' '-o' 'CMakeFiles/cmTC_b9f3a.dir/CMakeCXXCompilerABI.cpp.o' '-c' '-shared-libgcc' '-march=armv7-a' '-mtune=cortex-a9' '-mfloat-abi=soft' '-mthumb' '-mtls-dialect=gnu']
  ignore line: [ /home/haicam/toolchain/gcc-linaro-7.5.0-2019.12-x86_64_arm-linux-gnueabi/bin/../libexec/gcc/arm-linux-gnueabi/7.5.0/cc1plus -quiet -v -imultilib . -imultiarch arm-linux-gnueabi -iprefix /home/haicam/toolchain/gcc-linaro-7.5.0-2019.12-x86_64_arm-linux-gnueabi/bin/../lib/gcc/arm-linux-gnueabi/7.5.0/ -isysroot /home/haicam/toolchain/gcc-linaro-7.5.0-2019.12-x86_64_arm-linux-gnueabi/bin/../arm-linux-gnueabi/libc -D_GNU_SOURCE /usr/share/cmake-3.16/Modules/CMakeCXXCompilerABI.cpp -quiet -dumpbase CMakeCXXCompilerABI.cpp -march=armv7-a -mtune=cortex-a9 -mfloat-abi=soft -mthumb -mtls-dialect=gnu -auxbase-strip CMakeFiles/cmTC_b9f3a.dir/CMakeCXXCompilerABI.cpp.o -version -o /tmp/cctshBb0.s]
  ignore line: [GNU C++14 (Linaro GCC 7.5-2019.12) version 7.5.0 (arm-linux-gnueabi)]
  ignore line: [	compiled by GNU C version 4.8.4  GMP version 6.1.2  MPFR version 3.1.5  MPC version 1.0.3  isl version none]
  ignore line: [GGC heuristics: --param ggc-min-expand=100 --param ggc-min-heapsize=131072]
  ignore line: [ignoring duplicate directory "/home/haicam/toolchain/gcc-linaro-7.5.0-2019.12-x86_64_arm-linux-gnueabi/bin/../lib/gcc/../../lib/gcc/arm-linux-gnueabi/7.5.0/../../../../arm-linux-gnueabi/include/c++/7.5.0"]
  ignore line: [ignoring duplicate directory "/home/haicam/toolchain/gcc-linaro-7.5.0-2019.12-x86_64_arm-linux-gnueabi/bin/../lib/gcc/../../lib/gcc/arm-linux-gnueabi/7.5.0/../../../../arm-linux-gnueabi/include/c++/7.5.0/arm-linux-gnueabi/."]
  ignore line: [ignoring duplicate directory "/home/haicam/toolchain/gcc-linaro-7.5.0-2019.12-x86_64_arm-linux-gnueabi/bin/../lib/gcc/../../lib/gcc/arm-linux-gnueabi/7.5.0/../../../../arm-linux-gnueabi/include/c++/7.5.0/backward"]
  ignore line: [ignoring duplicate directory "/home/haicam/toolchain/gcc-linaro-7.5.0-2019.12-x86_64_arm-linux-gnueabi/bin/../lib/gcc/../../lib/gcc/arm-linux-gnueabi/7.5.0/include"]
  ignore line: [ignoring nonexistent directory "/home/haicam/toolchain/gcc-linaro-7.5.0-2019.12-x86_64_arm-linux-gnueabi/bin/../arm-linux-gnueabi/libc/usr/local/include/arm-linux-gnueabi"]
  ignore line: [ignoring nonexistent directory "/home/haicam/toolchain/gcc-linaro-7.5.0-2019.12-x86_64_arm-linux-gnueabi/bin/../arm-linux-gnueabi/libc/usr/local/include"]
  ignore line: [ignoring duplicate directory "/home/haicam/toolchain/gcc-linaro-7.5.0-2019.12-x86_64_arm-linux-gnueabi/bin/../lib/gcc/../../lib/gcc/arm-linux-gnueabi/7.5.0/include-fixed"]
  ignore line: [ignoring duplicate directory "/home/haicam/toolchain/gcc-linaro-7.5.0-2019.12-x86_64_arm-linux-gnueabi/bin/../lib/gcc/../../lib/gcc/arm-linux-gnueabi/7.5.0/../../../../arm-linux-gnueabi/include"]
  ignore line: [ignoring nonexistent directory "/home/haicam/toolchain/gcc-linaro-7.5.0-2019.12-x86_64_arm-linux-gnueabi/bin/../arm-linux-gnueabi/libc/usr/include/arm-linux-gnueabi"]
  ignore line: [#include "..." search starts here:]
  ignore line: [#include <...> search starts here:]
  ignore line: [ /home/haicam/toolchain/gcc-linaro-7.5.0-2019.12-x86_64_arm-linux-gnueabi/bin/../lib/gcc/arm-linux-gnueabi/7.5.0/../../../../arm-linux-gnueabi/include/c++/7.5.0]
  ignore line: [ /home/haicam/toolchain/gcc-linaro-7.5.0-2019.12-x86_64_arm-linux-gnueabi/bin/../lib/gcc/arm-linux-gnueabi/7.5.0/../../../../arm-linux-gnueabi/include/c++/7.5.0/arm-linux-gnueabi/.]
  ignore line: [ /home/haicam/toolchain/gcc-linaro-7.5.0-2019.12-x86_64_arm-linux-gnueabi/bin/../lib/gcc/arm-linux-gnueabi/7.5.0/../../../../arm-linux-gnueabi/include/c++/7.5.0/backward]
  ignore line: [ /home/haicam/toolchain/gcc-linaro-7.5.0-2019.12-x86_64_arm-linux-gnueabi/bin/../lib/gcc/arm-linux-gnueabi/7.5.0/include]
  ignore line: [ /home/haicam/toolchain/gcc-linaro-7.5.0-2019.12-x86_64_arm-linux-gnueabi/bin/../lib/gcc/arm-linux-gnueabi/7.5.0/include-fixed]
  ignore line: [ /home/haicam/toolchain/gcc-linaro-7.5.0-2019.12-x86_64_arm-linux-gnueabi/bin/../lib/gcc/arm-linux-gnueabi/7.5.0/../../../../arm-linux-gnueabi/include]
  ignore line: [ /home/haicam/toolchain/gcc-linaro-7.5.0-2019.12-x86_64_arm-linux-gnueabi/bin/../arm-linux-gnueabi/libc/usr/include]
  ignore line: [End of search list.]
  ignore line: [GNU C++14 (Linaro GCC 7.5-2019.12) version 7.5.0 (arm-linux-gnueabi)]
  ignore line: [	compiled by GNU C version 4.8.4  GMP version 6.1.2  MPFR version 3.1.5  MPC version 1.0.3  isl version none]
  ignore line: [GGC heuristics: --param ggc-min-expand=100 --param ggc-min-heapsize=131072]
  ignore line: [Compiler executable checksum: 95bf78736b9c26b3b3b57634eb33f49e]
  ignore line: [COLLECT_GCC_OPTIONS='-v' '-o' 'CMakeFiles/cmTC_b9f3a.dir/CMakeCXXCompilerABI.cpp.o' '-c' '-shared-libgcc' '-march=armv7-a' '-mtune=cortex-a9' '-mfloat-abi=soft' '-mthumb' '-mtls-dialect=gnu']
  ignore line: [ /home/haicam/toolchain/gcc-linaro-7.5.0-2019.12-x86_64_arm-linux-gnueabi/bin/../lib/gcc/arm-linux-gnueabi/7.5.0/../../../../arm-linux-gnueabi/bin/as -v -march=armv7-a -mfloat-abi=soft -meabi=5 -o CMakeFiles/cmTC_b9f3a.dir/CMakeCXXCompilerABI.cpp.o /tmp/cctshBb0.s]
  ignore line: [GNU assembler version 2.28.2 (arm-linux-gnueabi) using BFD version (Linaro_Binutils-2019.12) 2.28.2.20170706]
  ignore line: [COMPILER_PATH=/home/haicam/toolchain/gcc-linaro-7.5.0-2019.12-x86_64_arm-linux-gnueabi/bin/../libexec/gcc/arm-linux-gnueabi/7.5.0/:/home/haicam/toolchain/gcc-linaro-7.5.0-2019.12-x86_64_arm-linux-gnueabi/bin/../libexec/gcc/arm-linux-gnueabi/:/home/haicam/toolchain/gcc-linaro-7.5.0-2019.12-x86_64_arm-linux-gnueabi/bin/../libexec/gcc/:/home/haicam/toolchain/gcc-linaro-7.5.0-2019.12-x86_64_arm-linux-gnueabi/bin/../lib/gcc/arm-linux-gnueabi/7.5.0/../../../../arm-linux-gnueabi/bin/]
  ignore line: [LIBRARY_PATH=/home/haicam/toolchain/gcc-linaro-7.5.0-2019.12-x86_64_arm-linux-gnueabi/bin/../lib/gcc/arm-linux-gnueabi/7.5.0/:/home/haicam/toolchain/gcc-linaro-7.5.0-2019.12-x86_64_arm-linux-gnueabi/bin/../lib/gcc/arm-linux-gnueabi/:/home/haicam/toolchain/gcc-linaro-7.5.0-2019.12-x86_64_arm-linux-gnueabi/bin/../lib/gcc/:/home/haicam/toolchain/gcc-linaro-7.5.0-2019.12-x86_64_arm-linux-gnueabi/bin/../lib/gcc/arm-linux-gnueabi/7.5.0/../../../../arm-linux-gnueabi/lib/:/home/haicam/toolchain/gcc-linaro-7.5.0-2019.12-x86_64_arm-linux-gnueabi/bin/../arm-linux-gnueabi/libc/lib/:/home/haicam/toolchain/gcc-linaro-7.5.0-2019.12-x86_64_arm-linux-gnueabi/bin/../arm-linux-gnueabi/libc/usr/lib/]
  ignore line: [COLLECT_GCC_OPTIONS='-v' '-o' 'CMakeFiles/cmTC_b9f3a.dir/CMakeCXXCompilerABI.cpp.o' '-c' '-shared-libgcc' '-march=armv7-a' '-mtune=cortex-a9' '-mfloat-abi=soft' '-mthumb' '-mtls-dialect=gnu']
  ignore line: [Linking CXX executable cmTC_b9f3a]
  ignore line: [/usr/bin/cmake -E cmake_link_script CMakeFiles/cmTC_b9f3a.dir/link.txt --verbose=1]
  ignore line: [/home/haicam/toolchain/gcc-linaro-7.5.0-2019.12-x86_64_arm-linux-gnueabi/bin/arm-linux-gnueabi-g++      -v CMakeFiles/cmTC_b9f3a.dir/CMakeCXXCompilerABI.cpp.o  -o cmTC_b9f3a ]
  ignore line: [Using built-in specs.]
  ignore line: [COLLECT_GCC=/home/haicam/toolchain/gcc-linaro-7.5.0-2019.12-x86_64_arm-linux-gnueabi/bin/arm-linux-gnueabi-g++]
  ignore line: [COLLECT_LTO_WRAPPER=/home/haicam/toolchain/gcc-linaro-7.5.0-2019.12-x86_64_arm-linux-gnueabi/bin/../libexec/gcc/arm-linux-gnueabi/7.5.0/lto-wrapper]
  ignore line: [Target: arm-linux-gnueabi]
  ignore line: [Configured with: '/home/tcwg-buildslave/workspace/tcwg-make-release_0/snapshots/gcc.git~linaro-7.5-2019.12/configure' SHELL=/bin/bash --with-mpc=/home/tcwg-buildslave/workspace/tcwg-make-release_0/_build/builds/destdir/x86_64-unknown-linux-gnu --with-mpfr=/home/tcwg-buildslave/workspace/tcwg-make-release_0/_build/builds/destdir/x86_64-unknown-linux-gnu --with-gmp=/home/tcwg-buildslave/workspace/tcwg-make-release_0/_build/builds/destdir/x86_64-unknown-linux-gnu --with-gnu-as --with-gnu-ld --disable-libmudflap --enable-lto --enable-shared --without-included-gettext --enable-nls --with-system-zlib --disable-sjlj-exceptions --enable-gnu-unique-object --enable-linker-build-id --disable-libstdcxx-pch --enable-c99 --enable-clocale=gnu --enable-libstdcxx-debug --enable-long-long --with-cloog=no --with-ppl=no --with-isl=no --disable-multilib --with-float=soft --with-mode=thumb --with-tune=cortex-a9 --with-arch=armv7-a --enable-threads=posix --enable-multiarch --enable-libstdcxx-time=yes --enable-gnu-indirect-function --with-build-sysroot=/home/tcwg-buildslave/workspace/tcwg-make-release_0/_build/sysroots/arm-linux-gnueabi --with-sysroot=/home/tcwg-buildslave/workspace/tcwg-make-release_0/_build/builds/destdir/x86_64-unknown-linux-gnu/arm-linux-gnueabi/libc --enable-checking=release --disable-bootstrap --enable-languages=c,c++,fortran,lto --build=x86_64-unknown-linux-gnu --host=x86_64-unknown-linux-gnu --target=arm-linux-gnueabi --prefix=/home/tcwg-buildslave/workspace/tcwg-make-release_0/_build/builds/destdir/x86_64-unknown-linux-gnu]
  ignore line: [Thread model: posix]
  ignore line: [gcc version 7.5.0 (Linaro GCC 7.5-2019.12) ]
  ignore line: [COMPILER_PATH=/home/haicam/toolchain/gcc-linaro-7.5.0-2019.12-x86_64_arm-linux-gnueabi/bin/../libexec/gcc/arm-linux-gnueabi/7.5.0/:/home/haicam/toolchain/gcc-linaro-7.5.0-2019.12-x86_64_arm-linux-gnueabi/bin/../libexec/gcc/arm-linux-gnueabi/:/home/haicam/toolchain/gcc-linaro-7.5.0-2019.12-x86_64_arm-linux-gnueabi/bin/../libexec/gcc/:/home/haicam/toolchain/gcc-linaro-7.5.0-2019.12-x86_64_arm-linux-gnueabi/bin/../lib/gcc/arm-linux-gnueabi/7.5.0/../../../../arm-linux-gnueabi/bin/]
  ignore line: [LIBRARY_PATH=/home/haicam/toolchain/gcc-linaro-7.5.0-2019.12-x86_64_arm-linux-gnueabi/bin/../lib/gcc/arm-linux-gnueabi/7.5.0/:/home/haicam/toolchain/gcc-linaro-7.5.0-2019.12-x86_64_arm-linux-gnueabi/bin/../lib/gcc/arm-linux-gnueabi/:/home/haicam/toolchain/gcc-linaro-7.5.0-2019.12-x86_64_arm-linux-gnueabi/bin/../lib/gcc/:/home/haicam/toolchain/gcc-linaro-7.5.0-2019.12-x86_64_arm-linux-gnueabi/bin/../lib/gcc/arm-linux-gnueabi/7.5.0/../../../../arm-linux-gnueabi/lib/:/home/haicam/toolchain/gcc-linaro-7.5.0-2019.12-x86_64_arm-linux-gnueabi/bin/../arm-linux-gnueabi/libc/lib/:/home/haicam/toolchain/gcc-linaro-7.5.0-2019.12-x86_64_arm-linux-gnueabi/bin/../arm-linux-gnueabi/libc/usr/lib/]
  ignore line: [COLLECT_GCC_OPTIONS='-v' '-o' 'cmTC_b9f3a' '-shared-libgcc' '-march=armv7-a' '-mtune=cortex-a9' '-mfloat-abi=soft' '-mthumb' '-mtls-dialect=gnu']
  link line: [ /home/haicam/toolchain/gcc-linaro-7.5.0-2019.12-x86_64_arm-linux-gnueabi/bin/../libexec/gcc/arm-linux-gnueabi/7.5.0/collect2 -plugin /home/haicam/toolchain/gcc-linaro-7.5.0-2019.12-x86_64_arm-linux-gnueabi/bin/../libexec/gcc/arm-linux-gnueabi/7.5.0/liblto_plugin.so -plugin-opt=/home/haicam/toolchain/gcc-linaro-7.5.0-2019.12-x86_64_arm-linux-gnueabi/bin/../libexec/gcc/arm-linux-gnueabi/7.5.0/lto-wrapper -plugin-opt=-fresolution=/tmp/ccxAnbYv.res -plugin-opt=-pass-through=-lgcc_s -plugin-opt=-pass-through=-lgcc -plugin-opt=-pass-through=-lc -plugin-opt=-pass-through=-lgcc_s -plugin-opt=-pass-through=-lgcc --sysroot=/home/haicam/toolchain/gcc-linaro-7.5.0-2019.12-x86_64_arm-linux-gnueabi/bin/../arm-linux-gnueabi/libc --build-id --eh-frame-hdr -dynamic-linker /lib/ld-linux.so.3 -X -m armelf_linux_eabi -o cmTC_b9f3a /home/haicam/toolchain/gcc-linaro-7.5.0-2019.12-x86_64_arm-linux-gnueabi/bin/../arm-linux-gnueabi/libc/usr/lib/crt1.o /home/haicam/toolchain/gcc-linaro-7.5.0-2019.12-x86_64_arm-linux-gnueabi/bin/../arm-linux-gnueabi/libc/usr/lib/crti.o /home/haicam/toolchain/gcc-linaro-7.5.0-2019.12-x86_64_arm-linux-gnueabi/bin/../lib/gcc/arm-linux-gnueabi/7.5.0/crtbegin.o -L/home/haicam/toolchain/gcc-linaro-7.5.0-2019.12-x86_64_arm-linux-gnueabi/bin/../lib/gcc/arm-linux-gnueabi/7.5.0 -L/home/haicam/toolchain/gcc-linaro-7.5.0-2019.12-x86_64_arm-linux-gnueabi/bin/../lib/gcc/arm-linux-gnueabi -L/home/haicam/toolchain/gcc-linaro-7.5.0-2019.12-x86_64_arm-linux-gnueabi/bin/../lib/gcc -L/home/haicam/toolchain/gcc-linaro-7.5.0-2019.12-x86_64_arm-linux-gnueabi/bin/../lib/gcc/arm-linux-gnueabi/7.5.0/../../../../arm-linux-gnueabi/lib -L/home/haicam/toolchain/gcc-linaro-7.5.0-2019.12-x86_64_arm-linux-gnueabi/bin/../arm-linux-gnueabi/libc/lib -L/home/haicam/toolchain/gcc-linaro-7.5.0-2019.12-x86_64_arm-linux-gnueabi/bin/../arm-linux-gnueabi/libc/usr/lib CMakeFiles/cmTC_b9f3a.dir/CMakeCXXCompilerABI.cpp.o -lstdc++ -lm -lgcc_s -lgcc -lc -lgcc_s -lgcc /home/haicam/toolchain/gcc-linaro-7.5.0-2019.12-x86_64_arm-linux-gnueabi/bin/../lib/gcc/arm-linux-gnueabi/7.5.0/crtend.o /home/haicam/toolchain/gcc-linaro-7.5.0-2019.12-x86_64_arm-linux-gnueabi/bin/../arm-linux-gnueabi/libc/usr/lib/crtn.o]
    arg [/home/haicam/toolchain/gcc-linaro-7.5.0-2019.12-x86_64_arm-linux-gnueabi/bin/../libexec/gcc/arm-linux-gnueabi/7.5.0/collect2] ==> ignore
    arg [-plugin] ==> ignore
    arg [/home/haicam/toolchain/gcc-linaro-7.5.0-2019.12-x86_64_arm-linux-gnueabi/bin/../libexec/gcc/arm-linux-gnueabi/7.5.0/liblto_plugin.so] ==> ignore
    arg [-plugin-opt=/home/haicam/toolchain/gcc-linaro-7.5.0-2019.12-x86_64_arm-linux-gnueabi/bin/../libexec/gcc/arm-linux-gnueabi/7.5.0/lto-wrapper] ==> ignore
    arg [-plugin-opt=-fresolution=/tmp/ccxAnbYv.res] ==> ignore
    arg [-plugin-opt=-pass-through=-lgcc_s] ==> ignore
    arg [-plugin-opt=-pass-through=-lgcc] ==> ignore
    arg [-plugin-opt=-pass-through=-lc] ==> ignore
    arg [-plugin-opt=-pass-through=-lgcc_s] ==> ignore
    arg [-plugin-opt=-pass-through=-lgcc] ==> ignore
    arg [--sysroot=/home/haicam/toolchain/gcc-linaro-7.5.0-2019.12-x86_64_arm-linux-gnueabi/bin/../arm-linux-gnueabi/libc] ==> ignore
    arg [--build-id] ==> ignore
    arg [--eh-frame-hdr] ==> ignore
    arg [-dynamic-linker] ==> ignore
    arg [/lib/ld-linux.so.3] ==> ignore
    arg [-X] ==> ignore
    arg [-m] ==> ignore
    arg [armelf_linux_eabi] ==> ignore
    arg [-o] ==> ignore
    arg [cmTC_b9f3a] ==> ignore
    arg [/home/haicam/toolchain/gcc-linaro-7.5.0-2019.12-x86_64_arm-linux-gnueabi/bin/../arm-linux-gnueabi/libc/usr/lib/crt1.o] ==> ignore
    arg [/home/haicam/toolchain/gcc-linaro-7.5.0-2019.12-x86_64_arm-linux-gnueabi/bin/../arm-linux-gnueabi/libc/usr/lib/crti.o] ==> ignore
    arg [/home/haicam/toolchain/gcc-linaro-7.5.0-2019.12-x86_64_arm-linux-gnueabi/bin/../lib/gcc/arm-linux-gnueabi/7.5.0/crtbegin.o] ==> ignore
    arg [-L/home/haicam/toolchain/gcc-linaro-7.5.0-2019.12-x86_64_arm-linux-gnueabi/bin/../lib/gcc/arm-linux-gnueabi/7.5.0] ==> dir [/home/haicam/toolchain/gcc-linaro-7.5.0-2019.12-x86_64_arm-linux-gnueabi/bin/../lib/gcc/arm-linux-gnueabi/7.5.0]
    arg [-L/home/haicam/toolchain/gcc-linaro-7.5.0-2019.12-x86_64_arm-linux-gnueabi/bin/../lib/gcc/arm-linux-gnueabi] ==> dir [/home/haicam/toolchain/gcc-linaro-7.5.0-2019.12-x86_64_arm-linux-gnueabi/bin/../lib/gcc/arm-linux-gnueabi]
    arg [-L/home/haicam/toolchain/gcc-linaro-7.5.0-2019.12-x86_64_arm-linux-gnueabi/bin/../lib/gcc] ==> dir [/home/haicam/toolchain/gcc-linaro-7.5.0-2019.12-x86_64_arm-linux-gnueabi/bin/../lib/gcc]
    arg [-L/home/haicam/toolchain/gcc-linaro-7.5.0-2019.12-x86_64_arm-linux-gnueabi/bin/../lib/gcc/arm-linux-gnueabi/7.5.0/../../../../arm-linux-gnueabi/lib] ==> dir [/home/haicam/toolchain/gcc-linaro-7.5.0-2019.12-x86_64_arm-linux-gnueabi/bin/../lib/gcc/arm-linux-gnueabi/7.5.0/../../../../arm-linux-gnueabi/lib]
    arg [-L/home/haicam/toolchain/gcc-linaro-7.5.0-2019.12-x86_64_arm-linux-gnueabi/bin/../arm-linux-gnueabi/libc/lib] ==> dir [/home/haicam/toolchain/gcc-linaro-7.5.0-2019.12-x86_64_arm-linux-gnueabi/bin/../arm-linux-gnueabi/libc/lib]
    arg [-L/home/haicam/toolchain/gcc-linaro-7.5.0-2019.12-x86_64_arm-linux-gnueabi/bin/../arm-linux-gnueabi/libc/usr/lib] ==> dir [/home/haicam/toolchain/gcc-linaro-7.5.0-2019.12-x86_64_arm-linux-gnueabi/bin/../arm-linux-gnueabi/libc/usr/lib]
    arg [CMakeFiles/cmTC_b9f3a.dir/CMakeCXXCompilerABI.cpp.o] ==> ignore
    arg [-lstdc++] ==> lib [stdc++]
    arg [-lm] ==> lib [m]
    arg [-lgcc_s] ==> lib [gcc_s]
    arg [-lgcc] ==> lib [gcc]
    arg [-lc] ==> lib [c]
    arg [-lgcc_s] ==> lib [gcc_s]
    arg [-lgcc] ==> lib [gcc]
    arg [/home/haicam/toolchain/gcc-linaro-7.5.0-2019.12-x86_64_arm-linux-gnueabi/bin/../lib/gcc/arm-linux-gnueabi/7.5.0/crtend.o] ==> ignore
    arg [/home/haicam/toolchain/gcc-linaro-7.5.0-2019.12-x86_64_arm-linux-gnueabi/bin/../arm-linux-gnueabi/libc/usr/lib/crtn.o] ==> ignore
  collapse library dir [/home/haicam/toolchain/gcc-linaro-7.5.0-2019.12-x86_64_arm-linux-gnueabi/bin/../lib/gcc/arm-linux-gnueabi/7.5.0] ==> [/home/haicam/toolchain/gcc-linaro-7.5.0-2019.12-x86_64_arm-linux-gnueabi/lib/gcc/arm-linux-gnueabi/7.5.0]
  collapse library dir [/home/haicam/toolchain/gcc-linaro-7.5.0-2019.12-x86_64_arm-linux-gnueabi/bin/../lib/gcc/arm-linux-gnueabi] ==> [/home/haicam/toolchain/gcc-linaro-7.5.0-2019.12-x86_64_arm-linux-gnueabi/lib/gcc/arm-linux-gnueabi]
  collapse library dir [/home/haicam/toolchain/gcc-linaro-7.5.0-2019.12-x86_64_arm-linux-gnueabi/bin/../lib/gcc] ==> [/home/haicam/toolchain/gcc-linaro-7.5.0-2019.12-x86_64_arm-linux-gnueabi/lib/gcc]
  collapse library dir [/home/haicam/toolchain/gcc-linaro-7.5.0-2019.12-x86_64_arm-linux-gnueabi/bin/../lib/gcc/arm-linux-gnueabi/7.5.0/../../../../arm-linux-gnueabi/lib] ==> [/home/haicam/toolchain/gcc-linaro-7.5.0-2019.12-x86_64_arm-linux-gnueabi/arm-linux-gnueabi/lib]
  collapse library dir [/home/haicam/toolchain/gcc-linaro-7.5.0-2019.12-x86_64_arm-linux-gnueabi/bin/../arm-linux-gnueabi/libc/lib] ==> [/home/haicam/toolchain/gcc-linaro-7.5.0-2019.12-x86_64_arm-linux-gnueabi/arm-linux-gnueabi/libc/lib]
  collapse library dir [/home/haicam/toolchain/gcc-linaro-7.5.0-2019.12-x86_64_arm-linux-gnueabi/bin/../arm-linux-gnueabi/libc/usr/lib] ==> [/home/haicam/toolchain/gcc-linaro-7.5.0-2019.12-x86_64_arm-linux-gnueabi/arm-linux-gnueabi/libc/usr/lib]
  implicit libs: [stdc++;m;gcc_s;gcc;c;gcc_s;gcc]
  implicit dirs: [/home/haicam/toolchain/gcc-linaro-7.5.0-2019.12-x86_64_arm-linux-gnueabi/lib/gcc/arm-linux-gnueabi/7.5.0;/home/haicam/toolchain/gcc-linaro-7.5.0-2019.12-x86_64_arm-linux-gnueabi/lib/gcc/arm-linux-gnueabi;/home/haicam/toolchain/gcc-linaro-7.5.0-2019.12-x86_64_arm-linux-gnueabi/lib/gcc;/home/haicam/toolchain/gcc-linaro-7.5.0-2019.12-x86_64_arm-linux-gnueabi/arm-linux-gnueabi/lib;/home/haicam/toolchain/gcc-linaro-7.5.0-2019.12-x86_64_arm-linux-gnueabi/arm-linux-gnueabi/libc/lib;/home/haicam/toolchain/gcc-linaro-7.5.0-2019.12-x86_64_arm-linux-gnueabi/arm-linux-gnueabi/libc/usr/lib]
  implicit fwks: []


