The target system is: Linux -  - 
The host system is: Linux - 5.15.0-27-generic - x86_64
Compiling the C compiler identification source file "CMakeCCompilerId.c" succeeded.
Compiler: /usr/src/arm-linux-3.3/toolchain_gnueabi-4.4.0_ARMv5TE/usr/bin/arm-unknown-linux-uclibcgnueabi-gcc 
Build flags: 
Id flags:  

The output was:
0


Compilation of the C compiler identification source "CMakeCCompilerId.c" produced "a.out"

The C compiler identification is GNU, found in "/home/haicam/workspace/build/output/gm8136/armv5/generic/CMakeFiles/3.16.3/CompilerIdC/a.out"

Compiling the CXX compiler identification source file "CMakeCXXCompilerId.cpp" succeeded.
Compiler: /usr/src/arm-linux-3.3/toolchain_gnueabi-4.4.0_ARMv5TE/usr/bin/arm-unknown-linux-uclibcgnueabi-g++ 
Build flags: 
Id flags:  

The output was:
0


Compilation of the CXX compiler identification source "CMakeCXXCompilerId.cpp" produced "a.out"

The CXX compiler identification is GNU, found in "/home/haicam/workspace/build/output/gm8136/armv5/generic/CMakeFiles/3.16.3/CompilerIdCXX/a.out"

Determining if the C compiler works passed with the following output:
Change Dir: /home/haicam/workspace/build/output/gm8136/armv5/generic/CMakeFiles/CMakeTmp

Run Build Command(s):/usr/bin/make cmTC_9c9f9/fast && /usr/bin/make -f CMakeFiles/cmTC_9c9f9.dir/build.make CMakeFiles/cmTC_9c9f9.dir/build
make[1]: Entering directory '/home/haicam/workspace/build/output/gm8136/armv5/generic/CMakeFiles/CMakeTmp'
Building C object CMakeFiles/cmTC_9c9f9.dir/testCCompiler.c.o
/usr/src/arm-linux-3.3/toolchain_gnueabi-4.4.0_ARMv5TE/usr/bin/arm-unknown-linux-uclibcgnueabi-gcc    -o CMakeFiles/cmTC_9c9f9.dir/testCCompiler.c.o   -c /home/haicam/workspace/build/output/gm8136/armv5/generic/CMakeFiles/CMakeTmp/testCCompiler.c
Linking C executable cmTC_9c9f9
/usr/bin/cmake -E cmake_link_script CMakeFiles/cmTC_9c9f9.dir/link.txt --verbose=1
/usr/src/arm-linux-3.3/toolchain_gnueabi-4.4.0_ARMv5TE/usr/bin/arm-unknown-linux-uclibcgnueabi-gcc      CMakeFiles/cmTC_9c9f9.dir/testCCompiler.c.o  -o cmTC_9c9f9 
make[1]: Leaving directory '/home/haicam/workspace/build/output/gm8136/armv5/generic/CMakeFiles/CMakeTmp'



Detecting C compiler ABI info compiled with the following output:
Change Dir: /home/haicam/workspace/build/output/gm8136/armv5/generic/CMakeFiles/CMakeTmp

Run Build Command(s):/usr/bin/make cmTC_2829f/fast && /usr/bin/make -f CMakeFiles/cmTC_2829f.dir/build.make CMakeFiles/cmTC_2829f.dir/build
make[1]: Entering directory '/home/haicam/workspace/build/output/gm8136/armv5/generic/CMakeFiles/CMakeTmp'
Building C object CMakeFiles/cmTC_2829f.dir/CMakeCCompilerABI.c.o
/usr/src/arm-linux-3.3/toolchain_gnueabi-4.4.0_ARMv5TE/usr/bin/arm-unknown-linux-uclibcgnueabi-gcc   -v -o CMakeFiles/cmTC_2829f.dir/CMakeCCompilerABI.c.o   -c /usr/share/cmake-3.16/Modules/CMakeCCompilerABI.c
Using built-in specs.
Target: arm-unknown-linux-uclibcgnueabi
Configured with: /usr/src/arm-linux-3.3/buildroot-2012.02/output/toolchain/gcc-4.4.0/configure --prefix=/usr/src/arm-linux-3.3/toolchain_gnueabi-4.4.0_ARMv5TE/usr --build=i686-pc-linux-gnu --host=i686-pc-linux-gnu --target=arm-unknown-linux-uclibcgnueabi --enable-languages=c,c++ --with-sysroot=/usr/src/arm-linux-3.3/toolchain_gnueabi-4.4.0_ARMv5TE/usr/arm-unknown-linux-uclibcgnueabi/sysroot --with-build-time-tools=/usr/src/arm-linux-3.3/toolchain_gnueabi-4.4.0_ARMv5TE/usr/arm-unknown-linux-uclibcgnueabi/bin --disable-__cxa_atexit --enable-target-optspace --disable-libgomp --with-gnu-ld --disable-libssp --disable-multilib --enable-tls --enable-shared --with-gmp=/usr/src/arm-linux-3.3/toolchain_gnueabi-4.4.0_ARMv5TE/usr --with-mpfr=/usr/src/arm-linux-3.3/toolchain_gnueabi-4.4.0_ARMv5TE/usr --enable-threads --disable-decimal-float --with-float=soft --with-abi=aapcs-linux --with-arch=armv5te --with-tune=arm926ej-s --with-pkgversion='Buildroot 2012.02' --with-bugurl=http://bugs.buildroot.net/
Thread model: posix
gcc version 4.4.0 20100318 (experimental) (Buildroot 2012.02) 
COLLECT_GCC_OPTIONS='-v' '-o' 'CMakeFiles/cmTC_2829f.dir/CMakeCCompilerABI.c.o' '-c' '-march=armv5te' '-mtune=arm926ej-s' '-mfloat-abi=soft' '-mabi=aapcs-linux'
 /usr/src/arm-linux-3.3/toolchain_gnueabi-4.4.0_ARMv5TE/usr/libexec/gcc/arm-unknown-linux-uclibcgnueabi/4.4.0/cc1 -quiet -v /usr/share/cmake-3.16/Modules/CMakeCCompilerABI.c -quiet -dumpbase CMakeCCompilerABI.c -march=armv5te -mtune=arm926ej-s -mfloat-abi=soft -mabi=aapcs-linux -auxbase-strip CMakeFiles/cmTC_2829f.dir/CMakeCCompilerABI.c.o -version -o /tmp/ccBegMBX.s
ignoring nonexistent directory "/usr/src/arm-linux-3.3/toolchain_gnueabi-4.4.0_ARMv5TE/usr/arm-unknown-linux-uclibcgnueabi/sysroot/usr/local/include"
#include "..." search starts here:
#include <...> search starts here:
 /usr/src/arm-linux-3.3/toolchain_gnueabi-4.4.0_ARMv5TE/usr/lib/gcc/arm-unknown-linux-uclibcgnueabi/4.4.0/include
 /usr/src/arm-linux-3.3/toolchain_gnueabi-4.4.0_ARMv5TE/usr/lib/gcc/arm-unknown-linux-uclibcgnueabi/4.4.0/include-fixed
 /usr/src/arm-linux-3.3/toolchain_gnueabi-4.4.0_ARMv5TE/usr/lib/gcc/arm-unknown-linux-uclibcgnueabi/4.4.0/../../../../arm-unknown-linux-uclibcgnueabi/include
 /usr/src/arm-linux-3.3/toolchain_gnueabi-4.4.0_ARMv5TE/usr/arm-unknown-linux-uclibcgnueabi/sysroot/usr/include
End of search list.
GNU C (Buildroot 2012.02) version 4.4.0 20100318 (experimental) (arm-unknown-linux-uclibcgnueabi)
	compiled by GNU C version 4.1.2 20070925 (Red Hat 4.1.2-33), GMP version 5.0.2, MPFR version 3.0.1-p4.
GGC heuristics: --param ggc-min-expand=30 --param ggc-min-heapsize=4096
Compiler executable checksum: 153648f24abab2c4ac2fb450201bb8fb
COLLECT_GCC_OPTIONS='-v' '-o' 'CMakeFiles/cmTC_2829f.dir/CMakeCCompilerABI.c.o' '-c' '-march=armv5te' '-mtune=arm926ej-s' '-mfloat-abi=soft' '-mabi=aapcs-linux'
 /usr/src/arm-linux-3.3/toolchain_gnueabi-4.4.0_ARMv5TE/usr/lib/gcc/arm-unknown-linux-uclibcgnueabi/4.4.0/../../../../arm-unknown-linux-uclibcgnueabi/bin/as -march=armv5te -mfloat-abi=soft -meabi=5 -o CMakeFiles/cmTC_2829f.dir/CMakeCCompilerABI.c.o /tmp/ccBegMBX.s
COMPILER_PATH=/usr/src/arm-linux-3.3/toolchain_gnueabi-4.4.0_ARMv5TE/usr/libexec/gcc/arm-unknown-linux-uclibcgnueabi/4.4.0/:/usr/src/arm-linux-3.3/toolchain_gnueabi-4.4.0_ARMv5TE/usr/libexec/gcc/arm-unknown-linux-uclibcgnueabi/4.4.0/:/usr/src/arm-linux-3.3/toolchain_gnueabi-4.4.0_ARMv5TE/usr/libexec/gcc/arm-unknown-linux-uclibcgnueabi/:/usr/src/arm-linux-3.3/toolchain_gnueabi-4.4.0_ARMv5TE/usr/lib/gcc/arm-unknown-linux-uclibcgnueabi/4.4.0/:/usr/src/arm-linux-3.3/toolchain_gnueabi-4.4.0_ARMv5TE/usr/lib/gcc/arm-unknown-linux-uclibcgnueabi/:/usr/src/arm-linux-3.3/toolchain_gnueabi-4.4.0_ARMv5TE/usr/lib/gcc/arm-unknown-linux-uclibcgnueabi/4.4.0/../../../../arm-unknown-linux-uclibcgnueabi/bin/
LIBRARY_PATH=/usr/src/arm-linux-3.3/toolchain_gnueabi-4.4.0_ARMv5TE/usr/lib/gcc/arm-unknown-linux-uclibcgnueabi/4.4.0/:/usr/src/arm-linux-3.3/toolchain_gnueabi-4.4.0_ARMv5TE/usr/lib/gcc/arm-unknown-linux-uclibcgnueabi/4.4.0/../../../../arm-unknown-linux-uclibcgnueabi/lib/:/usr/src/arm-linux-3.3/toolchain_gnueabi-4.4.0_ARMv5TE/usr/arm-unknown-linux-uclibcgnueabi/sysroot/lib/:/usr/src/arm-linux-3.3/toolchain_gnueabi-4.4.0_ARMv5TE/usr/arm-unknown-linux-uclibcgnueabi/sysroot/usr/lib/
COLLECT_GCC_OPTIONS='-v' '-o' 'CMakeFiles/cmTC_2829f.dir/CMakeCCompilerABI.c.o' '-c' '-march=armv5te' '-mtune=arm926ej-s' '-mfloat-abi=soft' '-mabi=aapcs-linux'
Linking C executable cmTC_2829f
/usr/bin/cmake -E cmake_link_script CMakeFiles/cmTC_2829f.dir/link.txt --verbose=1
/usr/src/arm-linux-3.3/toolchain_gnueabi-4.4.0_ARMv5TE/usr/bin/arm-unknown-linux-uclibcgnueabi-gcc     -v CMakeFiles/cmTC_2829f.dir/CMakeCCompilerABI.c.o  -o cmTC_2829f 
Using built-in specs.
Target: arm-unknown-linux-uclibcgnueabi
Configured with: /usr/src/arm-linux-3.3/buildroot-2012.02/output/toolchain/gcc-4.4.0/configure --prefix=/usr/src/arm-linux-3.3/toolchain_gnueabi-4.4.0_ARMv5TE/usr --build=i686-pc-linux-gnu --host=i686-pc-linux-gnu --target=arm-unknown-linux-uclibcgnueabi --enable-languages=c,c++ --with-sysroot=/usr/src/arm-linux-3.3/toolchain_gnueabi-4.4.0_ARMv5TE/usr/arm-unknown-linux-uclibcgnueabi/sysroot --with-build-time-tools=/usr/src/arm-linux-3.3/toolchain_gnueabi-4.4.0_ARMv5TE/usr/arm-unknown-linux-uclibcgnueabi/bin --disable-__cxa_atexit --enable-target-optspace --disable-libgomp --with-gnu-ld --disable-libssp --disable-multilib --enable-tls --enable-shared --with-gmp=/usr/src/arm-linux-3.3/toolchain_gnueabi-4.4.0_ARMv5TE/usr --with-mpfr=/usr/src/arm-linux-3.3/toolchain_gnueabi-4.4.0_ARMv5TE/usr --enable-threads --disable-decimal-float --with-float=soft --with-abi=aapcs-linux --with-arch=armv5te --with-tune=arm926ej-s --with-pkgversion='Buildroot 2012.02' --with-bugurl=http://bugs.buildroot.net/
Thread model: posix
gcc version 4.4.0 20100318 (experimental) (Buildroot 2012.02) 
COMPILER_PATH=/usr/src/arm-linux-3.3/toolchain_gnueabi-4.4.0_ARMv5TE/usr/libexec/gcc/arm-unknown-linux-uclibcgnueabi/4.4.0/:/usr/src/arm-linux-3.3/toolchain_gnueabi-4.4.0_ARMv5TE/usr/libexec/gcc/arm-unknown-linux-uclibcgnueabi/4.4.0/:/usr/src/arm-linux-3.3/toolchain_gnueabi-4.4.0_ARMv5TE/usr/libexec/gcc/arm-unknown-linux-uclibcgnueabi/:/usr/src/arm-linux-3.3/toolchain_gnueabi-4.4.0_ARMv5TE/usr/lib/gcc/arm-unknown-linux-uclibcgnueabi/4.4.0/:/usr/src/arm-linux-3.3/toolchain_gnueabi-4.4.0_ARMv5TE/usr/lib/gcc/arm-unknown-linux-uclibcgnueabi/:/usr/src/arm-linux-3.3/toolchain_gnueabi-4.4.0_ARMv5TE/usr/lib/gcc/arm-unknown-linux-uclibcgnueabi/4.4.0/../../../../arm-unknown-linux-uclibcgnueabi/bin/
LIBRARY_PATH=/usr/src/arm-linux-3.3/toolchain_gnueabi-4.4.0_ARMv5TE/usr/lib/gcc/arm-unknown-linux-uclibcgnueabi/4.4.0/:/usr/src/arm-linux-3.3/toolchain_gnueabi-4.4.0_ARMv5TE/usr/lib/gcc/arm-unknown-linux-uclibcgnueabi/4.4.0/../../../../arm-unknown-linux-uclibcgnueabi/lib/:/usr/src/arm-linux-3.3/toolchain_gnueabi-4.4.0_ARMv5TE/usr/arm-unknown-linux-uclibcgnueabi/sysroot/lib/:/usr/src/arm-linux-3.3/toolchain_gnueabi-4.4.0_ARMv5TE/usr/arm-unknown-linux-uclibcgnueabi/sysroot/usr/lib/
COLLECT_GCC_OPTIONS='-v' '-o' 'cmTC_2829f' '-march=armv5te' '-mtune=arm926ej-s' '-mfloat-abi=soft' '-mabi=aapcs-linux'
 /usr/src/arm-linux-3.3/toolchain_gnueabi-4.4.0_ARMv5TE/usr/libexec/gcc/arm-unknown-linux-uclibcgnueabi/4.4.0/collect2 --sysroot=/usr/src/arm-linux-3.3/toolchain_gnueabi-4.4.0_ARMv5TE/usr/arm-unknown-linux-uclibcgnueabi/sysroot --eh-frame-hdr -dynamic-linker /lib/ld-uClibc.so.0 -X -m armelf_linux_eabi -o cmTC_2829f /usr/src/arm-linux-3.3/toolchain_gnueabi-4.4.0_ARMv5TE/usr/arm-unknown-linux-uclibcgnueabi/sysroot/usr/lib/crt1.o /usr/src/arm-linux-3.3/toolchain_gnueabi-4.4.0_ARMv5TE/usr/arm-unknown-linux-uclibcgnueabi/sysroot/usr/lib/crti.o /usr/src/arm-linux-3.3/toolchain_gnueabi-4.4.0_ARMv5TE/usr/lib/gcc/arm-unknown-linux-uclibcgnueabi/4.4.0/crtbegin.o -L/usr/src/arm-linux-3.3/toolchain_gnueabi-4.4.0_ARMv5TE/usr/lib/gcc/arm-unknown-linux-uclibcgnueabi/4.4.0 -L/usr/src/arm-linux-3.3/toolchain_gnueabi-4.4.0_ARMv5TE/usr/lib/gcc/arm-unknown-linux-uclibcgnueabi/4.4.0/../../../../arm-unknown-linux-uclibcgnueabi/lib -L/usr/src/arm-linux-3.3/toolchain_gnueabi-4.4.0_ARMv5TE/usr/arm-unknown-linux-uclibcgnueabi/sysroot/lib -L/usr/src/arm-linux-3.3/toolchain_gnueabi-4.4.0_ARMv5TE/usr/arm-unknown-linux-uclibcgnueabi/sysroot/usr/lib CMakeFiles/cmTC_2829f.dir/CMakeCCompilerABI.c.o -lgcc --as-needed -lgcc_s --no-as-needed -lc -lgcc --as-needed -lgcc_s --no-as-needed /usr/src/arm-linux-3.3/toolchain_gnueabi-4.4.0_ARMv5TE/usr/lib/gcc/arm-unknown-linux-uclibcgnueabi/4.4.0/crtend.o /usr/src/arm-linux-3.3/toolchain_gnueabi-4.4.0_ARMv5TE/usr/arm-unknown-linux-uclibcgnueabi/sysroot/usr/lib/crtn.o
make[1]: Leaving directory '/home/haicam/workspace/build/output/gm8136/armv5/generic/CMakeFiles/CMakeTmp'



Parsed C implicit include dir info from above output: rv=done
  found start of include info
  found start of implicit include info
    add: [/usr/src/arm-linux-3.3/toolchain_gnueabi-4.4.0_ARMv5TE/usr/lib/gcc/arm-unknown-linux-uclibcgnueabi/4.4.0/include]
    add: [/usr/src/arm-linux-3.3/toolchain_gnueabi-4.4.0_ARMv5TE/usr/lib/gcc/arm-unknown-linux-uclibcgnueabi/4.4.0/include-fixed]
    add: [/usr/src/arm-linux-3.3/toolchain_gnueabi-4.4.0_ARMv5TE/usr/lib/gcc/arm-unknown-linux-uclibcgnueabi/4.4.0/../../../../arm-unknown-linux-uclibcgnueabi/include]
    add: [/usr/src/arm-linux-3.3/toolchain_gnueabi-4.4.0_ARMv5TE/usr/arm-unknown-linux-uclibcgnueabi/sysroot/usr/include]
  end of search list found
  collapse include dir [/usr/src/arm-linux-3.3/toolchain_gnueabi-4.4.0_ARMv5TE/usr/lib/gcc/arm-unknown-linux-uclibcgnueabi/4.4.0/include] ==> [/usr/src/arm-linux-3.3/toolchain_gnueabi-4.4.0_ARMv5TE/usr/lib/gcc/arm-unknown-linux-uclibcgnueabi/4.4.0/include]
  collapse include dir [/usr/src/arm-linux-3.3/toolchain_gnueabi-4.4.0_ARMv5TE/usr/lib/gcc/arm-unknown-linux-uclibcgnueabi/4.4.0/include-fixed] ==> [/usr/src/arm-linux-3.3/toolchain_gnueabi-4.4.0_ARMv5TE/usr/lib/gcc/arm-unknown-linux-uclibcgnueabi/4.4.0/include-fixed]
  collapse include dir [/usr/src/arm-linux-3.3/toolchain_gnueabi-4.4.0_ARMv5TE/usr/lib/gcc/arm-unknown-linux-uclibcgnueabi/4.4.0/../../../../arm-unknown-linux-uclibcgnueabi/include] ==> [/usr/src/arm-linux-3.3/toolchain_gnueabi-4.4.0_ARMv5TE/usr/arm-unknown-linux-uclibcgnueabi/include]
  collapse include dir [/usr/src/arm-linux-3.3/toolchain_gnueabi-4.4.0_ARMv5TE/usr/arm-unknown-linux-uclibcgnueabi/sysroot/usr/include] ==> [/usr/src/arm-linux-3.3/toolchain_gnueabi-4.4.0_ARMv5TE/usr/arm-unknown-linux-uclibcgnueabi/sysroot/usr/include]
  implicit include dirs: [/usr/src/arm-linux-3.3/toolchain_gnueabi-4.4.0_ARMv5TE/usr/lib/gcc/arm-unknown-linux-uclibcgnueabi/4.4.0/include;/usr/src/arm-linux-3.3/toolchain_gnueabi-4.4.0_ARMv5TE/usr/lib/gcc/arm-unknown-linux-uclibcgnueabi/4.4.0/include-fixed;/usr/src/arm-linux-3.3/toolchain_gnueabi-4.4.0_ARMv5TE/usr/arm-unknown-linux-uclibcgnueabi/include;/usr/src/arm-linux-3.3/toolchain_gnueabi-4.4.0_ARMv5TE/usr/arm-unknown-linux-uclibcgnueabi/sysroot/usr/include]


Parsed C implicit link information from above output:
  link line regex: [^( *|.*[/\])(arm-unknown-linux-uclibcgnueabi-ld|CMAKE_LINK_STARTFILE-NOTFOUND|([^/\]+-)?ld|collect2)[^/\]*( |$)]
  ignore line: [Change Dir: /home/haicam/workspace/build/output/gm8136/armv5/generic/CMakeFiles/CMakeTmp]
  ignore line: []
  ignore line: [Run Build Command(s):/usr/bin/make cmTC_2829f/fast && /usr/bin/make -f CMakeFiles/cmTC_2829f.dir/build.make CMakeFiles/cmTC_2829f.dir/build]
  ignore line: [make[1]: Entering directory '/home/haicam/workspace/build/output/gm8136/armv5/generic/CMakeFiles/CMakeTmp']
  ignore line: [Building C object CMakeFiles/cmTC_2829f.dir/CMakeCCompilerABI.c.o]
  ignore line: [/usr/src/arm-linux-3.3/toolchain_gnueabi-4.4.0_ARMv5TE/usr/bin/arm-unknown-linux-uclibcgnueabi-gcc   -v -o CMakeFiles/cmTC_2829f.dir/CMakeCCompilerABI.c.o   -c /usr/share/cmake-3.16/Modules/CMakeCCompilerABI.c]
  ignore line: [Using built-in specs.]
  ignore line: [Target: arm-unknown-linux-uclibcgnueabi]
  ignore line: [Configured with: /usr/src/arm-linux-3.3/buildroot-2012.02/output/toolchain/gcc-4.4.0/configure --prefix=/usr/src/arm-linux-3.3/toolchain_gnueabi-4.4.0_ARMv5TE/usr --build=i686-pc-linux-gnu --host=i686-pc-linux-gnu --target=arm-unknown-linux-uclibcgnueabi --enable-languages=c,c++ --with-sysroot=/usr/src/arm-linux-3.3/toolchain_gnueabi-4.4.0_ARMv5TE/usr/arm-unknown-linux-uclibcgnueabi/sysroot --with-build-time-tools=/usr/src/arm-linux-3.3/toolchain_gnueabi-4.4.0_ARMv5TE/usr/arm-unknown-linux-uclibcgnueabi/bin --disable-__cxa_atexit --enable-target-optspace --disable-libgomp --with-gnu-ld --disable-libssp --disable-multilib --enable-tls --enable-shared --with-gmp=/usr/src/arm-linux-3.3/toolchain_gnueabi-4.4.0_ARMv5TE/usr --with-mpfr=/usr/src/arm-linux-3.3/toolchain_gnueabi-4.4.0_ARMv5TE/usr --enable-threads --disable-decimal-float --with-float=soft --with-abi=aapcs-linux --with-arch=armv5te --with-tune=arm926ej-s --with-pkgversion='Buildroot 2012.02' --with-bugurl=http://bugs.buildroot.net/]
  ignore line: [Thread model: posix]
  ignore line: [gcc version 4.4.0 20100318 (experimental) (Buildroot 2012.02) ]
  ignore line: [COLLECT_GCC_OPTIONS='-v' '-o' 'CMakeFiles/cmTC_2829f.dir/CMakeCCompilerABI.c.o' '-c' '-march=armv5te' '-mtune=arm926ej-s' '-mfloat-abi=soft' '-mabi=aapcs-linux']
  ignore line: [ /usr/src/arm-linux-3.3/toolchain_gnueabi-4.4.0_ARMv5TE/usr/libexec/gcc/arm-unknown-linux-uclibcgnueabi/4.4.0/cc1 -quiet -v /usr/share/cmake-3.16/Modules/CMakeCCompilerABI.c -quiet -dumpbase CMakeCCompilerABI.c -march=armv5te -mtune=arm926ej-s -mfloat-abi=soft -mabi=aapcs-linux -auxbase-strip CMakeFiles/cmTC_2829f.dir/CMakeCCompilerABI.c.o -version -o /tmp/ccBegMBX.s]
  ignore line: [ignoring nonexistent directory "/usr/src/arm-linux-3.3/toolchain_gnueabi-4.4.0_ARMv5TE/usr/arm-unknown-linux-uclibcgnueabi/sysroot/usr/local/include"]
  ignore line: [#include "..." search starts here:]
  ignore line: [#include <...> search starts here:]
  ignore line: [ /usr/src/arm-linux-3.3/toolchain_gnueabi-4.4.0_ARMv5TE/usr/lib/gcc/arm-unknown-linux-uclibcgnueabi/4.4.0/include]
  ignore line: [ /usr/src/arm-linux-3.3/toolchain_gnueabi-4.4.0_ARMv5TE/usr/lib/gcc/arm-unknown-linux-uclibcgnueabi/4.4.0/include-fixed]
  ignore line: [ /usr/src/arm-linux-3.3/toolchain_gnueabi-4.4.0_ARMv5TE/usr/lib/gcc/arm-unknown-linux-uclibcgnueabi/4.4.0/../../../../arm-unknown-linux-uclibcgnueabi/include]
  ignore line: [ /usr/src/arm-linux-3.3/toolchain_gnueabi-4.4.0_ARMv5TE/usr/arm-unknown-linux-uclibcgnueabi/sysroot/usr/include]
  ignore line: [End of search list.]
  ignore line: [GNU C (Buildroot 2012.02) version 4.4.0 20100318 (experimental) (arm-unknown-linux-uclibcgnueabi)]
  ignore line: [	compiled by GNU C version 4.1.2 20070925 (Red Hat 4.1.2-33)  GMP version 5.0.2  MPFR version 3.0.1-p4.]
  ignore line: [GGC heuristics: --param ggc-min-expand=30 --param ggc-min-heapsize=4096]
  ignore line: [Compiler executable checksum: 153648f24abab2c4ac2fb450201bb8fb]
  ignore line: [COLLECT_GCC_OPTIONS='-v' '-o' 'CMakeFiles/cmTC_2829f.dir/CMakeCCompilerABI.c.o' '-c' '-march=armv5te' '-mtune=arm926ej-s' '-mfloat-abi=soft' '-mabi=aapcs-linux']
  ignore line: [ /usr/src/arm-linux-3.3/toolchain_gnueabi-4.4.0_ARMv5TE/usr/lib/gcc/arm-unknown-linux-uclibcgnueabi/4.4.0/../../../../arm-unknown-linux-uclibcgnueabi/bin/as -march=armv5te -mfloat-abi=soft -meabi=5 -o CMakeFiles/cmTC_2829f.dir/CMakeCCompilerABI.c.o /tmp/ccBegMBX.s]
  ignore line: [COMPILER_PATH=/usr/src/arm-linux-3.3/toolchain_gnueabi-4.4.0_ARMv5TE/usr/libexec/gcc/arm-unknown-linux-uclibcgnueabi/4.4.0/:/usr/src/arm-linux-3.3/toolchain_gnueabi-4.4.0_ARMv5TE/usr/libexec/gcc/arm-unknown-linux-uclibcgnueabi/4.4.0/:/usr/src/arm-linux-3.3/toolchain_gnueabi-4.4.0_ARMv5TE/usr/libexec/gcc/arm-unknown-linux-uclibcgnueabi/:/usr/src/arm-linux-3.3/toolchain_gnueabi-4.4.0_ARMv5TE/usr/lib/gcc/arm-unknown-linux-uclibcgnueabi/4.4.0/:/usr/src/arm-linux-3.3/toolchain_gnueabi-4.4.0_ARMv5TE/usr/lib/gcc/arm-unknown-linux-uclibcgnueabi/:/usr/src/arm-linux-3.3/toolchain_gnueabi-4.4.0_ARMv5TE/usr/lib/gcc/arm-unknown-linux-uclibcgnueabi/4.4.0/../../../../arm-unknown-linux-uclibcgnueabi/bin/]
  ignore line: [LIBRARY_PATH=/usr/src/arm-linux-3.3/toolchain_gnueabi-4.4.0_ARMv5TE/usr/lib/gcc/arm-unknown-linux-uclibcgnueabi/4.4.0/:/usr/src/arm-linux-3.3/toolchain_gnueabi-4.4.0_ARMv5TE/usr/lib/gcc/arm-unknown-linux-uclibcgnueabi/4.4.0/../../../../arm-unknown-linux-uclibcgnueabi/lib/:/usr/src/arm-linux-3.3/toolchain_gnueabi-4.4.0_ARMv5TE/usr/arm-unknown-linux-uclibcgnueabi/sysroot/lib/:/usr/src/arm-linux-3.3/toolchain_gnueabi-4.4.0_ARMv5TE/usr/arm-unknown-linux-uclibcgnueabi/sysroot/usr/lib/]
  ignore line: [COLLECT_GCC_OPTIONS='-v' '-o' 'CMakeFiles/cmTC_2829f.dir/CMakeCCompilerABI.c.o' '-c' '-march=armv5te' '-mtune=arm926ej-s' '-mfloat-abi=soft' '-mabi=aapcs-linux']
  ignore line: [Linking C executable cmTC_2829f]
  ignore line: [/usr/bin/cmake -E cmake_link_script CMakeFiles/cmTC_2829f.dir/link.txt --verbose=1]
  ignore line: [/usr/src/arm-linux-3.3/toolchain_gnueabi-4.4.0_ARMv5TE/usr/bin/arm-unknown-linux-uclibcgnueabi-gcc     -v CMakeFiles/cmTC_2829f.dir/CMakeCCompilerABI.c.o  -o cmTC_2829f ]
  ignore line: [Using built-in specs.]
  ignore line: [Target: arm-unknown-linux-uclibcgnueabi]
  ignore line: [Configured with: /usr/src/arm-linux-3.3/buildroot-2012.02/output/toolchain/gcc-4.4.0/configure --prefix=/usr/src/arm-linux-3.3/toolchain_gnueabi-4.4.0_ARMv5TE/usr --build=i686-pc-linux-gnu --host=i686-pc-linux-gnu --target=arm-unknown-linux-uclibcgnueabi --enable-languages=c,c++ --with-sysroot=/usr/src/arm-linux-3.3/toolchain_gnueabi-4.4.0_ARMv5TE/usr/arm-unknown-linux-uclibcgnueabi/sysroot --with-build-time-tools=/usr/src/arm-linux-3.3/toolchain_gnueabi-4.4.0_ARMv5TE/usr/arm-unknown-linux-uclibcgnueabi/bin --disable-__cxa_atexit --enable-target-optspace --disable-libgomp --with-gnu-ld --disable-libssp --disable-multilib --enable-tls --enable-shared --with-gmp=/usr/src/arm-linux-3.3/toolchain_gnueabi-4.4.0_ARMv5TE/usr --with-mpfr=/usr/src/arm-linux-3.3/toolchain_gnueabi-4.4.0_ARMv5TE/usr --enable-threads --disable-decimal-float --with-float=soft --with-abi=aapcs-linux --with-arch=armv5te --with-tune=arm926ej-s --with-pkgversion='Buildroot 2012.02' --with-bugurl=http://bugs.buildroot.net/]
  ignore line: [Thread model: posix]
  ignore line: [gcc version 4.4.0 20100318 (experimental) (Buildroot 2012.02) ]
  ignore line: [COMPILER_PATH=/usr/src/arm-linux-3.3/toolchain_gnueabi-4.4.0_ARMv5TE/usr/libexec/gcc/arm-unknown-linux-uclibcgnueabi/4.4.0/:/usr/src/arm-linux-3.3/toolchain_gnueabi-4.4.0_ARMv5TE/usr/libexec/gcc/arm-unknown-linux-uclibcgnueabi/4.4.0/:/usr/src/arm-linux-3.3/toolchain_gnueabi-4.4.0_ARMv5TE/usr/libexec/gcc/arm-unknown-linux-uclibcgnueabi/:/usr/src/arm-linux-3.3/toolchain_gnueabi-4.4.0_ARMv5TE/usr/lib/gcc/arm-unknown-linux-uclibcgnueabi/4.4.0/:/usr/src/arm-linux-3.3/toolchain_gnueabi-4.4.0_ARMv5TE/usr/lib/gcc/arm-unknown-linux-uclibcgnueabi/:/usr/src/arm-linux-3.3/toolchain_gnueabi-4.4.0_ARMv5TE/usr/lib/gcc/arm-unknown-linux-uclibcgnueabi/4.4.0/../../../../arm-unknown-linux-uclibcgnueabi/bin/]
  ignore line: [LIBRARY_PATH=/usr/src/arm-linux-3.3/toolchain_gnueabi-4.4.0_ARMv5TE/usr/lib/gcc/arm-unknown-linux-uclibcgnueabi/4.4.0/:/usr/src/arm-linux-3.3/toolchain_gnueabi-4.4.0_ARMv5TE/usr/lib/gcc/arm-unknown-linux-uclibcgnueabi/4.4.0/../../../../arm-unknown-linux-uclibcgnueabi/lib/:/usr/src/arm-linux-3.3/toolchain_gnueabi-4.4.0_ARMv5TE/usr/arm-unknown-linux-uclibcgnueabi/sysroot/lib/:/usr/src/arm-linux-3.3/toolchain_gnueabi-4.4.0_ARMv5TE/usr/arm-unknown-linux-uclibcgnueabi/sysroot/usr/lib/]
  ignore line: [COLLECT_GCC_OPTIONS='-v' '-o' 'cmTC_2829f' '-march=armv5te' '-mtune=arm926ej-s' '-mfloat-abi=soft' '-mabi=aapcs-linux']
  link line: [ /usr/src/arm-linux-3.3/toolchain_gnueabi-4.4.0_ARMv5TE/usr/libexec/gcc/arm-unknown-linux-uclibcgnueabi/4.4.0/collect2 --sysroot=/usr/src/arm-linux-3.3/toolchain_gnueabi-4.4.0_ARMv5TE/usr/arm-unknown-linux-uclibcgnueabi/sysroot --eh-frame-hdr -dynamic-linker /lib/ld-uClibc.so.0 -X -m armelf_linux_eabi -o cmTC_2829f /usr/src/arm-linux-3.3/toolchain_gnueabi-4.4.0_ARMv5TE/usr/arm-unknown-linux-uclibcgnueabi/sysroot/usr/lib/crt1.o /usr/src/arm-linux-3.3/toolchain_gnueabi-4.4.0_ARMv5TE/usr/arm-unknown-linux-uclibcgnueabi/sysroot/usr/lib/crti.o /usr/src/arm-linux-3.3/toolchain_gnueabi-4.4.0_ARMv5TE/usr/lib/gcc/arm-unknown-linux-uclibcgnueabi/4.4.0/crtbegin.o -L/usr/src/arm-linux-3.3/toolchain_gnueabi-4.4.0_ARMv5TE/usr/lib/gcc/arm-unknown-linux-uclibcgnueabi/4.4.0 -L/usr/src/arm-linux-3.3/toolchain_gnueabi-4.4.0_ARMv5TE/usr/lib/gcc/arm-unknown-linux-uclibcgnueabi/4.4.0/../../../../arm-unknown-linux-uclibcgnueabi/lib -L/usr/src/arm-linux-3.3/toolchain_gnueabi-4.4.0_ARMv5TE/usr/arm-unknown-linux-uclibcgnueabi/sysroot/lib -L/usr/src/arm-linux-3.3/toolchain_gnueabi-4.4.0_ARMv5TE/usr/arm-unknown-linux-uclibcgnueabi/sysroot/usr/lib CMakeFiles/cmTC_2829f.dir/CMakeCCompilerABI.c.o -lgcc --as-needed -lgcc_s --no-as-needed -lc -lgcc --as-needed -lgcc_s --no-as-needed /usr/src/arm-linux-3.3/toolchain_gnueabi-4.4.0_ARMv5TE/usr/lib/gcc/arm-unknown-linux-uclibcgnueabi/4.4.0/crtend.o /usr/src/arm-linux-3.3/toolchain_gnueabi-4.4.0_ARMv5TE/usr/arm-unknown-linux-uclibcgnueabi/sysroot/usr/lib/crtn.o]
    arg [/usr/src/arm-linux-3.3/toolchain_gnueabi-4.4.0_ARMv5TE/usr/libexec/gcc/arm-unknown-linux-uclibcgnueabi/4.4.0/collect2] ==> ignore
    arg [--sysroot=/usr/src/arm-linux-3.3/toolchain_gnueabi-4.4.0_ARMv5TE/usr/arm-unknown-linux-uclibcgnueabi/sysroot] ==> ignore
    arg [--eh-frame-hdr] ==> ignore
    arg [-dynamic-linker] ==> ignore
    arg [/lib/ld-uClibc.so.0] ==> ignore
    arg [-X] ==> ignore
    arg [-m] ==> ignore
    arg [armelf_linux_eabi] ==> ignore
    arg [-o] ==> ignore
    arg [cmTC_2829f] ==> ignore
    arg [/usr/src/arm-linux-3.3/toolchain_gnueabi-4.4.0_ARMv5TE/usr/arm-unknown-linux-uclibcgnueabi/sysroot/usr/lib/crt1.o] ==> ignore
    arg [/usr/src/arm-linux-3.3/toolchain_gnueabi-4.4.0_ARMv5TE/usr/arm-unknown-linux-uclibcgnueabi/sysroot/usr/lib/crti.o] ==> ignore
    arg [/usr/src/arm-linux-3.3/toolchain_gnueabi-4.4.0_ARMv5TE/usr/lib/gcc/arm-unknown-linux-uclibcgnueabi/4.4.0/crtbegin.o] ==> ignore
    arg [-L/usr/src/arm-linux-3.3/toolchain_gnueabi-4.4.0_ARMv5TE/usr/lib/gcc/arm-unknown-linux-uclibcgnueabi/4.4.0] ==> dir [/usr/src/arm-linux-3.3/toolchain_gnueabi-4.4.0_ARMv5TE/usr/lib/gcc/arm-unknown-linux-uclibcgnueabi/4.4.0]
    arg [-L/usr/src/arm-linux-3.3/toolchain_gnueabi-4.4.0_ARMv5TE/usr/lib/gcc/arm-unknown-linux-uclibcgnueabi/4.4.0/../../../../arm-unknown-linux-uclibcgnueabi/lib] ==> dir [/usr/src/arm-linux-3.3/toolchain_gnueabi-4.4.0_ARMv5TE/usr/lib/gcc/arm-unknown-linux-uclibcgnueabi/4.4.0/../../../../arm-unknown-linux-uclibcgnueabi/lib]
    arg [-L/usr/src/arm-linux-3.3/toolchain_gnueabi-4.4.0_ARMv5TE/usr/arm-unknown-linux-uclibcgnueabi/sysroot/lib] ==> dir [/usr/src/arm-linux-3.3/toolchain_gnueabi-4.4.0_ARMv5TE/usr/arm-unknown-linux-uclibcgnueabi/sysroot/lib]
    arg [-L/usr/src/arm-linux-3.3/toolchain_gnueabi-4.4.0_ARMv5TE/usr/arm-unknown-linux-uclibcgnueabi/sysroot/usr/lib] ==> dir [/usr/src/arm-linux-3.3/toolchain_gnueabi-4.4.0_ARMv5TE/usr/arm-unknown-linux-uclibcgnueabi/sysroot/usr/lib]
    arg [CMakeFiles/cmTC_2829f.dir/CMakeCCompilerABI.c.o] ==> ignore
    arg [-lgcc] ==> lib [gcc]
    arg [--as-needed] ==> ignore
    arg [-lgcc_s] ==> lib [gcc_s]
    arg [--no-as-needed] ==> ignore
    arg [-lc] ==> lib [c]
    arg [-lgcc] ==> lib [gcc]
    arg [--as-needed] ==> ignore
    arg [-lgcc_s] ==> lib [gcc_s]
    arg [--no-as-needed] ==> ignore
    arg [/usr/src/arm-linux-3.3/toolchain_gnueabi-4.4.0_ARMv5TE/usr/lib/gcc/arm-unknown-linux-uclibcgnueabi/4.4.0/crtend.o] ==> ignore
    arg [/usr/src/arm-linux-3.3/toolchain_gnueabi-4.4.0_ARMv5TE/usr/arm-unknown-linux-uclibcgnueabi/sysroot/usr/lib/crtn.o] ==> ignore
  collapse library dir [/usr/src/arm-linux-3.3/toolchain_gnueabi-4.4.0_ARMv5TE/usr/lib/gcc/arm-unknown-linux-uclibcgnueabi/4.4.0] ==> [/usr/src/arm-linux-3.3/toolchain_gnueabi-4.4.0_ARMv5TE/usr/lib/gcc/arm-unknown-linux-uclibcgnueabi/4.4.0]
  collapse library dir [/usr/src/arm-linux-3.3/toolchain_gnueabi-4.4.0_ARMv5TE/usr/lib/gcc/arm-unknown-linux-uclibcgnueabi/4.4.0/../../../../arm-unknown-linux-uclibcgnueabi/lib] ==> [/usr/src/arm-linux-3.3/toolchain_gnueabi-4.4.0_ARMv5TE/usr/arm-unknown-linux-uclibcgnueabi/lib]
  collapse library dir [/usr/src/arm-linux-3.3/toolchain_gnueabi-4.4.0_ARMv5TE/usr/arm-unknown-linux-uclibcgnueabi/sysroot/lib] ==> [/usr/src/arm-linux-3.3/toolchain_gnueabi-4.4.0_ARMv5TE/usr/arm-unknown-linux-uclibcgnueabi/sysroot/lib]
  collapse library dir [/usr/src/arm-linux-3.3/toolchain_gnueabi-4.4.0_ARMv5TE/usr/arm-unknown-linux-uclibcgnueabi/sysroot/usr/lib] ==> [/usr/src/arm-linux-3.3/toolchain_gnueabi-4.4.0_ARMv5TE/usr/arm-unknown-linux-uclibcgnueabi/sysroot/usr/lib]
  implicit libs: [gcc;gcc_s;c;gcc;gcc_s]
  implicit dirs: [/usr/src/arm-linux-3.3/toolchain_gnueabi-4.4.0_ARMv5TE/usr/lib/gcc/arm-unknown-linux-uclibcgnueabi/4.4.0;/usr/src/arm-linux-3.3/toolchain_gnueabi-4.4.0_ARMv5TE/usr/arm-unknown-linux-uclibcgnueabi/lib;/usr/src/arm-linux-3.3/toolchain_gnueabi-4.4.0_ARMv5TE/usr/arm-unknown-linux-uclibcgnueabi/sysroot/lib;/usr/src/arm-linux-3.3/toolchain_gnueabi-4.4.0_ARMv5TE/usr/arm-unknown-linux-uclibcgnueabi/sysroot/usr/lib]
  implicit fwks: []


Determining if the CXX compiler works passed with the following output:
Change Dir: /home/haicam/workspace/build/output/gm8136/armv5/generic/CMakeFiles/CMakeTmp

Run Build Command(s):/usr/bin/make cmTC_66f06/fast && /usr/bin/make -f CMakeFiles/cmTC_66f06.dir/build.make CMakeFiles/cmTC_66f06.dir/build
make[1]: Entering directory '/home/haicam/workspace/build/output/gm8136/armv5/generic/CMakeFiles/CMakeTmp'
Building CXX object CMakeFiles/cmTC_66f06.dir/testCXXCompiler.cxx.o
/usr/src/arm-linux-3.3/toolchain_gnueabi-4.4.0_ARMv5TE/usr/bin/arm-unknown-linux-uclibcgnueabi-g++     -o CMakeFiles/cmTC_66f06.dir/testCXXCompiler.cxx.o -c /home/haicam/workspace/build/output/gm8136/armv5/generic/CMakeFiles/CMakeTmp/testCXXCompiler.cxx
Linking CXX executable cmTC_66f06
/usr/bin/cmake -E cmake_link_script CMakeFiles/cmTC_66f06.dir/link.txt --verbose=1
/usr/src/arm-linux-3.3/toolchain_gnueabi-4.4.0_ARMv5TE/usr/bin/arm-unknown-linux-uclibcgnueabi-g++       CMakeFiles/cmTC_66f06.dir/testCXXCompiler.cxx.o  -o cmTC_66f06 
make[1]: Leaving directory '/home/haicam/workspace/build/output/gm8136/armv5/generic/CMakeFiles/CMakeTmp'



Detecting CXX compiler ABI info compiled with the following output:
Change Dir: /home/haicam/workspace/build/output/gm8136/armv5/generic/CMakeFiles/CMakeTmp

Run Build Command(s):/usr/bin/make cmTC_89a1e/fast && /usr/bin/make -f CMakeFiles/cmTC_89a1e.dir/build.make CMakeFiles/cmTC_89a1e.dir/build
make[1]: Entering directory '/home/haicam/workspace/build/output/gm8136/armv5/generic/CMakeFiles/CMakeTmp'
Building CXX object CMakeFiles/cmTC_89a1e.dir/CMakeCXXCompilerABI.cpp.o
/usr/src/arm-linux-3.3/toolchain_gnueabi-4.4.0_ARMv5TE/usr/bin/arm-unknown-linux-uclibcgnueabi-g++    -v -o CMakeFiles/cmTC_89a1e.dir/CMakeCXXCompilerABI.cpp.o -c /usr/share/cmake-3.16/Modules/CMakeCXXCompilerABI.cpp
Using built-in specs.
Target: arm-unknown-linux-uclibcgnueabi
Configured with: /usr/src/arm-linux-3.3/buildroot-2012.02/output/toolchain/gcc-4.4.0/configure --prefix=/usr/src/arm-linux-3.3/toolchain_gnueabi-4.4.0_ARMv5TE/usr --build=i686-pc-linux-gnu --host=i686-pc-linux-gnu --target=arm-unknown-linux-uclibcgnueabi --enable-languages=c,c++ --with-sysroot=/usr/src/arm-linux-3.3/toolchain_gnueabi-4.4.0_ARMv5TE/usr/arm-unknown-linux-uclibcgnueabi/sysroot --with-build-time-tools=/usr/src/arm-linux-3.3/toolchain_gnueabi-4.4.0_ARMv5TE/usr/arm-unknown-linux-uclibcgnueabi/bin --disable-__cxa_atexit --enable-target-optspace --disable-libgomp --with-gnu-ld --disable-libssp --disable-multilib --enable-tls --enable-shared --with-gmp=/usr/src/arm-linux-3.3/toolchain_gnueabi-4.4.0_ARMv5TE/usr --with-mpfr=/usr/src/arm-linux-3.3/toolchain_gnueabi-4.4.0_ARMv5TE/usr --enable-threads --disable-decimal-float --with-float=soft --with-abi=aapcs-linux --with-arch=armv5te --with-tune=arm926ej-s --with-pkgversion='Buildroot 2012.02' --with-bugurl=http://bugs.buildroot.net/
Thread model: posix
gcc version 4.4.0 20100318 (experimental) (Buildroot 2012.02) 
COLLECT_GCC_OPTIONS='-v' '-o' 'CMakeFiles/cmTC_89a1e.dir/CMakeCXXCompilerABI.cpp.o' '-c' '-shared-libgcc' '-march=armv5te' '-mtune=arm926ej-s' '-mfloat-abi=soft' '-mabi=aapcs-linux'
 /usr/src/arm-linux-3.3/toolchain_gnueabi-4.4.0_ARMv5TE/usr/libexec/gcc/arm-unknown-linux-uclibcgnueabi/4.4.0/cc1plus -quiet -v -D_GNU_SOURCE /usr/share/cmake-3.16/Modules/CMakeCXXCompilerABI.cpp -quiet -dumpbase CMakeCXXCompilerABI.cpp -march=armv5te -mtune=arm926ej-s -mfloat-abi=soft -mabi=aapcs-linux -auxbase-strip CMakeFiles/cmTC_89a1e.dir/CMakeCXXCompilerABI.cpp.o -version -o /tmp/ccHYLcHd.s
ignoring nonexistent directory "/usr/src/arm-linux-3.3/toolchain_gnueabi-4.4.0_ARMv5TE/usr/arm-unknown-linux-uclibcgnueabi/sysroot/usr/local/include"
#include "..." search starts here:
#include <...> search starts here:
 /usr/src/arm-linux-3.3/toolchain_gnueabi-4.4.0_ARMv5TE/usr/lib/gcc/arm-unknown-linux-uclibcgnueabi/4.4.0/../../../../arm-unknown-linux-uclibcgnueabi/include/c++/4.4.0
 /usr/src/arm-linux-3.3/toolchain_gnueabi-4.4.0_ARMv5TE/usr/lib/gcc/arm-unknown-linux-uclibcgnueabi/4.4.0/../../../../arm-unknown-linux-uclibcgnueabi/include/c++/4.4.0/arm-unknown-linux-uclibcgnueabi
 /usr/src/arm-linux-3.3/toolchain_gnueabi-4.4.0_ARMv5TE/usr/lib/gcc/arm-unknown-linux-uclibcgnueabi/4.4.0/../../../../arm-unknown-linux-uclibcgnueabi/include/c++/4.4.0/backward
 /usr/src/arm-linux-3.3/toolchain_gnueabi-4.4.0_ARMv5TE/usr/lib/gcc/arm-unknown-linux-uclibcgnueabi/4.4.0/include
 /usr/src/arm-linux-3.3/toolchain_gnueabi-4.4.0_ARMv5TE/usr/lib/gcc/arm-unknown-linux-uclibcgnueabi/4.4.0/include-fixed
 /usr/src/arm-linux-3.3/toolchain_gnueabi-4.4.0_ARMv5TE/usr/lib/gcc/arm-unknown-linux-uclibcgnueabi/4.4.0/../../../../arm-unknown-linux-uclibcgnueabi/include
 /usr/src/arm-linux-3.3/toolchain_gnueabi-4.4.0_ARMv5TE/usr/arm-unknown-linux-uclibcgnueabi/sysroot/usr/include
End of search list.
GNU C++ (Buildroot 2012.02) version 4.4.0 20100318 (experimental) (arm-unknown-linux-uclibcgnueabi)
	compiled by GNU C version 4.1.2 20070925 (Red Hat 4.1.2-33), GMP version 5.0.2, MPFR version 3.0.1-p4.
GGC heuristics: --param ggc-min-expand=30 --param ggc-min-heapsize=4096
Compiler executable checksum: 51309f5400b9cd7785a36a19f3feb881
COLLECT_GCC_OPTIONS='-v' '-o' 'CMakeFiles/cmTC_89a1e.dir/CMakeCXXCompilerABI.cpp.o' '-c' '-shared-libgcc' '-march=armv5te' '-mtune=arm926ej-s' '-mfloat-abi=soft' '-mabi=aapcs-linux'
 /usr/src/arm-linux-3.3/toolchain_gnueabi-4.4.0_ARMv5TE/usr/lib/gcc/arm-unknown-linux-uclibcgnueabi/4.4.0/../../../../arm-unknown-linux-uclibcgnueabi/bin/as -march=armv5te -mfloat-abi=soft -meabi=5 -o CMakeFiles/cmTC_89a1e.dir/CMakeCXXCompilerABI.cpp.o /tmp/ccHYLcHd.s
COMPILER_PATH=/usr/src/arm-linux-3.3/toolchain_gnueabi-4.4.0_ARMv5TE/usr/libexec/gcc/arm-unknown-linux-uclibcgnueabi/4.4.0/:/usr/src/arm-linux-3.3/toolchain_gnueabi-4.4.0_ARMv5TE/usr/libexec/gcc/arm-unknown-linux-uclibcgnueabi/4.4.0/:/usr/src/arm-linux-3.3/toolchain_gnueabi-4.4.0_ARMv5TE/usr/libexec/gcc/arm-unknown-linux-uclibcgnueabi/:/usr/src/arm-linux-3.3/toolchain_gnueabi-4.4.0_ARMv5TE/usr/lib/gcc/arm-unknown-linux-uclibcgnueabi/4.4.0/:/usr/src/arm-linux-3.3/toolchain_gnueabi-4.4.0_ARMv5TE/usr/lib/gcc/arm-unknown-linux-uclibcgnueabi/:/usr/src/arm-linux-3.3/toolchain_gnueabi-4.4.0_ARMv5TE/usr/lib/gcc/arm-unknown-linux-uclibcgnueabi/4.4.0/../../../../arm-unknown-linux-uclibcgnueabi/bin/
LIBRARY_PATH=/usr/src/arm-linux-3.3/toolchain_gnueabi-4.4.0_ARMv5TE/usr/lib/gcc/arm-unknown-linux-uclibcgnueabi/4.4.0/:/usr/src/arm-linux-3.3/toolchain_gnueabi-4.4.0_ARMv5TE/usr/lib/gcc/arm-unknown-linux-uclibcgnueabi/4.4.0/../../../../arm-unknown-linux-uclibcgnueabi/lib/:/usr/src/arm-linux-3.3/toolchain_gnueabi-4.4.0_ARMv5TE/usr/arm-unknown-linux-uclibcgnueabi/sysroot/lib/:/usr/src/arm-linux-3.3/toolchain_gnueabi-4.4.0_ARMv5TE/usr/arm-unknown-linux-uclibcgnueabi/sysroot/usr/lib/
COLLECT_GCC_OPTIONS='-v' '-o' 'CMakeFiles/cmTC_89a1e.dir/CMakeCXXCompilerABI.cpp.o' '-c' '-shared-libgcc' '-march=armv5te' '-mtune=arm926ej-s' '-mfloat-abi=soft' '-mabi=aapcs-linux'
Linking CXX executable cmTC_89a1e
/usr/bin/cmake -E cmake_link_script CMakeFiles/cmTC_89a1e.dir/link.txt --verbose=1
/usr/src/arm-linux-3.3/toolchain_gnueabi-4.4.0_ARMv5TE/usr/bin/arm-unknown-linux-uclibcgnueabi-g++      -v CMakeFiles/cmTC_89a1e.dir/CMakeCXXCompilerABI.cpp.o  -o cmTC_89a1e 
Using built-in specs.
Target: arm-unknown-linux-uclibcgnueabi
Configured with: /usr/src/arm-linux-3.3/buildroot-2012.02/output/toolchain/gcc-4.4.0/configure --prefix=/usr/src/arm-linux-3.3/toolchain_gnueabi-4.4.0_ARMv5TE/usr --build=i686-pc-linux-gnu --host=i686-pc-linux-gnu --target=arm-unknown-linux-uclibcgnueabi --enable-languages=c,c++ --with-sysroot=/usr/src/arm-linux-3.3/toolchain_gnueabi-4.4.0_ARMv5TE/usr/arm-unknown-linux-uclibcgnueabi/sysroot --with-build-time-tools=/usr/src/arm-linux-3.3/toolchain_gnueabi-4.4.0_ARMv5TE/usr/arm-unknown-linux-uclibcgnueabi/bin --disable-__cxa_atexit --enable-target-optspace --disable-libgomp --with-gnu-ld --disable-libssp --disable-multilib --enable-tls --enable-shared --with-gmp=/usr/src/arm-linux-3.3/toolchain_gnueabi-4.4.0_ARMv5TE/usr --with-mpfr=/usr/src/arm-linux-3.3/toolchain_gnueabi-4.4.0_ARMv5TE/usr --enable-threads --disable-decimal-float --with-float=soft --with-abi=aapcs-linux --with-arch=armv5te --with-tune=arm926ej-s --with-pkgversion='Buildroot 2012.02' --with-bugurl=http://bugs.buildroot.net/
Thread model: posix
gcc version 4.4.0 20100318 (experimental) (Buildroot 2012.02) 
COMPILER_PATH=/usr/src/arm-linux-3.3/toolchain_gnueabi-4.4.0_ARMv5TE/usr/libexec/gcc/arm-unknown-linux-uclibcgnueabi/4.4.0/:/usr/src/arm-linux-3.3/toolchain_gnueabi-4.4.0_ARMv5TE/usr/libexec/gcc/arm-unknown-linux-uclibcgnueabi/4.4.0/:/usr/src/arm-linux-3.3/toolchain_gnueabi-4.4.0_ARMv5TE/usr/libexec/gcc/arm-unknown-linux-uclibcgnueabi/:/usr/src/arm-linux-3.3/toolchain_gnueabi-4.4.0_ARMv5TE/usr/lib/gcc/arm-unknown-linux-uclibcgnueabi/4.4.0/:/usr/src/arm-linux-3.3/toolchain_gnueabi-4.4.0_ARMv5TE/usr/lib/gcc/arm-unknown-linux-uclibcgnueabi/:/usr/src/arm-linux-3.3/toolchain_gnueabi-4.4.0_ARMv5TE/usr/lib/gcc/arm-unknown-linux-uclibcgnueabi/4.4.0/../../../../arm-unknown-linux-uclibcgnueabi/bin/
LIBRARY_PATH=/usr/src/arm-linux-3.3/toolchain_gnueabi-4.4.0_ARMv5TE/usr/lib/gcc/arm-unknown-linux-uclibcgnueabi/4.4.0/:/usr/src/arm-linux-3.3/toolchain_gnueabi-4.4.0_ARMv5TE/usr/lib/gcc/arm-unknown-linux-uclibcgnueabi/4.4.0/../../../../arm-unknown-linux-uclibcgnueabi/lib/:/usr/src/arm-linux-3.3/toolchain_gnueabi-4.4.0_ARMv5TE/usr/arm-unknown-linux-uclibcgnueabi/sysroot/lib/:/usr/src/arm-linux-3.3/toolchain_gnueabi-4.4.0_ARMv5TE/usr/arm-unknown-linux-uclibcgnueabi/sysroot/usr/lib/
COLLECT_GCC_OPTIONS='-v' '-o' 'cmTC_89a1e' '-shared-libgcc' '-march=armv5te' '-mtune=arm926ej-s' '-mfloat-abi=soft' '-mabi=aapcs-linux'
 /usr/src/arm-linux-3.3/toolchain_gnueabi-4.4.0_ARMv5TE/usr/libexec/gcc/arm-unknown-linux-uclibcgnueabi/4.4.0/collect2 --sysroot=/usr/src/arm-linux-3.3/toolchain_gnueabi-4.4.0_ARMv5TE/usr/arm-unknown-linux-uclibcgnueabi/sysroot --eh-frame-hdr -dynamic-linker /lib/ld-uClibc.so.0 -X -m armelf_linux_eabi -o cmTC_89a1e /usr/src/arm-linux-3.3/toolchain_gnueabi-4.4.0_ARMv5TE/usr/arm-unknown-linux-uclibcgnueabi/sysroot/usr/lib/crt1.o /usr/src/arm-linux-3.3/toolchain_gnueabi-4.4.0_ARMv5TE/usr/arm-unknown-linux-uclibcgnueabi/sysroot/usr/lib/crti.o /usr/src/arm-linux-3.3/toolchain_gnueabi-4.4.0_ARMv5TE/usr/lib/gcc/arm-unknown-linux-uclibcgnueabi/4.4.0/crtbegin.o -L/usr/src/arm-linux-3.3/toolchain_gnueabi-4.4.0_ARMv5TE/usr/lib/gcc/arm-unknown-linux-uclibcgnueabi/4.4.0 -L/usr/src/arm-linux-3.3/toolchain_gnueabi-4.4.0_ARMv5TE/usr/lib/gcc/arm-unknown-linux-uclibcgnueabi/4.4.0/../../../../arm-unknown-linux-uclibcgnueabi/lib -L/usr/src/arm-linux-3.3/toolchain_gnueabi-4.4.0_ARMv5TE/usr/arm-unknown-linux-uclibcgnueabi/sysroot/lib -L/usr/src/arm-linux-3.3/toolchain_gnueabi-4.4.0_ARMv5TE/usr/arm-unknown-linux-uclibcgnueabi/sysroot/usr/lib CMakeFiles/cmTC_89a1e.dir/CMakeCXXCompilerABI.cpp.o -lstdc++ -lm -lgcc_s -lgcc -lc -lgcc_s -lgcc /usr/src/arm-linux-3.3/toolchain_gnueabi-4.4.0_ARMv5TE/usr/lib/gcc/arm-unknown-linux-uclibcgnueabi/4.4.0/crtend.o /usr/src/arm-linux-3.3/toolchain_gnueabi-4.4.0_ARMv5TE/usr/arm-unknown-linux-uclibcgnueabi/sysroot/usr/lib/crtn.o
make[1]: Leaving directory '/home/haicam/workspace/build/output/gm8136/armv5/generic/CMakeFiles/CMakeTmp'



Parsed CXX implicit include dir info from above output: rv=done
  found start of include info
  found start of implicit include info
    add: [/usr/src/arm-linux-3.3/toolchain_gnueabi-4.4.0_ARMv5TE/usr/lib/gcc/arm-unknown-linux-uclibcgnueabi/4.4.0/../../../../arm-unknown-linux-uclibcgnueabi/include/c++/4.4.0]
    add: [/usr/src/arm-linux-3.3/toolchain_gnueabi-4.4.0_ARMv5TE/usr/lib/gcc/arm-unknown-linux-uclibcgnueabi/4.4.0/../../../../arm-unknown-linux-uclibcgnueabi/include/c++/4.4.0/arm-unknown-linux-uclibcgnueabi]
    add: [/usr/src/arm-linux-3.3/toolchain_gnueabi-4.4.0_ARMv5TE/usr/lib/gcc/arm-unknown-linux-uclibcgnueabi/4.4.0/../../../../arm-unknown-linux-uclibcgnueabi/include/c++/4.4.0/backward]
    add: [/usr/src/arm-linux-3.3/toolchain_gnueabi-4.4.0_ARMv5TE/usr/lib/gcc/arm-unknown-linux-uclibcgnueabi/4.4.0/include]
    add: [/usr/src/arm-linux-3.3/toolchain_gnueabi-4.4.0_ARMv5TE/usr/lib/gcc/arm-unknown-linux-uclibcgnueabi/4.4.0/include-fixed]
    add: [/usr/src/arm-linux-3.3/toolchain_gnueabi-4.4.0_ARMv5TE/usr/lib/gcc/arm-unknown-linux-uclibcgnueabi/4.4.0/../../../../arm-unknown-linux-uclibcgnueabi/include]
    add: [/usr/src/arm-linux-3.3/toolchain_gnueabi-4.4.0_ARMv5TE/usr/arm-unknown-linux-uclibcgnueabi/sysroot/usr/include]
  end of search list found
  collapse include dir [/usr/src/arm-linux-3.3/toolchain_gnueabi-4.4.0_ARMv5TE/usr/lib/gcc/arm-unknown-linux-uclibcgnueabi/4.4.0/../../../../arm-unknown-linux-uclibcgnueabi/include/c++/4.4.0] ==> [/usr/src/arm-linux-3.3/toolchain_gnueabi-4.4.0_ARMv5TE/usr/arm-unknown-linux-uclibcgnueabi/include/c++/4.4.0]
  collapse include dir [/usr/src/arm-linux-3.3/toolchain_gnueabi-4.4.0_ARMv5TE/usr/lib/gcc/arm-unknown-linux-uclibcgnueabi/4.4.0/../../../../arm-unknown-linux-uclibcgnueabi/include/c++/4.4.0/arm-unknown-linux-uclibcgnueabi] ==> [/usr/src/arm-linux-3.3/toolchain_gnueabi-4.4.0_ARMv5TE/usr/arm-unknown-linux-uclibcgnueabi/include/c++/4.4.0/arm-unknown-linux-uclibcgnueabi]
  collapse include dir [/usr/src/arm-linux-3.3/toolchain_gnueabi-4.4.0_ARMv5TE/usr/lib/gcc/arm-unknown-linux-uclibcgnueabi/4.4.0/../../../../arm-unknown-linux-uclibcgnueabi/include/c++/4.4.0/backward] ==> [/usr/src/arm-linux-3.3/toolchain_gnueabi-4.4.0_ARMv5TE/usr/arm-unknown-linux-uclibcgnueabi/include/c++/4.4.0/backward]
  collapse include dir [/usr/src/arm-linux-3.3/toolchain_gnueabi-4.4.0_ARMv5TE/usr/lib/gcc/arm-unknown-linux-uclibcgnueabi/4.4.0/include] ==> [/usr/src/arm-linux-3.3/toolchain_gnueabi-4.4.0_ARMv5TE/usr/lib/gcc/arm-unknown-linux-uclibcgnueabi/4.4.0/include]
  collapse include dir [/usr/src/arm-linux-3.3/toolchain_gnueabi-4.4.0_ARMv5TE/usr/lib/gcc/arm-unknown-linux-uclibcgnueabi/4.4.0/include-fixed] ==> [/usr/src/arm-linux-3.3/toolchain_gnueabi-4.4.0_ARMv5TE/usr/lib/gcc/arm-unknown-linux-uclibcgnueabi/4.4.0/include-fixed]
  collapse include dir [/usr/src/arm-linux-3.3/toolchain_gnueabi-4.4.0_ARMv5TE/usr/lib/gcc/arm-unknown-linux-uclibcgnueabi/4.4.0/../../../../arm-unknown-linux-uclibcgnueabi/include] ==> [/usr/src/arm-linux-3.3/toolchain_gnueabi-4.4.0_ARMv5TE/usr/arm-unknown-linux-uclibcgnueabi/include]
  collapse include dir [/usr/src/arm-linux-3.3/toolchain_gnueabi-4.4.0_ARMv5TE/usr/arm-unknown-linux-uclibcgnueabi/sysroot/usr/include] ==> [/usr/src/arm-linux-3.3/toolchain_gnueabi-4.4.0_ARMv5TE/usr/arm-unknown-linux-uclibcgnueabi/sysroot/usr/include]
  implicit include dirs: [/usr/src/arm-linux-3.3/toolchain_gnueabi-4.4.0_ARMv5TE/usr/arm-unknown-linux-uclibcgnueabi/include/c++/4.4.0;/usr/src/arm-linux-3.3/toolchain_gnueabi-4.4.0_ARMv5TE/usr/arm-unknown-linux-uclibcgnueabi/include/c++/4.4.0/arm-unknown-linux-uclibcgnueabi;/usr/src/arm-linux-3.3/toolchain_gnueabi-4.4.0_ARMv5TE/usr/arm-unknown-linux-uclibcgnueabi/include/c++/4.4.0/backward;/usr/src/arm-linux-3.3/toolchain_gnueabi-4.4.0_ARMv5TE/usr/lib/gcc/arm-unknown-linux-uclibcgnueabi/4.4.0/include;/usr/src/arm-linux-3.3/toolchain_gnueabi-4.4.0_ARMv5TE/usr/lib/gcc/arm-unknown-linux-uclibcgnueabi/4.4.0/include-fixed;/usr/src/arm-linux-3.3/toolchain_gnueabi-4.4.0_ARMv5TE/usr/arm-unknown-linux-uclibcgnueabi/include;/usr/src/arm-linux-3.3/toolchain_gnueabi-4.4.0_ARMv5TE/usr/arm-unknown-linux-uclibcgnueabi/sysroot/usr/include]


Parsed CXX implicit link information from above output:
  link line regex: [^( *|.*[/\])(arm-unknown-linux-uclibcgnueabi-ld|CMAKE_LINK_STARTFILE-NOTFOUND|([^/\]+-)?ld|collect2)[^/\]*( |$)]
  ignore line: [Change Dir: /home/haicam/workspace/build/output/gm8136/armv5/generic/CMakeFiles/CMakeTmp]
  ignore line: []
  ignore line: [Run Build Command(s):/usr/bin/make cmTC_89a1e/fast && /usr/bin/make -f CMakeFiles/cmTC_89a1e.dir/build.make CMakeFiles/cmTC_89a1e.dir/build]
  ignore line: [make[1]: Entering directory '/home/haicam/workspace/build/output/gm8136/armv5/generic/CMakeFiles/CMakeTmp']
  ignore line: [Building CXX object CMakeFiles/cmTC_89a1e.dir/CMakeCXXCompilerABI.cpp.o]
  ignore line: [/usr/src/arm-linux-3.3/toolchain_gnueabi-4.4.0_ARMv5TE/usr/bin/arm-unknown-linux-uclibcgnueabi-g++    -v -o CMakeFiles/cmTC_89a1e.dir/CMakeCXXCompilerABI.cpp.o -c /usr/share/cmake-3.16/Modules/CMakeCXXCompilerABI.cpp]
  ignore line: [Using built-in specs.]
  ignore line: [Target: arm-unknown-linux-uclibcgnueabi]
  ignore line: [Configured with: /usr/src/arm-linux-3.3/buildroot-2012.02/output/toolchain/gcc-4.4.0/configure --prefix=/usr/src/arm-linux-3.3/toolchain_gnueabi-4.4.0_ARMv5TE/usr --build=i686-pc-linux-gnu --host=i686-pc-linux-gnu --target=arm-unknown-linux-uclibcgnueabi --enable-languages=c,c++ --with-sysroot=/usr/src/arm-linux-3.3/toolchain_gnueabi-4.4.0_ARMv5TE/usr/arm-unknown-linux-uclibcgnueabi/sysroot --with-build-time-tools=/usr/src/arm-linux-3.3/toolchain_gnueabi-4.4.0_ARMv5TE/usr/arm-unknown-linux-uclibcgnueabi/bin --disable-__cxa_atexit --enable-target-optspace --disable-libgomp --with-gnu-ld --disable-libssp --disable-multilib --enable-tls --enable-shared --with-gmp=/usr/src/arm-linux-3.3/toolchain_gnueabi-4.4.0_ARMv5TE/usr --with-mpfr=/usr/src/arm-linux-3.3/toolchain_gnueabi-4.4.0_ARMv5TE/usr --enable-threads --disable-decimal-float --with-float=soft --with-abi=aapcs-linux --with-arch=armv5te --with-tune=arm926ej-s --with-pkgversion='Buildroot 2012.02' --with-bugurl=http://bugs.buildroot.net/]
  ignore line: [Thread model: posix]
  ignore line: [gcc version 4.4.0 20100318 (experimental) (Buildroot 2012.02) ]
  ignore line: [COLLECT_GCC_OPTIONS='-v' '-o' 'CMakeFiles/cmTC_89a1e.dir/CMakeCXXCompilerABI.cpp.o' '-c' '-shared-libgcc' '-march=armv5te' '-mtune=arm926ej-s' '-mfloat-abi=soft' '-mabi=aapcs-linux']
  ignore line: [ /usr/src/arm-linux-3.3/toolchain_gnueabi-4.4.0_ARMv5TE/usr/libexec/gcc/arm-unknown-linux-uclibcgnueabi/4.4.0/cc1plus -quiet -v -D_GNU_SOURCE /usr/share/cmake-3.16/Modules/CMakeCXXCompilerABI.cpp -quiet -dumpbase CMakeCXXCompilerABI.cpp -march=armv5te -mtune=arm926ej-s -mfloat-abi=soft -mabi=aapcs-linux -auxbase-strip CMakeFiles/cmTC_89a1e.dir/CMakeCXXCompilerABI.cpp.o -version -o /tmp/ccHYLcHd.s]
  ignore line: [ignoring nonexistent directory "/usr/src/arm-linux-3.3/toolchain_gnueabi-4.4.0_ARMv5TE/usr/arm-unknown-linux-uclibcgnueabi/sysroot/usr/local/include"]
  ignore line: [#include "..." search starts here:]
  ignore line: [#include <...> search starts here:]
  ignore line: [ /usr/src/arm-linux-3.3/toolchain_gnueabi-4.4.0_ARMv5TE/usr/lib/gcc/arm-unknown-linux-uclibcgnueabi/4.4.0/../../../../arm-unknown-linux-uclibcgnueabi/include/c++/4.4.0]
  ignore line: [ /usr/src/arm-linux-3.3/toolchain_gnueabi-4.4.0_ARMv5TE/usr/lib/gcc/arm-unknown-linux-uclibcgnueabi/4.4.0/../../../../arm-unknown-linux-uclibcgnueabi/include/c++/4.4.0/arm-unknown-linux-uclibcgnueabi]
  ignore line: [ /usr/src/arm-linux-3.3/toolchain_gnueabi-4.4.0_ARMv5TE/usr/lib/gcc/arm-unknown-linux-uclibcgnueabi/4.4.0/../../../../arm-unknown-linux-uclibcgnueabi/include/c++/4.4.0/backward]
  ignore line: [ /usr/src/arm-linux-3.3/toolchain_gnueabi-4.4.0_ARMv5TE/usr/lib/gcc/arm-unknown-linux-uclibcgnueabi/4.4.0/include]
  ignore line: [ /usr/src/arm-linux-3.3/toolchain_gnueabi-4.4.0_ARMv5TE/usr/lib/gcc/arm-unknown-linux-uclibcgnueabi/4.4.0/include-fixed]
  ignore line: [ /usr/src/arm-linux-3.3/toolchain_gnueabi-4.4.0_ARMv5TE/usr/lib/gcc/arm-unknown-linux-uclibcgnueabi/4.4.0/../../../../arm-unknown-linux-uclibcgnueabi/include]
  ignore line: [ /usr/src/arm-linux-3.3/toolchain_gnueabi-4.4.0_ARMv5TE/usr/arm-unknown-linux-uclibcgnueabi/sysroot/usr/include]
  ignore line: [End of search list.]
  ignore line: [GNU C++ (Buildroot 2012.02) version 4.4.0 20100318 (experimental) (arm-unknown-linux-uclibcgnueabi)]
  ignore line: [	compiled by GNU C version 4.1.2 20070925 (Red Hat 4.1.2-33)  GMP version 5.0.2  MPFR version 3.0.1-p4.]
  ignore line: [GGC heuristics: --param ggc-min-expand=30 --param ggc-min-heapsize=4096]
  ignore line: [Compiler executable checksum: 51309f5400b9cd7785a36a19f3feb881]
  ignore line: [COLLECT_GCC_OPTIONS='-v' '-o' 'CMakeFiles/cmTC_89a1e.dir/CMakeCXXCompilerABI.cpp.o' '-c' '-shared-libgcc' '-march=armv5te' '-mtune=arm926ej-s' '-mfloat-abi=soft' '-mabi=aapcs-linux']
  ignore line: [ /usr/src/arm-linux-3.3/toolchain_gnueabi-4.4.0_ARMv5TE/usr/lib/gcc/arm-unknown-linux-uclibcgnueabi/4.4.0/../../../../arm-unknown-linux-uclibcgnueabi/bin/as -march=armv5te -mfloat-abi=soft -meabi=5 -o CMakeFiles/cmTC_89a1e.dir/CMakeCXXCompilerABI.cpp.o /tmp/ccHYLcHd.s]
  ignore line: [COMPILER_PATH=/usr/src/arm-linux-3.3/toolchain_gnueabi-4.4.0_ARMv5TE/usr/libexec/gcc/arm-unknown-linux-uclibcgnueabi/4.4.0/:/usr/src/arm-linux-3.3/toolchain_gnueabi-4.4.0_ARMv5TE/usr/libexec/gcc/arm-unknown-linux-uclibcgnueabi/4.4.0/:/usr/src/arm-linux-3.3/toolchain_gnueabi-4.4.0_ARMv5TE/usr/libexec/gcc/arm-unknown-linux-uclibcgnueabi/:/usr/src/arm-linux-3.3/toolchain_gnueabi-4.4.0_ARMv5TE/usr/lib/gcc/arm-unknown-linux-uclibcgnueabi/4.4.0/:/usr/src/arm-linux-3.3/toolchain_gnueabi-4.4.0_ARMv5TE/usr/lib/gcc/arm-unknown-linux-uclibcgnueabi/:/usr/src/arm-linux-3.3/toolchain_gnueabi-4.4.0_ARMv5TE/usr/lib/gcc/arm-unknown-linux-uclibcgnueabi/4.4.0/../../../../arm-unknown-linux-uclibcgnueabi/bin/]
  ignore line: [LIBRARY_PATH=/usr/src/arm-linux-3.3/toolchain_gnueabi-4.4.0_ARMv5TE/usr/lib/gcc/arm-unknown-linux-uclibcgnueabi/4.4.0/:/usr/src/arm-linux-3.3/toolchain_gnueabi-4.4.0_ARMv5TE/usr/lib/gcc/arm-unknown-linux-uclibcgnueabi/4.4.0/../../../../arm-unknown-linux-uclibcgnueabi/lib/:/usr/src/arm-linux-3.3/toolchain_gnueabi-4.4.0_ARMv5TE/usr/arm-unknown-linux-uclibcgnueabi/sysroot/lib/:/usr/src/arm-linux-3.3/toolchain_gnueabi-4.4.0_ARMv5TE/usr/arm-unknown-linux-uclibcgnueabi/sysroot/usr/lib/]
  ignore line: [COLLECT_GCC_OPTIONS='-v' '-o' 'CMakeFiles/cmTC_89a1e.dir/CMakeCXXCompilerABI.cpp.o' '-c' '-shared-libgcc' '-march=armv5te' '-mtune=arm926ej-s' '-mfloat-abi=soft' '-mabi=aapcs-linux']
  ignore line: [Linking CXX executable cmTC_89a1e]
  ignore line: [/usr/bin/cmake -E cmake_link_script CMakeFiles/cmTC_89a1e.dir/link.txt --verbose=1]
  ignore line: [/usr/src/arm-linux-3.3/toolchain_gnueabi-4.4.0_ARMv5TE/usr/bin/arm-unknown-linux-uclibcgnueabi-g++      -v CMakeFiles/cmTC_89a1e.dir/CMakeCXXCompilerABI.cpp.o  -o cmTC_89a1e ]
  ignore line: [Using built-in specs.]
  ignore line: [Target: arm-unknown-linux-uclibcgnueabi]
  ignore line: [Configured with: /usr/src/arm-linux-3.3/buildroot-2012.02/output/toolchain/gcc-4.4.0/configure --prefix=/usr/src/arm-linux-3.3/toolchain_gnueabi-4.4.0_ARMv5TE/usr --build=i686-pc-linux-gnu --host=i686-pc-linux-gnu --target=arm-unknown-linux-uclibcgnueabi --enable-languages=c,c++ --with-sysroot=/usr/src/arm-linux-3.3/toolchain_gnueabi-4.4.0_ARMv5TE/usr/arm-unknown-linux-uclibcgnueabi/sysroot --with-build-time-tools=/usr/src/arm-linux-3.3/toolchain_gnueabi-4.4.0_ARMv5TE/usr/arm-unknown-linux-uclibcgnueabi/bin --disable-__cxa_atexit --enable-target-optspace --disable-libgomp --with-gnu-ld --disable-libssp --disable-multilib --enable-tls --enable-shared --with-gmp=/usr/src/arm-linux-3.3/toolchain_gnueabi-4.4.0_ARMv5TE/usr --with-mpfr=/usr/src/arm-linux-3.3/toolchain_gnueabi-4.4.0_ARMv5TE/usr --enable-threads --disable-decimal-float --with-float=soft --with-abi=aapcs-linux --with-arch=armv5te --with-tune=arm926ej-s --with-pkgversion='Buildroot 2012.02' --with-bugurl=http://bugs.buildroot.net/]
  ignore line: [Thread model: posix]
  ignore line: [gcc version 4.4.0 20100318 (experimental) (Buildroot 2012.02) ]
  ignore line: [COMPILER_PATH=/usr/src/arm-linux-3.3/toolchain_gnueabi-4.4.0_ARMv5TE/usr/libexec/gcc/arm-unknown-linux-uclibcgnueabi/4.4.0/:/usr/src/arm-linux-3.3/toolchain_gnueabi-4.4.0_ARMv5TE/usr/libexec/gcc/arm-unknown-linux-uclibcgnueabi/4.4.0/:/usr/src/arm-linux-3.3/toolchain_gnueabi-4.4.0_ARMv5TE/usr/libexec/gcc/arm-unknown-linux-uclibcgnueabi/:/usr/src/arm-linux-3.3/toolchain_gnueabi-4.4.0_ARMv5TE/usr/lib/gcc/arm-unknown-linux-uclibcgnueabi/4.4.0/:/usr/src/arm-linux-3.3/toolchain_gnueabi-4.4.0_ARMv5TE/usr/lib/gcc/arm-unknown-linux-uclibcgnueabi/:/usr/src/arm-linux-3.3/toolchain_gnueabi-4.4.0_ARMv5TE/usr/lib/gcc/arm-unknown-linux-uclibcgnueabi/4.4.0/../../../../arm-unknown-linux-uclibcgnueabi/bin/]
  ignore line: [LIBRARY_PATH=/usr/src/arm-linux-3.3/toolchain_gnueabi-4.4.0_ARMv5TE/usr/lib/gcc/arm-unknown-linux-uclibcgnueabi/4.4.0/:/usr/src/arm-linux-3.3/toolchain_gnueabi-4.4.0_ARMv5TE/usr/lib/gcc/arm-unknown-linux-uclibcgnueabi/4.4.0/../../../../arm-unknown-linux-uclibcgnueabi/lib/:/usr/src/arm-linux-3.3/toolchain_gnueabi-4.4.0_ARMv5TE/usr/arm-unknown-linux-uclibcgnueabi/sysroot/lib/:/usr/src/arm-linux-3.3/toolchain_gnueabi-4.4.0_ARMv5TE/usr/arm-unknown-linux-uclibcgnueabi/sysroot/usr/lib/]
  ignore line: [COLLECT_GCC_OPTIONS='-v' '-o' 'cmTC_89a1e' '-shared-libgcc' '-march=armv5te' '-mtune=arm926ej-s' '-mfloat-abi=soft' '-mabi=aapcs-linux']
  link line: [ /usr/src/arm-linux-3.3/toolchain_gnueabi-4.4.0_ARMv5TE/usr/libexec/gcc/arm-unknown-linux-uclibcgnueabi/4.4.0/collect2 --sysroot=/usr/src/arm-linux-3.3/toolchain_gnueabi-4.4.0_ARMv5TE/usr/arm-unknown-linux-uclibcgnueabi/sysroot --eh-frame-hdr -dynamic-linker /lib/ld-uClibc.so.0 -X -m armelf_linux_eabi -o cmTC_89a1e /usr/src/arm-linux-3.3/toolchain_gnueabi-4.4.0_ARMv5TE/usr/arm-unknown-linux-uclibcgnueabi/sysroot/usr/lib/crt1.o /usr/src/arm-linux-3.3/toolchain_gnueabi-4.4.0_ARMv5TE/usr/arm-unknown-linux-uclibcgnueabi/sysroot/usr/lib/crti.o /usr/src/arm-linux-3.3/toolchain_gnueabi-4.4.0_ARMv5TE/usr/lib/gcc/arm-unknown-linux-uclibcgnueabi/4.4.0/crtbegin.o -L/usr/src/arm-linux-3.3/toolchain_gnueabi-4.4.0_ARMv5TE/usr/lib/gcc/arm-unknown-linux-uclibcgnueabi/4.4.0 -L/usr/src/arm-linux-3.3/toolchain_gnueabi-4.4.0_ARMv5TE/usr/lib/gcc/arm-unknown-linux-uclibcgnueabi/4.4.0/../../../../arm-unknown-linux-uclibcgnueabi/lib -L/usr/src/arm-linux-3.3/toolchain_gnueabi-4.4.0_ARMv5TE/usr/arm-unknown-linux-uclibcgnueabi/sysroot/lib -L/usr/src/arm-linux-3.3/toolchain_gnueabi-4.4.0_ARMv5TE/usr/arm-unknown-linux-uclibcgnueabi/sysroot/usr/lib CMakeFiles/cmTC_89a1e.dir/CMakeCXXCompilerABI.cpp.o -lstdc++ -lm -lgcc_s -lgcc -lc -lgcc_s -lgcc /usr/src/arm-linux-3.3/toolchain_gnueabi-4.4.0_ARMv5TE/usr/lib/gcc/arm-unknown-linux-uclibcgnueabi/4.4.0/crtend.o /usr/src/arm-linux-3.3/toolchain_gnueabi-4.4.0_ARMv5TE/usr/arm-unknown-linux-uclibcgnueabi/sysroot/usr/lib/crtn.o]
    arg [/usr/src/arm-linux-3.3/toolchain_gnueabi-4.4.0_ARMv5TE/usr/libexec/gcc/arm-unknown-linux-uclibcgnueabi/4.4.0/collect2] ==> ignore
    arg [--sysroot=/usr/src/arm-linux-3.3/toolchain_gnueabi-4.4.0_ARMv5TE/usr/arm-unknown-linux-uclibcgnueabi/sysroot] ==> ignore
    arg [--eh-frame-hdr] ==> ignore
    arg [-dynamic-linker] ==> ignore
    arg [/lib/ld-uClibc.so.0] ==> ignore
    arg [-X] ==> ignore
    arg [-m] ==> ignore
    arg [armelf_linux_eabi] ==> ignore
    arg [-o] ==> ignore
    arg [cmTC_89a1e] ==> ignore
    arg [/usr/src/arm-linux-3.3/toolchain_gnueabi-4.4.0_ARMv5TE/usr/arm-unknown-linux-uclibcgnueabi/sysroot/usr/lib/crt1.o] ==> ignore
    arg [/usr/src/arm-linux-3.3/toolchain_gnueabi-4.4.0_ARMv5TE/usr/arm-unknown-linux-uclibcgnueabi/sysroot/usr/lib/crti.o] ==> ignore
    arg [/usr/src/arm-linux-3.3/toolchain_gnueabi-4.4.0_ARMv5TE/usr/lib/gcc/arm-unknown-linux-uclibcgnueabi/4.4.0/crtbegin.o] ==> ignore
    arg [-L/usr/src/arm-linux-3.3/toolchain_gnueabi-4.4.0_ARMv5TE/usr/lib/gcc/arm-unknown-linux-uclibcgnueabi/4.4.0] ==> dir [/usr/src/arm-linux-3.3/toolchain_gnueabi-4.4.0_ARMv5TE/usr/lib/gcc/arm-unknown-linux-uclibcgnueabi/4.4.0]
    arg [-L/usr/src/arm-linux-3.3/toolchain_gnueabi-4.4.0_ARMv5TE/usr/lib/gcc/arm-unknown-linux-uclibcgnueabi/4.4.0/../../../../arm-unknown-linux-uclibcgnueabi/lib] ==> dir [/usr/src/arm-linux-3.3/toolchain_gnueabi-4.4.0_ARMv5TE/usr/lib/gcc/arm-unknown-linux-uclibcgnueabi/4.4.0/../../../../arm-unknown-linux-uclibcgnueabi/lib]
    arg [-L/usr/src/arm-linux-3.3/toolchain_gnueabi-4.4.0_ARMv5TE/usr/arm-unknown-linux-uclibcgnueabi/sysroot/lib] ==> dir [/usr/src/arm-linux-3.3/toolchain_gnueabi-4.4.0_ARMv5TE/usr/arm-unknown-linux-uclibcgnueabi/sysroot/lib]
    arg [-L/usr/src/arm-linux-3.3/toolchain_gnueabi-4.4.0_ARMv5TE/usr/arm-unknown-linux-uclibcgnueabi/sysroot/usr/lib] ==> dir [/usr/src/arm-linux-3.3/toolchain_gnueabi-4.4.0_ARMv5TE/usr/arm-unknown-linux-uclibcgnueabi/sysroot/usr/lib]
    arg [CMakeFiles/cmTC_89a1e.dir/CMakeCXXCompilerABI.cpp.o] ==> ignore
    arg [-lstdc++] ==> lib [stdc++]
    arg [-lm] ==> lib [m]
    arg [-lgcc_s] ==> lib [gcc_s]
    arg [-lgcc] ==> lib [gcc]
    arg [-lc] ==> lib [c]
    arg [-lgcc_s] ==> lib [gcc_s]
    arg [-lgcc] ==> lib [gcc]
    arg [/usr/src/arm-linux-3.3/toolchain_gnueabi-4.4.0_ARMv5TE/usr/lib/gcc/arm-unknown-linux-uclibcgnueabi/4.4.0/crtend.o] ==> ignore
    arg [/usr/src/arm-linux-3.3/toolchain_gnueabi-4.4.0_ARMv5TE/usr/arm-unknown-linux-uclibcgnueabi/sysroot/usr/lib/crtn.o] ==> ignore
  collapse library dir [/usr/src/arm-linux-3.3/toolchain_gnueabi-4.4.0_ARMv5TE/usr/lib/gcc/arm-unknown-linux-uclibcgnueabi/4.4.0] ==> [/usr/src/arm-linux-3.3/toolchain_gnueabi-4.4.0_ARMv5TE/usr/lib/gcc/arm-unknown-linux-uclibcgnueabi/4.4.0]
  collapse library dir [/usr/src/arm-linux-3.3/toolchain_gnueabi-4.4.0_ARMv5TE/usr/lib/gcc/arm-unknown-linux-uclibcgnueabi/4.4.0/../../../../arm-unknown-linux-uclibcgnueabi/lib] ==> [/usr/src/arm-linux-3.3/toolchain_gnueabi-4.4.0_ARMv5TE/usr/arm-unknown-linux-uclibcgnueabi/lib]
  collapse library dir [/usr/src/arm-linux-3.3/toolchain_gnueabi-4.4.0_ARMv5TE/usr/arm-unknown-linux-uclibcgnueabi/sysroot/lib] ==> [/usr/src/arm-linux-3.3/toolchain_gnueabi-4.4.0_ARMv5TE/usr/arm-unknown-linux-uclibcgnueabi/sysroot/lib]
  collapse library dir [/usr/src/arm-linux-3.3/toolchain_gnueabi-4.4.0_ARMv5TE/usr/arm-unknown-linux-uclibcgnueabi/sysroot/usr/lib] ==> [/usr/src/arm-linux-3.3/toolchain_gnueabi-4.4.0_ARMv5TE/usr/arm-unknown-linux-uclibcgnueabi/sysroot/usr/lib]
  implicit libs: [stdc++;m;gcc_s;gcc;c;gcc_s;gcc]
  implicit dirs: [/usr/src/arm-linux-3.3/toolchain_gnueabi-4.4.0_ARMv5TE/usr/lib/gcc/arm-unknown-linux-uclibcgnueabi/4.4.0;/usr/src/arm-linux-3.3/toolchain_gnueabi-4.4.0_ARMv5TE/usr/arm-unknown-linux-uclibcgnueabi/lib;/usr/src/arm-linux-3.3/toolchain_gnueabi-4.4.0_ARMv5TE/usr/arm-unknown-linux-uclibcgnueabi/sysroot/lib;/usr/src/arm-linux-3.3/toolchain_gnueabi-4.4.0_ARMv5TE/usr/arm-unknown-linux-uclibcgnueabi/sysroot/usr/lib]
  implicit fwks: []




Detecting CXX [-std=c++0x] compiler features compiled with the following output:
Change Dir: /home/haicam/workspace/build/output/gm8136/armv5/generic/CMakeFiles/CMakeTmp

Run Build Command(s):/usr/bin/make cmTC_da43e/fast && /usr/bin/make -f CMakeFiles/cmTC_da43e.dir/build.make CMakeFiles/cmTC_da43e.dir/build
make[1]: Entering directory '/home/haicam/workspace/build/output/gm8136/armv5/generic/CMakeFiles/CMakeTmp'
Building CXX object CMakeFiles/cmTC_da43e.dir/feature_tests.cxx.o
/usr/src/arm-linux-3.3/toolchain_gnueabi-4.4.0_ARMv5TE/usr/bin/arm-unknown-linux-uclibcgnueabi-g++    -std=c++0x -o CMakeFiles/cmTC_da43e.dir/feature_tests.cxx.o -c /home/haicam/workspace/build/output/gm8136/armv5/generic/CMakeFiles/feature_tests.cxx
Linking CXX executable cmTC_da43e
/usr/bin/cmake -E cmake_link_script CMakeFiles/cmTC_da43e.dir/link.txt --verbose=1
/usr/src/arm-linux-3.3/toolchain_gnueabi-4.4.0_ARMv5TE/usr/bin/arm-unknown-linux-uclibcgnueabi-g++       CMakeFiles/cmTC_da43e.dir/feature_tests.cxx.o  -o cmTC_da43e 
make[1]: Leaving directory '/home/haicam/workspace/build/output/gm8136/armv5/generic/CMakeFiles/CMakeTmp'



    Feature record: CXX_FEATURE:1cxx_template_template_parameters
    Feature record: CXX_FEATURE:0cxx_alias_templates
    Feature record: CXX_FEATURE:0cxx_alignas
    Feature record: CXX_FEATURE:0cxx_alignof
    Feature record: CXX_FEATURE:0cxx_attributes
    Feature record: CXX_FEATURE:1cxx_auto_type
    Feature record: CXX_FEATURE:0cxx_constexpr
    Feature record: CXX_FEATURE:1cxx_decltype
    Feature record: CXX_FEATURE:0cxx_decltype_incomplete_return_types
    Feature record: CXX_FEATURE:1cxx_default_function_template_args
    Feature record: CXX_FEATURE:1cxx_defaulted_functions
    Feature record: CXX_FEATURE:0cxx_defaulted_move_initializers
    Feature record: CXX_FEATURE:0cxx_delegating_constructors
    Feature record: CXX_FEATURE:1cxx_deleted_functions
    Feature record: CXX_FEATURE:0cxx_enum_forward_declarations
    Feature record: CXX_FEATURE:0cxx_explicit_conversions
    Feature record: CXX_FEATURE:0cxx_extended_friend_declarations
    Feature record: CXX_FEATURE:1cxx_extern_templates
    Feature record: CXX_FEATURE:0cxx_final
    Feature record: CXX_FEATURE:1cxx_func_identifier
    Feature record: CXX_FEATURE:1cxx_generalized_initializers
    Feature record: CXX_FEATURE:0cxx_inheriting_constructors
    Feature record: CXX_FEATURE:1cxx_inline_namespaces
    Feature record: CXX_FEATURE:0cxx_lambdas
    Feature record: CXX_FEATURE:0cxx_local_type_template_args
    Feature record: CXX_FEATURE:1cxx_long_long_type
    Feature record: CXX_FEATURE:0cxx_noexcept
    Feature record: CXX_FEATURE:0cxx_nonstatic_member_init
    Feature record: CXX_FEATURE:0cxx_nullptr
    Feature record: CXX_FEATURE:0cxx_override
    Feature record: CXX_FEATURE:0cxx_range_for
    Feature record: CXX_FEATURE:0cxx_raw_string_literals
    Feature record: CXX_FEATURE:0cxx_reference_qualified_functions
    Feature record: CXX_FEATURE:1cxx_right_angle_brackets
    Feature record: CXX_FEATURE:1cxx_rvalue_references
    Feature record: CXX_FEATURE:1cxx_sizeof_member
    Feature record: CXX_FEATURE:1cxx_static_assert
    Feature record: CXX_FEATURE:1cxx_strong_enums
    Feature record: CXX_FEATURE:0cxx_thread_local
    Feature record: CXX_FEATURE:1cxx_trailing_return_types
    Feature record: CXX_FEATURE:1cxx_unicode_literals
    Feature record: CXX_FEATURE:1cxx_uniform_initialization
    Feature record: CXX_FEATURE:0cxx_unrestricted_unions
    Feature record: CXX_FEATURE:0cxx_user_literals
    Feature record: CXX_FEATURE:1cxx_variadic_macros
    Feature record: CXX_FEATURE:1cxx_variadic_templates
    Feature record: CXX_FEATURE:0cxx_aggregate_default_initializers
    Feature record: CXX_FEATURE:0cxx_attribute_deprecated
    Feature record: CXX_FEATURE:0cxx_binary_literals
    Feature record: CXX_FEATURE:0cxx_contextual_conversions
    Feature record: CXX_FEATURE:0cxx_decltype_auto
    Feature record: CXX_FEATURE:0cxx_digit_separators
    Feature record: CXX_FEATURE:0cxx_generic_lambdas
    Feature record: CXX_FEATURE:0cxx_lambda_init_captures
    Feature record: CXX_FEATURE:0cxx_relaxed_constexpr
    Feature record: CXX_FEATURE:0cxx_return_type_deduction
    Feature record: CXX_FEATURE:0cxx_variable_templates


Detecting CXX [-std=c++98] compiler features compiled with the following output:
Change Dir: /home/haicam/workspace/build/output/gm8136/armv5/generic/CMakeFiles/CMakeTmp

Run Build Command(s):/usr/bin/make cmTC_659c2/fast && /usr/bin/make -f CMakeFiles/cmTC_659c2.dir/build.make CMakeFiles/cmTC_659c2.dir/build
make[1]: Entering directory '/home/haicam/workspace/build/output/gm8136/armv5/generic/CMakeFiles/CMakeTmp'
Building CXX object CMakeFiles/cmTC_659c2.dir/feature_tests.cxx.o
/usr/src/arm-linux-3.3/toolchain_gnueabi-4.4.0_ARMv5TE/usr/bin/arm-unknown-linux-uclibcgnueabi-g++    -std=c++98 -o CMakeFiles/cmTC_659c2.dir/feature_tests.cxx.o -c /home/haicam/workspace/build/output/gm8136/armv5/generic/CMakeFiles/feature_tests.cxx
Linking CXX executable cmTC_659c2
/usr/bin/cmake -E cmake_link_script CMakeFiles/cmTC_659c2.dir/link.txt --verbose=1
/usr/src/arm-linux-3.3/toolchain_gnueabi-4.4.0_ARMv5TE/usr/bin/arm-unknown-linux-uclibcgnueabi-g++       CMakeFiles/cmTC_659c2.dir/feature_tests.cxx.o  -o cmTC_659c2 
make[1]: Leaving directory '/home/haicam/workspace/build/output/gm8136/armv5/generic/CMakeFiles/CMakeTmp'



    Feature record: CXX_FEATURE:1cxx_template_template_parameters
    Feature record: CXX_FEATURE:0cxx_alias_templates
    Feature record: CXX_FEATURE:0cxx_alignas
    Feature record: CXX_FEATURE:0cxx_alignof
    Feature record: CXX_FEATURE:0cxx_attributes
    Feature record: CXX_FEATURE:0cxx_auto_type
    Feature record: CXX_FEATURE:0cxx_constexpr
    Feature record: CXX_FEATURE:0cxx_decltype
    Feature record: CXX_FEATURE:0cxx_decltype_incomplete_return_types
    Feature record: CXX_FEATURE:0cxx_default_function_template_args
    Feature record: CXX_FEATURE:0cxx_defaulted_functions
    Feature record: CXX_FEATURE:0cxx_defaulted_move_initializers
    Feature record: CXX_FEATURE:0cxx_delegating_constructors
    Feature record: CXX_FEATURE:0cxx_deleted_functions
    Feature record: CXX_FEATURE:0cxx_enum_forward_declarations
    Feature record: CXX_FEATURE:0cxx_explicit_conversions
    Feature record: CXX_FEATURE:0cxx_extended_friend_declarations
    Feature record: CXX_FEATURE:0cxx_extern_templates
    Feature record: CXX_FEATURE:0cxx_final
    Feature record: CXX_FEATURE:0cxx_func_identifier
    Feature record: CXX_FEATURE:0cxx_generalized_initializers
    Feature record: CXX_FEATURE:0cxx_inheriting_constructors
    Feature record: CXX_FEATURE:0cxx_inline_namespaces
    Feature record: CXX_FEATURE:0cxx_lambdas
    Feature record: CXX_FEATURE:0cxx_local_type_template_args
    Feature record: CXX_FEATURE:0cxx_long_long_type
    Feature record: CXX_FEATURE:0cxx_noexcept
    Feature record: CXX_FEATURE:0cxx_nonstatic_member_init
    Feature record: CXX_FEATURE:0cxx_nullptr
    Feature record: CXX_FEATURE:0cxx_override
    Feature record: CXX_FEATURE:0cxx_range_for
    Feature record: CXX_FEATURE:0cxx_raw_string_literals
    Feature record: CXX_FEATURE:0cxx_reference_qualified_functions
    Feature record: CXX_FEATURE:0cxx_right_angle_brackets
    Feature record: CXX_FEATURE:0cxx_rvalue_references
    Feature record: CXX_FEATURE:0cxx_sizeof_member
    Feature record: CXX_FEATURE:0cxx_static_assert
    Feature record: CXX_FEATURE:0cxx_strong_enums
    Feature record: CXX_FEATURE:0cxx_thread_local
    Feature record: CXX_FEATURE:0cxx_trailing_return_types
    Feature record: CXX_FEATURE:0cxx_unicode_literals
    Feature record: CXX_FEATURE:0cxx_uniform_initialization
    Feature record: CXX_FEATURE:0cxx_unrestricted_unions
    Feature record: CXX_FEATURE:0cxx_user_literals
    Feature record: CXX_FEATURE:0cxx_variadic_macros
    Feature record: CXX_FEATURE:0cxx_variadic_templates
    Feature record: CXX_FEATURE:0cxx_aggregate_default_initializers
    Feature record: CXX_FEATURE:0cxx_attribute_deprecated
    Feature record: CXX_FEATURE:0cxx_binary_literals
    Feature record: CXX_FEATURE:0cxx_contextual_conversions
    Feature record: CXX_FEATURE:0cxx_decltype_auto
    Feature record: CXX_FEATURE:0cxx_digit_separators
    Feature record: CXX_FEATURE:0cxx_generic_lambdas
    Feature record: CXX_FEATURE:0cxx_lambda_init_captures
    Feature record: CXX_FEATURE:0cxx_relaxed_constexpr
    Feature record: CXX_FEATURE:0cxx_return_type_deduction
    Feature record: CXX_FEATURE:0cxx_variable_templates
