The target system is: Darwin -  - 
The host system is: Linux - 5.15.0-27-generic - x86_64
Compiling the C compiler identification source file "CMakeCCompilerId.c" succeeded.
Compiler: /home/haicam/toolchain/iPhoneOS15.4/bin/arm-apple-darwin11-clang 
Build flags: 
Id flags:  

The output was:
0


Compilation of the C compiler identification source "CMakeCCompilerId.c" produced "a.out"

The C compiler identification is Clang, found in "/home/haicam/workspace/build/output/ios/arm64/generic/CMakeFiles/3.16.3/CompilerIdC/a.out"

Compiling the CXX compiler identification source file "CMakeCXXCompilerId.cpp" succeeded.
Compiler: /home/haicam/toolchain/iPhoneOS15.4/bin/arm-apple-darwin11-clang++ 
Build flags: 
Id flags:  

The output was:
0


Compilation of the CXX compiler identification source "CMakeCXXCompilerId.cpp" produced "a.out"

The CXX compiler identification is Clang, found in "/home/haicam/workspace/build/output/ios/arm64/generic/CMakeFiles/3.16.3/CompilerIdCXX/a.out"

Determining if the C compiler works passed with the following output:
Change Dir: /home/haicam/workspace/build/output/ios/arm64/generic/CMakeFiles/CMakeTmp

Run Build Command(s):/usr/bin/make cmTC_dea3f/fast && /usr/bin/make -f CMakeFiles/cmTC_dea3f.dir/build.make CMakeFiles/cmTC_dea3f.dir/build
make[1]: Entering directory '/home/haicam/workspace/build/output/ios/arm64/generic/CMakeFiles/CMakeTmp'
Building C object CMakeFiles/cmTC_dea3f.dir/testCCompiler.c.o
/home/haicam/toolchain/iPhoneOS15.4/bin/arm-apple-darwin11-clang    -o CMakeFiles/cmTC_dea3f.dir/testCCompiler.c.o   -c /home/haicam/workspace/build/output/ios/arm64/generic/CMakeFiles/CMakeTmp/testCCompiler.c
Linking C executable cmTC_dea3f
/usr/bin/cmake -E cmake_link_script CMakeFiles/cmTC_dea3f.dir/link.txt --verbose=1
/home/haicam/toolchain/iPhoneOS15.4/bin/arm-apple-darwin11-clang   -Wl,-headerpad_max_install_names   CMakeFiles/cmTC_dea3f.dir/testCCompiler.c.o  -o cmTC_dea3f 
make[1]: Leaving directory '/home/haicam/workspace/build/output/ios/arm64/generic/CMakeFiles/CMakeTmp'



Detecting C compiler ABI info compiled with the following output:
Change Dir: /home/haicam/workspace/build/output/ios/arm64/generic/CMakeFiles/CMakeTmp

Run Build Command(s):/usr/bin/make cmTC_099d5/fast && /usr/bin/make -f CMakeFiles/cmTC_099d5.dir/build.make CMakeFiles/cmTC_099d5.dir/build
make[1]: Entering directory '/home/haicam/workspace/build/output/ios/arm64/generic/CMakeFiles/CMakeTmp'
Building C object CMakeFiles/cmTC_099d5.dir/CMakeCCompilerABI.c.o
/home/haicam/toolchain/iPhoneOS15.4/bin/arm-apple-darwin11-clang   -v -Wl,-v -o CMakeFiles/cmTC_099d5.dir/CMakeCCompilerABI.c.o   -c /usr/share/cmake-3.16/Modules/CMakeCCompilerABI.c
clang version 10.0.0-4ubuntu1 
Target: aarch64-apple-darwin11
Thread model: posix
InstalledDir: /usr/bin
 (in-process)
 "/usr/lib/llvm-10/bin/clang" -cc1 -triple arm64-apple-ios15.4.0 -Wdeprecated-objc-isa-usage -Werror=deprecated-objc-isa-usage -Werror=implicit-function-declaration -emit-obj -mrelax-all -disable-free -disable-llvm-verifier -discard-value-names -main-file-name CMakeCCompilerABI.c -mrelocation-model pic -pic-level 2 -mthread-model posix -mframe-pointer=non-leaf -fno-rounding-math -masm-verbose -munwind-tables -target-sdk-version=15.4 -target-cpu apple-a7 -target-feature +fp-armv8 -target-feature +neon -target-feature +crypto -target-feature +zcm -target-feature +zcz -target-feature +sha2 -target-feature +aes -target-abi darwinpcs -fallow-half-arguments-and-returns -dwarf-column-info -debugger-tuning=lldb -target-linker-version 609 -v -resource-dir /usr/lib/llvm-10/lib/clang/10.0.0 -isysroot /home/haicam/toolchain/iPhoneOS15.4/bin/../SDK/iPhoneOS15.4.sdk -internal-isystem /home/haicam/toolchain/iPhoneOS15.4/bin/../SDK/iPhoneOS15.4.sdk/usr/local/include -internal-isystem /usr/lib/llvm-10/lib/clang/10.0.0/include -internal-externc-isystem /home/haicam/toolchain/iPhoneOS15.4/bin/../SDK/iPhoneOS15.4.sdk/usr/include -Wno-unused-command-line-argument -fdebug-compilation-dir /home/haicam/workspace/build/output/ios/arm64/generic/CMakeFiles/CMakeTmp -ferror-limit 19 -fmessage-length 0 -stack-protector 1 -fblocks -fencode-extended-block-signature -fregister-global-dtors-with-atexit -fgnuc-version=4.2.1 -fobjc-runtime=ios-15.4.0 -fmax-type-align=16 -fdiagnostics-show-option -o CMakeFiles/cmTC_099d5.dir/CMakeCCompilerABI.c.o -x c /usr/share/cmake-3.16/Modules/CMakeCCompilerABI.c
clang -cc1 version 10.0.0 based upon LLVM 10.0.0 default target x86_64-pc-linux-gnu
ignoring nonexistent directory "/home/haicam/toolchain/iPhoneOS15.4/bin/../SDK/iPhoneOS15.4.sdk/usr/local/include"
ignoring nonexistent directory "/home/haicam/toolchain/iPhoneOS15.4/bin/../SDK/iPhoneOS15.4.sdk/Library/Frameworks"
#include "..." search starts here:
#include <...> search starts here:
 /usr/lib/llvm-10/lib/clang/10.0.0/include
 /home/haicam/toolchain/iPhoneOS15.4/bin/../SDK/iPhoneOS15.4.sdk/usr/include
 /home/haicam/toolchain/iPhoneOS15.4/bin/../SDK/iPhoneOS15.4.sdk/System/Library/Frameworks (framework directory)
End of search list.
Linking C executable cmTC_099d5
/usr/bin/cmake -E cmake_link_script CMakeFiles/cmTC_099d5.dir/link.txt --verbose=1
/home/haicam/toolchain/iPhoneOS15.4/bin/arm-apple-darwin11-clang   -Wl,-headerpad_max_install_names  -v -Wl,-v CMakeFiles/cmTC_099d5.dir/CMakeCCompilerABI.c.o  -o cmTC_099d5 
clang version 10.0.0-4ubuntu1 
Target: aarch64-apple-darwin11
Thread model: posix
InstalledDir: /usr/bin
 "/home/haicam/toolchain/iPhoneOS15.4/bin/arm-apple-darwin11-ld" -demangle -lto_library /usr/lib/llvm-10/lib/libLTO.dylib -dynamic -arch arm64 -platform_version ios 15.4.0 15.4 -syslibroot /home/haicam/toolchain/iPhoneOS15.4/bin/../SDK/iPhoneOS15.4.sdk -o cmTC_099d5 -adhoc_codesign -headerpad_max_install_names -v CMakeFiles/cmTC_099d5.dir/CMakeCCompilerABI.c.o -lSystem
@(#)PROGRAM:ld  PROJECT:ld64-609
BUILD 01:36:53 Apr 25 2022
configured to support archs: armv6 armv7 armv7s arm64 arm64e arm64_32 i386 x86_64 x86_64h armv6m armv7k armv7m armv7em (tvOS)
Library search paths:
	/home/haicam/toolchain/iPhoneOS15.4/bin/../SDK/iPhoneOS15.4.sdk/usr/lib
Framework search paths:
	/home/haicam/toolchain/iPhoneOS15.4/bin/../SDK/iPhoneOS15.4.sdk/System/Library/Frameworks/
make[1]: Leaving directory '/home/haicam/workspace/build/output/ios/arm64/generic/CMakeFiles/CMakeTmp'



Parsed C implicit include dir info from above output: rv=done
  found start of include info
  found start of implicit include info
    add: [/usr/lib/llvm-10/lib/clang/10.0.0/include]
    add: [/home/haicam/toolchain/iPhoneOS15.4/bin/../SDK/iPhoneOS15.4.sdk/usr/include]
  end of search list found
  collapse include dir [/usr/lib/llvm-10/lib/clang/10.0.0/include] ==> [/usr/lib/llvm-10/lib/clang/10.0.0/include]
  collapse include dir [/home/haicam/toolchain/iPhoneOS15.4/bin/../SDK/iPhoneOS15.4.sdk/usr/include] ==> [/home/haicam/toolchain/iPhoneOS15.4/SDK/iPhoneOS15.4.sdk/usr/include]
  implicit include dirs: [/usr/lib/llvm-10/lib/clang/10.0.0/include;/home/haicam/toolchain/iPhoneOS15.4/SDK/iPhoneOS15.4.sdk/usr/include]


Parsed C implicit link information from above output:
  link line regex: [^( *|.*[/\])(arm-apple-darwin11-ld|CMAKE_LINK_STARTFILE-NOTFOUND|([^/\]+-)?ld|collect2)[^/\]*( |$)]
  ignore line: [Change Dir: /home/haicam/workspace/build/output/ios/arm64/generic/CMakeFiles/CMakeTmp]
  ignore line: []
  ignore line: [Run Build Command(s):/usr/bin/make cmTC_099d5/fast && /usr/bin/make -f CMakeFiles/cmTC_099d5.dir/build.make CMakeFiles/cmTC_099d5.dir/build]
  ignore line: [make[1]: Entering directory '/home/haicam/workspace/build/output/ios/arm64/generic/CMakeFiles/CMakeTmp']
  ignore line: [Building C object CMakeFiles/cmTC_099d5.dir/CMakeCCompilerABI.c.o]
  ignore line: [/home/haicam/toolchain/iPhoneOS15.4/bin/arm-apple-darwin11-clang   -v -Wl -v -o CMakeFiles/cmTC_099d5.dir/CMakeCCompilerABI.c.o   -c /usr/share/cmake-3.16/Modules/CMakeCCompilerABI.c]
  ignore line: [clang version 10.0.0-4ubuntu1 ]
  ignore line: [Target: aarch64-apple-darwin11]
  ignore line: [Thread model: posix]
  ignore line: [InstalledDir: /usr/bin]
  ignore line: [ (in-process)]
  ignore line: [ "/usr/lib/llvm-10/bin/clang" -cc1 -triple arm64-apple-ios15.4.0 -Wdeprecated-objc-isa-usage -Werror=deprecated-objc-isa-usage -Werror=implicit-function-declaration -emit-obj -mrelax-all -disable-free -disable-llvm-verifier -discard-value-names -main-file-name CMakeCCompilerABI.c -mrelocation-model pic -pic-level 2 -mthread-model posix -mframe-pointer=non-leaf -fno-rounding-math -masm-verbose -munwind-tables -target-sdk-version=15.4 -target-cpu apple-a7 -target-feature +fp-armv8 -target-feature +neon -target-feature +crypto -target-feature +zcm -target-feature +zcz -target-feature +sha2 -target-feature +aes -target-abi darwinpcs -fallow-half-arguments-and-returns -dwarf-column-info -debugger-tuning=lldb -target-linker-version 609 -v -resource-dir /usr/lib/llvm-10/lib/clang/10.0.0 -isysroot /home/haicam/toolchain/iPhoneOS15.4/bin/../SDK/iPhoneOS15.4.sdk -internal-isystem /home/haicam/toolchain/iPhoneOS15.4/bin/../SDK/iPhoneOS15.4.sdk/usr/local/include -internal-isystem /usr/lib/llvm-10/lib/clang/10.0.0/include -internal-externc-isystem /home/haicam/toolchain/iPhoneOS15.4/bin/../SDK/iPhoneOS15.4.sdk/usr/include -Wno-unused-command-line-argument -fdebug-compilation-dir /home/haicam/workspace/build/output/ios/arm64/generic/CMakeFiles/CMakeTmp -ferror-limit 19 -fmessage-length 0 -stack-protector 1 -fblocks -fencode-extended-block-signature -fregister-global-dtors-with-atexit -fgnuc-version=4.2.1 -fobjc-runtime=ios-15.4.0 -fmax-type-align=16 -fdiagnostics-show-option -o CMakeFiles/cmTC_099d5.dir/CMakeCCompilerABI.c.o -x c /usr/share/cmake-3.16/Modules/CMakeCCompilerABI.c]
  ignore line: [clang -cc1 version 10.0.0 based upon LLVM 10.0.0 default target x86_64-pc-linux-gnu]
  ignore line: [ignoring nonexistent directory "/home/haicam/toolchain/iPhoneOS15.4/bin/../SDK/iPhoneOS15.4.sdk/usr/local/include"]
  ignore line: [ignoring nonexistent directory "/home/haicam/toolchain/iPhoneOS15.4/bin/../SDK/iPhoneOS15.4.sdk/Library/Frameworks"]
  ignore line: [#include "..." search starts here:]
  ignore line: [#include <...> search starts here:]
  ignore line: [ /usr/lib/llvm-10/lib/clang/10.0.0/include]
  ignore line: [ /home/haicam/toolchain/iPhoneOS15.4/bin/../SDK/iPhoneOS15.4.sdk/usr/include]
  ignore line: [ /home/haicam/toolchain/iPhoneOS15.4/bin/../SDK/iPhoneOS15.4.sdk/System/Library/Frameworks (framework directory)]
  ignore line: [End of search list.]
  ignore line: [Linking C executable cmTC_099d5]
  ignore line: [/usr/bin/cmake -E cmake_link_script CMakeFiles/cmTC_099d5.dir/link.txt --verbose=1]
  ignore line: [/home/haicam/toolchain/iPhoneOS15.4/bin/arm-apple-darwin11-clang   -Wl -headerpad_max_install_names  -v -Wl -v CMakeFiles/cmTC_099d5.dir/CMakeCCompilerABI.c.o  -o cmTC_099d5 ]
  ignore line: [clang version 10.0.0-4ubuntu1 ]
  ignore line: [Target: aarch64-apple-darwin11]
  ignore line: [Thread model: posix]
  ignore line: [InstalledDir: /usr/bin]
  link line: [ "/home/haicam/toolchain/iPhoneOS15.4/bin/arm-apple-darwin11-ld" -demangle -lto_library /usr/lib/llvm-10/lib/libLTO.dylib -dynamic -arch arm64 -platform_version ios 15.4.0 15.4 -syslibroot /home/haicam/toolchain/iPhoneOS15.4/bin/../SDK/iPhoneOS15.4.sdk -o cmTC_099d5 -adhoc_codesign -headerpad_max_install_names -v CMakeFiles/cmTC_099d5.dir/CMakeCCompilerABI.c.o -lSystem]
    arg [/home/haicam/toolchain/iPhoneOS15.4/bin/arm-apple-darwin11-ld] ==> ignore
    arg [-demangle] ==> ignore
    arg [-lto_library] ==> ignore, skip following value
    arg [/usr/lib/llvm-10/lib/libLTO.dylib] ==> skip value of -lto_library
    arg [-dynamic] ==> ignore
    arg [-arch] ==> ignore
    arg [arm64] ==> ignore
    arg [-platform_version] ==> ignore
    arg [ios] ==> ignore
    arg [15.4.0] ==> ignore
    arg [15.4] ==> ignore
    arg [-syslibroot] ==> ignore
    arg [/home/haicam/toolchain/iPhoneOS15.4/bin/../SDK/iPhoneOS15.4.sdk] ==> ignore
    arg [-o] ==> ignore
    arg [cmTC_099d5] ==> ignore
    arg [-adhoc_codesign] ==> ignore
    arg [-headerpad_max_install_names] ==> ignore
    arg [-v] ==> ignore
    arg [CMakeFiles/cmTC_099d5.dir/CMakeCCompilerABI.c.o] ==> ignore
    arg [-lSystem] ==> lib [System]
  Library search paths: [;/home/haicam/toolchain/iPhoneOS15.4/bin/../SDK/iPhoneOS15.4.sdk/usr/lib]
  Framework search paths: [;/home/haicam/toolchain/iPhoneOS15.4/bin/../SDK/iPhoneOS15.4.sdk/System/Library/Frameworks/]
  remove lib [System]
  collapse library dir [/home/haicam/toolchain/iPhoneOS15.4/bin/../SDK/iPhoneOS15.4.sdk/usr/lib] ==> [/home/haicam/toolchain/iPhoneOS15.4/SDK/iPhoneOS15.4.sdk/usr/lib]
  collapse framework dir [/home/haicam/toolchain/iPhoneOS15.4/bin/../SDK/iPhoneOS15.4.sdk/System/Library/Frameworks/] ==> [/home/haicam/toolchain/iPhoneOS15.4/SDK/iPhoneOS15.4.sdk/System/Library/Frameworks]
  implicit libs: []
  implicit dirs: [/home/haicam/toolchain/iPhoneOS15.4/SDK/iPhoneOS15.4.sdk/usr/lib]
  implicit fwks: [/home/haicam/toolchain/iPhoneOS15.4/SDK/iPhoneOS15.4.sdk/System/Library/Frameworks]


Determining if the CXX compiler works passed with the following output:
Change Dir: /home/haicam/workspace/build/output/ios/arm64/generic/CMakeFiles/CMakeTmp

Run Build Command(s):/usr/bin/make cmTC_d9025/fast && /usr/bin/make -f CMakeFiles/cmTC_d9025.dir/build.make CMakeFiles/cmTC_d9025.dir/build
make[1]: Entering directory '/home/haicam/workspace/build/output/ios/arm64/generic/CMakeFiles/CMakeTmp'
Building CXX object CMakeFiles/cmTC_d9025.dir/testCXXCompiler.cxx.o
/home/haicam/toolchain/iPhoneOS15.4/bin/arm-apple-darwin11-clang++     -o CMakeFiles/cmTC_d9025.dir/testCXXCompiler.cxx.o -c /home/haicam/workspace/build/output/ios/arm64/generic/CMakeFiles/CMakeTmp/testCXXCompiler.cxx
Linking CXX executable cmTC_d9025
/usr/bin/cmake -E cmake_link_script CMakeFiles/cmTC_d9025.dir/link.txt --verbose=1
/home/haicam/toolchain/iPhoneOS15.4/bin/arm-apple-darwin11-clang++    -Wl,-headerpad_max_install_names   CMakeFiles/cmTC_d9025.dir/testCXXCompiler.cxx.o  -o cmTC_d9025 
make[1]: Leaving directory '/home/haicam/workspace/build/output/ios/arm64/generic/CMakeFiles/CMakeTmp'



Detecting CXX compiler ABI info compiled with the following output:
Change Dir: /home/haicam/workspace/build/output/ios/arm64/generic/CMakeFiles/CMakeTmp

Run Build Command(s):/usr/bin/make cmTC_32d2f/fast && /usr/bin/make -f CMakeFiles/cmTC_32d2f.dir/build.make CMakeFiles/cmTC_32d2f.dir/build
make[1]: Entering directory '/home/haicam/workspace/build/output/ios/arm64/generic/CMakeFiles/CMakeTmp'
Building CXX object CMakeFiles/cmTC_32d2f.dir/CMakeCXXCompilerABI.cpp.o
/home/haicam/toolchain/iPhoneOS15.4/bin/arm-apple-darwin11-clang++    -v -Wl,-v -o CMakeFiles/cmTC_32d2f.dir/CMakeCXXCompilerABI.cpp.o -c /usr/share/cmake-3.16/Modules/CMakeCXXCompilerABI.cpp
clang version 10.0.0-4ubuntu1 
Target: aarch64-apple-darwin11
Thread model: posix
InstalledDir: /usr/bin
 (in-process)
 "/usr/lib/llvm-10/bin/clang" -cc1 -triple arm64-apple-ios15.4.0 -Wdeprecated-objc-isa-usage -Werror=deprecated-objc-isa-usage -Werror=implicit-function-declaration -emit-obj -mrelax-all -disable-free -disable-llvm-verifier -discard-value-names -main-file-name CMakeCXXCompilerABI.cpp -mrelocation-model pic -pic-level 2 -mthread-model posix -mframe-pointer=non-leaf -fno-rounding-math -masm-verbose -munwind-tables -target-sdk-version=15.4 -target-cpu apple-a7 -target-feature +fp-armv8 -target-feature +neon -target-feature +crypto -target-feature +zcm -target-feature +zcz -target-feature +sha2 -target-feature +aes -target-abi darwinpcs -fallow-half-arguments-and-returns -dwarf-column-info -debugger-tuning=lldb -target-linker-version 609 -v -resource-dir /usr/lib/llvm-10/lib/clang/10.0.0 -isysroot /home/haicam/toolchain/iPhoneOS15.4/bin/../SDK/iPhoneOS15.4.sdk -stdlib=libc++ -internal-isystem /usr/bin/../include/c++/v1 -internal-isystem /home/haicam/toolchain/iPhoneOS15.4/bin/../SDK/iPhoneOS15.4.sdk/usr/include/c++/v1 -internal-isystem /home/haicam/toolchain/iPhoneOS15.4/bin/../SDK/iPhoneOS15.4.sdk/usr/local/include -internal-isystem /usr/lib/llvm-10/lib/clang/10.0.0/include -internal-externc-isystem /home/haicam/toolchain/iPhoneOS15.4/bin/../SDK/iPhoneOS15.4.sdk/usr/include -Wno-unused-command-line-argument -fdeprecated-macro -fdebug-compilation-dir /home/haicam/workspace/build/output/ios/arm64/generic/CMakeFiles/CMakeTmp -ferror-limit 19 -fmessage-length 0 -stack-protector 1 -fblocks -fencode-extended-block-signature -fregister-global-dtors-with-atexit -fgnuc-version=4.2.1 -fobjc-runtime=ios-15.4.0 -fcxx-exceptions -fexceptions -fmax-type-align=16 -fdiagnostics-show-option -o CMakeFiles/cmTC_32d2f.dir/CMakeCXXCompilerABI.cpp.o -x c++ /usr/share/cmake-3.16/Modules/CMakeCXXCompilerABI.cpp
clang -cc1 version 10.0.0 based upon LLVM 10.0.0 default target x86_64-pc-linux-gnu
ignoring nonexistent directory "/usr/bin/../include/c++/v1"
ignoring nonexistent directory "/home/haicam/toolchain/iPhoneOS15.4/bin/../SDK/iPhoneOS15.4.sdk/usr/local/include"
ignoring nonexistent directory "/home/haicam/toolchain/iPhoneOS15.4/bin/../SDK/iPhoneOS15.4.sdk/Library/Frameworks"
#include "..." search starts here:
#include <...> search starts here:
 /home/haicam/toolchain/iPhoneOS15.4/bin/../SDK/iPhoneOS15.4.sdk/usr/include/c++/v1
 /usr/lib/llvm-10/lib/clang/10.0.0/include
 /home/haicam/toolchain/iPhoneOS15.4/bin/../SDK/iPhoneOS15.4.sdk/usr/include
 /home/haicam/toolchain/iPhoneOS15.4/bin/../SDK/iPhoneOS15.4.sdk/System/Library/Frameworks (framework directory)
End of search list.
Linking CXX executable cmTC_32d2f
/usr/bin/cmake -E cmake_link_script CMakeFiles/cmTC_32d2f.dir/link.txt --verbose=1
/home/haicam/toolchain/iPhoneOS15.4/bin/arm-apple-darwin11-clang++    -Wl,-headerpad_max_install_names  -v -Wl,-v CMakeFiles/cmTC_32d2f.dir/CMakeCXXCompilerABI.cpp.o  -o cmTC_32d2f 
clang version 10.0.0-4ubuntu1 
Target: aarch64-apple-darwin11
Thread model: posix
InstalledDir: /usr/bin
 "/home/haicam/toolchain/iPhoneOS15.4/bin/arm-apple-darwin11-ld" -demangle -lto_library /usr/lib/llvm-10/lib/libLTO.dylib -dynamic -arch arm64 -platform_version ios 15.4.0 15.4 -syslibroot /home/haicam/toolchain/iPhoneOS15.4/bin/../SDK/iPhoneOS15.4.sdk -o cmTC_32d2f -adhoc_codesign -headerpad_max_install_names -v CMakeFiles/cmTC_32d2f.dir/CMakeCXXCompilerABI.cpp.o -lc++ -lSystem
@(#)PROGRAM:ld  PROJECT:ld64-609
BUILD 01:36:53 Apr 25 2022
configured to support archs: armv6 armv7 armv7s arm64 arm64e arm64_32 i386 x86_64 x86_64h armv6m armv7k armv7m armv7em (tvOS)
Library search paths:
	/home/haicam/toolchain/iPhoneOS15.4/bin/../SDK/iPhoneOS15.4.sdk/usr/lib
Framework search paths:
	/home/haicam/toolchain/iPhoneOS15.4/bin/../SDK/iPhoneOS15.4.sdk/System/Library/Frameworks/
make[1]: Leaving directory '/home/haicam/workspace/build/output/ios/arm64/generic/CMakeFiles/CMakeTmp'



Parsed CXX implicit include dir info from above output: rv=done
  found start of include info
  found start of implicit include info
    add: [/home/haicam/toolchain/iPhoneOS15.4/bin/../SDK/iPhoneOS15.4.sdk/usr/include/c++/v1]
    add: [/usr/lib/llvm-10/lib/clang/10.0.0/include]
    add: [/home/haicam/toolchain/iPhoneOS15.4/bin/../SDK/iPhoneOS15.4.sdk/usr/include]
  end of search list found
  collapse include dir [/home/haicam/toolchain/iPhoneOS15.4/bin/../SDK/iPhoneOS15.4.sdk/usr/include/c++/v1] ==> [/home/haicam/toolchain/iPhoneOS15.4/SDK/iPhoneOS15.4.sdk/usr/include/c++/v1]
  collapse include dir [/usr/lib/llvm-10/lib/clang/10.0.0/include] ==> [/usr/lib/llvm-10/lib/clang/10.0.0/include]
  collapse include dir [/home/haicam/toolchain/iPhoneOS15.4/bin/../SDK/iPhoneOS15.4.sdk/usr/include] ==> [/home/haicam/toolchain/iPhoneOS15.4/SDK/iPhoneOS15.4.sdk/usr/include]
  implicit include dirs: [/home/haicam/toolchain/iPhoneOS15.4/SDK/iPhoneOS15.4.sdk/usr/include/c++/v1;/usr/lib/llvm-10/lib/clang/10.0.0/include;/home/haicam/toolchain/iPhoneOS15.4/SDK/iPhoneOS15.4.sdk/usr/include]


Parsed CXX implicit link information from above output:
  link line regex: [^( *|.*[/\])(arm-apple-darwin11-ld|CMAKE_LINK_STARTFILE-NOTFOUND|([^/\]+-)?ld|collect2)[^/\]*( |$)]
  ignore line: [Change Dir: /home/haicam/workspace/build/output/ios/arm64/generic/CMakeFiles/CMakeTmp]
  ignore line: []
  ignore line: [Run Build Command(s):/usr/bin/make cmTC_32d2f/fast && /usr/bin/make -f CMakeFiles/cmTC_32d2f.dir/build.make CMakeFiles/cmTC_32d2f.dir/build]
  ignore line: [make[1]: Entering directory '/home/haicam/workspace/build/output/ios/arm64/generic/CMakeFiles/CMakeTmp']
  ignore line: [Building CXX object CMakeFiles/cmTC_32d2f.dir/CMakeCXXCompilerABI.cpp.o]
  ignore line: [/home/haicam/toolchain/iPhoneOS15.4/bin/arm-apple-darwin11-clang++    -v -Wl -v -o CMakeFiles/cmTC_32d2f.dir/CMakeCXXCompilerABI.cpp.o -c /usr/share/cmake-3.16/Modules/CMakeCXXCompilerABI.cpp]
  ignore line: [clang version 10.0.0-4ubuntu1 ]
  ignore line: [Target: aarch64-apple-darwin11]
  ignore line: [Thread model: posix]
  ignore line: [InstalledDir: /usr/bin]
  ignore line: [ (in-process)]
  ignore line: [ "/usr/lib/llvm-10/bin/clang" -cc1 -triple arm64-apple-ios15.4.0 -Wdeprecated-objc-isa-usage -Werror=deprecated-objc-isa-usage -Werror=implicit-function-declaration -emit-obj -mrelax-all -disable-free -disable-llvm-verifier -discard-value-names -main-file-name CMakeCXXCompilerABI.cpp -mrelocation-model pic -pic-level 2 -mthread-model posix -mframe-pointer=non-leaf -fno-rounding-math -masm-verbose -munwind-tables -target-sdk-version=15.4 -target-cpu apple-a7 -target-feature +fp-armv8 -target-feature +neon -target-feature +crypto -target-feature +zcm -target-feature +zcz -target-feature +sha2 -target-feature +aes -target-abi darwinpcs -fallow-half-arguments-and-returns -dwarf-column-info -debugger-tuning=lldb -target-linker-version 609 -v -resource-dir /usr/lib/llvm-10/lib/clang/10.0.0 -isysroot /home/haicam/toolchain/iPhoneOS15.4/bin/../SDK/iPhoneOS15.4.sdk -stdlib=libc++ -internal-isystem /usr/bin/../include/c++/v1 -internal-isystem /home/haicam/toolchain/iPhoneOS15.4/bin/../SDK/iPhoneOS15.4.sdk/usr/include/c++/v1 -internal-isystem /home/haicam/toolchain/iPhoneOS15.4/bin/../SDK/iPhoneOS15.4.sdk/usr/local/include -internal-isystem /usr/lib/llvm-10/lib/clang/10.0.0/include -internal-externc-isystem /home/haicam/toolchain/iPhoneOS15.4/bin/../SDK/iPhoneOS15.4.sdk/usr/include -Wno-unused-command-line-argument -fdeprecated-macro -fdebug-compilation-dir /home/haicam/workspace/build/output/ios/arm64/generic/CMakeFiles/CMakeTmp -ferror-limit 19 -fmessage-length 0 -stack-protector 1 -fblocks -fencode-extended-block-signature -fregister-global-dtors-with-atexit -fgnuc-version=4.2.1 -fobjc-runtime=ios-15.4.0 -fcxx-exceptions -fexceptions -fmax-type-align=16 -fdiagnostics-show-option -o CMakeFiles/cmTC_32d2f.dir/CMakeCXXCompilerABI.cpp.o -x c++ /usr/share/cmake-3.16/Modules/CMakeCXXCompilerABI.cpp]
  ignore line: [clang -cc1 version 10.0.0 based upon LLVM 10.0.0 default target x86_64-pc-linux-gnu]
  ignore line: [ignoring nonexistent directory "/usr/bin/../include/c++/v1"]
  ignore line: [ignoring nonexistent directory "/home/haicam/toolchain/iPhoneOS15.4/bin/../SDK/iPhoneOS15.4.sdk/usr/local/include"]
  ignore line: [ignoring nonexistent directory "/home/haicam/toolchain/iPhoneOS15.4/bin/../SDK/iPhoneOS15.4.sdk/Library/Frameworks"]
  ignore line: [#include "..." search starts here:]
  ignore line: [#include <...> search starts here:]
  ignore line: [ /home/haicam/toolchain/iPhoneOS15.4/bin/../SDK/iPhoneOS15.4.sdk/usr/include/c++/v1]
  ignore line: [ /usr/lib/llvm-10/lib/clang/10.0.0/include]
  ignore line: [ /home/haicam/toolchain/iPhoneOS15.4/bin/../SDK/iPhoneOS15.4.sdk/usr/include]
  ignore line: [ /home/haicam/toolchain/iPhoneOS15.4/bin/../SDK/iPhoneOS15.4.sdk/System/Library/Frameworks (framework directory)]
  ignore line: [End of search list.]
  ignore line: [Linking CXX executable cmTC_32d2f]
  ignore line: [/usr/bin/cmake -E cmake_link_script CMakeFiles/cmTC_32d2f.dir/link.txt --verbose=1]
  ignore line: [/home/haicam/toolchain/iPhoneOS15.4/bin/arm-apple-darwin11-clang++    -Wl -headerpad_max_install_names  -v -Wl -v CMakeFiles/cmTC_32d2f.dir/CMakeCXXCompilerABI.cpp.o  -o cmTC_32d2f ]
  ignore line: [clang version 10.0.0-4ubuntu1 ]
  ignore line: [Target: aarch64-apple-darwin11]
  ignore line: [Thread model: posix]
  ignore line: [InstalledDir: /usr/bin]
  link line: [ "/home/haicam/toolchain/iPhoneOS15.4/bin/arm-apple-darwin11-ld" -demangle -lto_library /usr/lib/llvm-10/lib/libLTO.dylib -dynamic -arch arm64 -platform_version ios 15.4.0 15.4 -syslibroot /home/haicam/toolchain/iPhoneOS15.4/bin/../SDK/iPhoneOS15.4.sdk -o cmTC_32d2f -adhoc_codesign -headerpad_max_install_names -v CMakeFiles/cmTC_32d2f.dir/CMakeCXXCompilerABI.cpp.o -lc++ -lSystem]
    arg [/home/haicam/toolchain/iPhoneOS15.4/bin/arm-apple-darwin11-ld] ==> ignore
    arg [-demangle] ==> ignore
    arg [-lto_library] ==> ignore, skip following value
    arg [/usr/lib/llvm-10/lib/libLTO.dylib] ==> skip value of -lto_library
    arg [-dynamic] ==> ignore
    arg [-arch] ==> ignore
    arg [arm64] ==> ignore
    arg [-platform_version] ==> ignore
    arg [ios] ==> ignore
    arg [15.4.0] ==> ignore
    arg [15.4] ==> ignore
    arg [-syslibroot] ==> ignore
    arg [/home/haicam/toolchain/iPhoneOS15.4/bin/../SDK/iPhoneOS15.4.sdk] ==> ignore
    arg [-o] ==> ignore
    arg [cmTC_32d2f] ==> ignore
    arg [-adhoc_codesign] ==> ignore
    arg [-headerpad_max_install_names] ==> ignore
    arg [-v] ==> ignore
    arg [CMakeFiles/cmTC_32d2f.dir/CMakeCXXCompilerABI.cpp.o] ==> ignore
    arg [-lc++] ==> lib [c++]
    arg [-lSystem] ==> lib [System]
  Library search paths: [;/home/haicam/toolchain/iPhoneOS15.4/bin/../SDK/iPhoneOS15.4.sdk/usr/lib]
  Framework search paths: [;/home/haicam/toolchain/iPhoneOS15.4/bin/../SDK/iPhoneOS15.4.sdk/System/Library/Frameworks/]
  remove lib [System]
  collapse library dir [/home/haicam/toolchain/iPhoneOS15.4/bin/../SDK/iPhoneOS15.4.sdk/usr/lib] ==> [/home/haicam/toolchain/iPhoneOS15.4/SDK/iPhoneOS15.4.sdk/usr/lib]
  collapse framework dir [/home/haicam/toolchain/iPhoneOS15.4/bin/../SDK/iPhoneOS15.4.sdk/System/Library/Frameworks/] ==> [/home/haicam/toolchain/iPhoneOS15.4/SDK/iPhoneOS15.4.sdk/System/Library/Frameworks]
  implicit libs: [c++]
  implicit dirs: [/home/haicam/toolchain/iPhoneOS15.4/SDK/iPhoneOS15.4.sdk/usr/lib]
  implicit fwks: [/home/haicam/toolchain/iPhoneOS15.4/SDK/iPhoneOS15.4.sdk/System/Library/Frameworks]


