The target system is: Darwin -  - 
The host system is: Linux - 5.15.0-27-generic - x86_64
Compiling the C compiler identification source file "CMakeCCompilerId.c" succeeded.
Compiler: /home/haicam/toolchain/MacOSX12.3/bin/x86_64-apple-darwin21.4-clang 
Build flags: 
Id flags:  

The output was:
0


Compilation of the C compiler identification source "CMakeCCompilerId.c" produced "a.out"

The C compiler identification is Clang, found in "/home/haicam/workspace/build/output/mac/x86_64/generic/CMakeFiles/3.16.3/CompilerIdC/a.out"

Compiling the CXX compiler identification source file "CMakeCXXCompilerId.cpp" succeeded.
Compiler: /home/haicam/toolchain/MacOSX12.3/bin/x86_64-apple-darwin21.4-clang++ 
Build flags: 
Id flags:  

The output was:
0


Compilation of the CXX compiler identification source "CMakeCXXCompilerId.cpp" produced "a.out"

The CXX compiler identification is Clang, found in "/home/haicam/workspace/build/output/mac/x86_64/generic/CMakeFiles/3.16.3/CompilerIdCXX/a.out"

Determining if the C compiler works passed with the following output:
Change Dir: /home/haicam/workspace/build/output/mac/x86_64/generic/CMakeFiles/CMakeTmp

Run Build Command(s):/usr/bin/make cmTC_c064b/fast && /usr/bin/make -f CMakeFiles/cmTC_c064b.dir/build.make CMakeFiles/cmTC_c064b.dir/build
make[1]: Entering directory '/home/haicam/workspace/build/output/mac/x86_64/generic/CMakeFiles/CMakeTmp'
Building C object CMakeFiles/cmTC_c064b.dir/testCCompiler.c.o
/home/haicam/toolchain/MacOSX12.3/bin/x86_64-apple-darwin21.4-clang    -o CMakeFiles/cmTC_c064b.dir/testCCompiler.c.o   -c /home/haicam/workspace/build/output/mac/x86_64/generic/CMakeFiles/CMakeTmp/testCCompiler.c
Linking C executable cmTC_c064b
/usr/bin/cmake -E cmake_link_script CMakeFiles/cmTC_c064b.dir/link.txt --verbose=1
/home/haicam/toolchain/MacOSX12.3/bin/x86_64-apple-darwin21.4-clang   -Wl,-headerpad_max_install_names   CMakeFiles/cmTC_c064b.dir/testCCompiler.c.o  -o cmTC_c064b 
make[1]: Leaving directory '/home/haicam/workspace/build/output/mac/x86_64/generic/CMakeFiles/CMakeTmp'



Detecting C compiler ABI info compiled with the following output:
Change Dir: /home/haicam/workspace/build/output/mac/x86_64/generic/CMakeFiles/CMakeTmp

Run Build Command(s):/usr/bin/make cmTC_d2163/fast && /usr/bin/make -f CMakeFiles/cmTC_d2163.dir/build.make CMakeFiles/cmTC_d2163.dir/build
make[1]: Entering directory '/home/haicam/workspace/build/output/mac/x86_64/generic/CMakeFiles/CMakeTmp'
Building C object CMakeFiles/cmTC_d2163.dir/CMakeCCompilerABI.c.o
/home/haicam/toolchain/MacOSX12.3/bin/x86_64-apple-darwin21.4-clang   -v -Wl,-v -o CMakeFiles/cmTC_d2163.dir/CMakeCCompilerABI.c.o   -c /usr/share/cmake-3.16/Modules/CMakeCCompilerABI.c
clang version 10.0.0-4ubuntu1 
Target: x86_64-apple-darwin21.4
Thread model: posix
InstalledDir: /usr/bin
clang: warning: -Wl,-v: 'linker' input unused [-Wunused-command-line-argument]
 (in-process)
 "/usr/lib/llvm-10/bin/clang" -cc1 -triple x86_64-apple-macosx10.9.0 -Wdeprecated-objc-isa-usage -Werror=deprecated-objc-isa-usage -emit-obj -mrelax-all -disable-free -disable-llvm-verifier -discard-value-names -main-file-name CMakeCCompilerABI.c -mrelocation-model pic -pic-level 2 -mthread-model posix -mframe-pointer=all -fno-rounding-math -masm-verbose -munwind-tables -faligned-alloc-unavailable -target-sdk-version=12.3 -target-cpu core2 -dwarf-column-info -debugger-tuning=lldb -target-linker-version 609 -v -resource-dir /usr/lib/llvm-10/lib/clang/10.0.0 -isystem /usr/lib/llvm-10/bin/../lib/clang/10.0.0/include -isysroot /home/haicam/toolchain/MacOSX12.3/bin/../SDK/MacOSX12.3.sdk -cxx-isystem /home/haicam/toolchain/MacOSX12.3/bin/../SDK/MacOSX12.3.sdk/usr/include/c++/v1 -internal-isystem /home/haicam/toolchain/MacOSX12.3/bin/../SDK/MacOSX12.3.sdk/usr/local/include -internal-isystem /usr/lib/llvm-10/lib/clang/10.0.0/include -internal-externc-isystem /home/haicam/toolchain/MacOSX12.3/bin/../SDK/MacOSX12.3.sdk/usr/include -Wno-liblto -fdebug-compilation-dir /home/haicam/workspace/build/output/mac/x86_64/generic/CMakeFiles/CMakeTmp -ferror-limit 19 -fmessage-length 0 -stack-protector 1 -fblocks -fencode-extended-block-signature -fregister-global-dtors-with-atexit -fgnuc-version=4.2.1 -fobjc-runtime=macosx-10.9.0 -fmax-type-align=16 -fdiagnostics-show-option -o CMakeFiles/cmTC_d2163.dir/CMakeCCompilerABI.c.o -x c /usr/share/cmake-3.16/Modules/CMakeCCompilerABI.c
clang -cc1 version 10.0.0 based upon LLVM 10.0.0 default target x86_64-pc-linux-gnu
ignoring nonexistent directory "/home/haicam/toolchain/MacOSX12.3/bin/../SDK/MacOSX12.3.sdk/usr/local/include"
ignoring nonexistent directory "/home/haicam/toolchain/MacOSX12.3/bin/../SDK/MacOSX12.3.sdk/Library/Frameworks"
ignoring duplicate directory "/usr/lib/llvm-10/bin/../lib/clang/10.0.0/include"
#include "..." search starts here:
#include <...> search starts here:
 /usr/lib/llvm-10/bin/../lib/clang/10.0.0/include
 /home/haicam/toolchain/MacOSX12.3/bin/../SDK/MacOSX12.3.sdk/usr/include
 /home/haicam/toolchain/MacOSX12.3/bin/../SDK/MacOSX12.3.sdk/System/Library/Frameworks (framework directory)
End of search list.
Linking C executable cmTC_d2163
/usr/bin/cmake -E cmake_link_script CMakeFiles/cmTC_d2163.dir/link.txt --verbose=1
/home/haicam/toolchain/MacOSX12.3/bin/x86_64-apple-darwin21.4-clang   -Wl,-headerpad_max_install_names  -v -Wl,-v CMakeFiles/cmTC_d2163.dir/CMakeCCompilerABI.c.o  -o cmTC_d2163 
clang version 10.0.0-4ubuntu1 
Target: x86_64-apple-darwin21.4
Thread model: posix
InstalledDir: /usr/bin
 "/home/haicam/toolchain/MacOSX12.3/bin/x86_64-apple-darwin21.4-ld" -demangle -lto_library /usr/lib/llvm-10/lib/libLTO.dylib -dynamic -arch x86_64 -platform_version macos 10.9.0 12.3 -syslibroot /home/haicam/toolchain/MacOSX12.3/bin/../SDK/MacOSX12.3.sdk -o cmTC_d2163 -headerpad_max_install_names -v CMakeFiles/cmTC_d2163.dir/CMakeCCompilerABI.c.o -lSystem
@(#)PROGRAM:ld  PROJECT:ld64-609
BUILD 00:49:21 Apr 25 2022
configured to support archs: armv6 armv7 armv7s arm64 arm64e arm64_32 i386 x86_64 x86_64h armv6m armv7k armv7m armv7em (tvOS)
Library search paths:
	/home/haicam/toolchain/MacOSX12.3/bin/../SDK/MacOSX12.3.sdk/usr/lib
Framework search paths:
	/home/haicam/toolchain/MacOSX12.3/bin/../SDK/MacOSX12.3.sdk/System/Library/Frameworks/
make[1]: Leaving directory '/home/haicam/workspace/build/output/mac/x86_64/generic/CMakeFiles/CMakeTmp'



Parsed C implicit include dir info from above output: rv=done
  found start of include info
  found start of implicit include info
    add: [/usr/lib/llvm-10/bin/../lib/clang/10.0.0/include]
    add: [/home/haicam/toolchain/MacOSX12.3/bin/../SDK/MacOSX12.3.sdk/usr/include]
  end of search list found
  collapse include dir [/usr/lib/llvm-10/bin/../lib/clang/10.0.0/include] ==> [/usr/lib/llvm-10/lib/clang/10.0.0/include]
  collapse include dir [/home/haicam/toolchain/MacOSX12.3/bin/../SDK/MacOSX12.3.sdk/usr/include] ==> [/home/haicam/toolchain/MacOSX12.3/SDK/MacOSX12.3.sdk/usr/include]
  implicit include dirs: [/usr/lib/llvm-10/lib/clang/10.0.0/include;/home/haicam/toolchain/MacOSX12.3/SDK/MacOSX12.3.sdk/usr/include]


Parsed C implicit link information from above output:
  link line regex: [^( *|.*[/\])(x86_64-apple-darwin21\.4-ld|CMAKE_LINK_STARTFILE-NOTFOUND|([^/\]+-)?ld|collect2)[^/\]*( |$)]
  ignore line: [Change Dir: /home/haicam/workspace/build/output/mac/x86_64/generic/CMakeFiles/CMakeTmp]
  ignore line: []
  ignore line: [Run Build Command(s):/usr/bin/make cmTC_d2163/fast && /usr/bin/make -f CMakeFiles/cmTC_d2163.dir/build.make CMakeFiles/cmTC_d2163.dir/build]
  ignore line: [make[1]: Entering directory '/home/haicam/workspace/build/output/mac/x86_64/generic/CMakeFiles/CMakeTmp']
  ignore line: [Building C object CMakeFiles/cmTC_d2163.dir/CMakeCCompilerABI.c.o]
  ignore line: [/home/haicam/toolchain/MacOSX12.3/bin/x86_64-apple-darwin21.4-clang   -v -Wl -v -o CMakeFiles/cmTC_d2163.dir/CMakeCCompilerABI.c.o   -c /usr/share/cmake-3.16/Modules/CMakeCCompilerABI.c]
  ignore line: [clang version 10.0.0-4ubuntu1 ]
  ignore line: [Target: x86_64-apple-darwin21.4]
  ignore line: [Thread model: posix]
  ignore line: [InstalledDir: /usr/bin]
  ignore line: [clang: warning: -Wl -v: 'linker' input unused [-Wunused-command-line-argument]]
  ignore line: [ (in-process)]
  ignore line: [ "/usr/lib/llvm-10/bin/clang" -cc1 -triple x86_64-apple-macosx10.9.0 -Wdeprecated-objc-isa-usage -Werror=deprecated-objc-isa-usage -emit-obj -mrelax-all -disable-free -disable-llvm-verifier -discard-value-names -main-file-name CMakeCCompilerABI.c -mrelocation-model pic -pic-level 2 -mthread-model posix -mframe-pointer=all -fno-rounding-math -masm-verbose -munwind-tables -faligned-alloc-unavailable -target-sdk-version=12.3 -target-cpu core2 -dwarf-column-info -debugger-tuning=lldb -target-linker-version 609 -v -resource-dir /usr/lib/llvm-10/lib/clang/10.0.0 -isystem /usr/lib/llvm-10/bin/../lib/clang/10.0.0/include -isysroot /home/haicam/toolchain/MacOSX12.3/bin/../SDK/MacOSX12.3.sdk -cxx-isystem /home/haicam/toolchain/MacOSX12.3/bin/../SDK/MacOSX12.3.sdk/usr/include/c++/v1 -internal-isystem /home/haicam/toolchain/MacOSX12.3/bin/../SDK/MacOSX12.3.sdk/usr/local/include -internal-isystem /usr/lib/llvm-10/lib/clang/10.0.0/include -internal-externc-isystem /home/haicam/toolchain/MacOSX12.3/bin/../SDK/MacOSX12.3.sdk/usr/include -Wno-liblto -fdebug-compilation-dir /home/haicam/workspace/build/output/mac/x86_64/generic/CMakeFiles/CMakeTmp -ferror-limit 19 -fmessage-length 0 -stack-protector 1 -fblocks -fencode-extended-block-signature -fregister-global-dtors-with-atexit -fgnuc-version=4.2.1 -fobjc-runtime=macosx-10.9.0 -fmax-type-align=16 -fdiagnostics-show-option -o CMakeFiles/cmTC_d2163.dir/CMakeCCompilerABI.c.o -x c /usr/share/cmake-3.16/Modules/CMakeCCompilerABI.c]
  ignore line: [clang -cc1 version 10.0.0 based upon LLVM 10.0.0 default target x86_64-pc-linux-gnu]
  ignore line: [ignoring nonexistent directory "/home/haicam/toolchain/MacOSX12.3/bin/../SDK/MacOSX12.3.sdk/usr/local/include"]
  ignore line: [ignoring nonexistent directory "/home/haicam/toolchain/MacOSX12.3/bin/../SDK/MacOSX12.3.sdk/Library/Frameworks"]
  ignore line: [ignoring duplicate directory "/usr/lib/llvm-10/bin/../lib/clang/10.0.0/include"]
  ignore line: [#include "..." search starts here:]
  ignore line: [#include <...> search starts here:]
  ignore line: [ /usr/lib/llvm-10/bin/../lib/clang/10.0.0/include]
  ignore line: [ /home/haicam/toolchain/MacOSX12.3/bin/../SDK/MacOSX12.3.sdk/usr/include]
  ignore line: [ /home/haicam/toolchain/MacOSX12.3/bin/../SDK/MacOSX12.3.sdk/System/Library/Frameworks (framework directory)]
  ignore line: [End of search list.]
  ignore line: [Linking C executable cmTC_d2163]
  ignore line: [/usr/bin/cmake -E cmake_link_script CMakeFiles/cmTC_d2163.dir/link.txt --verbose=1]
  ignore line: [/home/haicam/toolchain/MacOSX12.3/bin/x86_64-apple-darwin21.4-clang   -Wl -headerpad_max_install_names  -v -Wl -v CMakeFiles/cmTC_d2163.dir/CMakeCCompilerABI.c.o  -o cmTC_d2163 ]
  ignore line: [clang version 10.0.0-4ubuntu1 ]
  ignore line: [Target: x86_64-apple-darwin21.4]
  ignore line: [Thread model: posix]
  ignore line: [InstalledDir: /usr/bin]
  link line: [ "/home/haicam/toolchain/MacOSX12.3/bin/x86_64-apple-darwin21.4-ld" -demangle -lto_library /usr/lib/llvm-10/lib/libLTO.dylib -dynamic -arch x86_64 -platform_version macos 10.9.0 12.3 -syslibroot /home/haicam/toolchain/MacOSX12.3/bin/../SDK/MacOSX12.3.sdk -o cmTC_d2163 -headerpad_max_install_names -v CMakeFiles/cmTC_d2163.dir/CMakeCCompilerABI.c.o -lSystem]
    arg [/home/haicam/toolchain/MacOSX12.3/bin/x86_64-apple-darwin21.4-ld] ==> ignore
    arg [-demangle] ==> ignore
    arg [-lto_library] ==> ignore, skip following value
    arg [/usr/lib/llvm-10/lib/libLTO.dylib] ==> skip value of -lto_library
    arg [-dynamic] ==> ignore
    arg [-arch] ==> ignore
    arg [x86_64] ==> ignore
    arg [-platform_version] ==> ignore
    arg [macos] ==> ignore
    arg [10.9.0] ==> ignore
    arg [12.3] ==> ignore
    arg [-syslibroot] ==> ignore
    arg [/home/haicam/toolchain/MacOSX12.3/bin/../SDK/MacOSX12.3.sdk] ==> ignore
    arg [-o] ==> ignore
    arg [cmTC_d2163] ==> ignore
    arg [-headerpad_max_install_names] ==> ignore
    arg [-v] ==> ignore
    arg [CMakeFiles/cmTC_d2163.dir/CMakeCCompilerABI.c.o] ==> ignore
    arg [-lSystem] ==> lib [System]
  Library search paths: [;/home/haicam/toolchain/MacOSX12.3/bin/../SDK/MacOSX12.3.sdk/usr/lib]
  Framework search paths: [;/home/haicam/toolchain/MacOSX12.3/bin/../SDK/MacOSX12.3.sdk/System/Library/Frameworks/]
  remove lib [System]
  collapse library dir [/home/haicam/toolchain/MacOSX12.3/bin/../SDK/MacOSX12.3.sdk/usr/lib] ==> [/home/haicam/toolchain/MacOSX12.3/SDK/MacOSX12.3.sdk/usr/lib]
  collapse framework dir [/home/haicam/toolchain/MacOSX12.3/bin/../SDK/MacOSX12.3.sdk/System/Library/Frameworks/] ==> [/home/haicam/toolchain/MacOSX12.3/SDK/MacOSX12.3.sdk/System/Library/Frameworks]
  implicit libs: []
  implicit dirs: [/home/haicam/toolchain/MacOSX12.3/SDK/MacOSX12.3.sdk/usr/lib]
  implicit fwks: [/home/haicam/toolchain/MacOSX12.3/SDK/MacOSX12.3.sdk/System/Library/Frameworks]


Determining if the CXX compiler works passed with the following output:
Change Dir: /home/haicam/workspace/build/output/mac/x86_64/generic/CMakeFiles/CMakeTmp

Run Build Command(s):/usr/bin/make cmTC_40aef/fast && /usr/bin/make -f CMakeFiles/cmTC_40aef.dir/build.make CMakeFiles/cmTC_40aef.dir/build
make[1]: Entering directory '/home/haicam/workspace/build/output/mac/x86_64/generic/CMakeFiles/CMakeTmp'
Building CXX object CMakeFiles/cmTC_40aef.dir/testCXXCompiler.cxx.o
/home/haicam/toolchain/MacOSX12.3/bin/x86_64-apple-darwin21.4-clang++     -o CMakeFiles/cmTC_40aef.dir/testCXXCompiler.cxx.o -c /home/haicam/workspace/build/output/mac/x86_64/generic/CMakeFiles/CMakeTmp/testCXXCompiler.cxx
Linking CXX executable cmTC_40aef
/usr/bin/cmake -E cmake_link_script CMakeFiles/cmTC_40aef.dir/link.txt --verbose=1
/home/haicam/toolchain/MacOSX12.3/bin/x86_64-apple-darwin21.4-clang++    -Wl,-headerpad_max_install_names   CMakeFiles/cmTC_40aef.dir/testCXXCompiler.cxx.o  -o cmTC_40aef 
make[1]: Leaving directory '/home/haicam/workspace/build/output/mac/x86_64/generic/CMakeFiles/CMakeTmp'



Detecting CXX compiler ABI info compiled with the following output:
Change Dir: /home/haicam/workspace/build/output/mac/x86_64/generic/CMakeFiles/CMakeTmp

Run Build Command(s):/usr/bin/make cmTC_19033/fast && /usr/bin/make -f CMakeFiles/cmTC_19033.dir/build.make CMakeFiles/cmTC_19033.dir/build
make[1]: Entering directory '/home/haicam/workspace/build/output/mac/x86_64/generic/CMakeFiles/CMakeTmp'
Building CXX object CMakeFiles/cmTC_19033.dir/CMakeCXXCompilerABI.cpp.o
/home/haicam/toolchain/MacOSX12.3/bin/x86_64-apple-darwin21.4-clang++    -v -Wl,-v -o CMakeFiles/cmTC_19033.dir/CMakeCXXCompilerABI.cpp.o -c /usr/share/cmake-3.16/Modules/CMakeCXXCompilerABI.cpp
clang version 10.0.0-4ubuntu1 
Target: x86_64-apple-darwin21.4
Thread model: posix
InstalledDir: /usr/bin
 (in-process)
 "/usr/lib/llvm-10/bin/clang" -cc1 -triple x86_64-apple-macosx10.9.0 -Wdeprecated-objc-isa-usage -Werror=deprecated-objc-isa-usage -emit-obj -mrelax-all -disable-free -disable-llvm-verifier -discard-value-names -main-file-name CMakeCXXCompilerABI.cpp -mrelocation-model pic -pic-level 2 -mthread-model posix -mframe-pointer=all -fno-rounding-math -masm-verbose -munwind-tables -faligned-alloc-unavailable -target-sdk-version=12.3 -target-cpu core2 -dwarf-column-info -debugger-tuning=lldb -target-linker-version 609 -v -nostdinc++ -resource-dir /usr/lib/llvm-10/lib/clang/10.0.0 -isystem /usr/lib/llvm-10/bin/../lib/clang/10.0.0/include -isysroot /home/haicam/toolchain/MacOSX12.3/bin/../SDK/MacOSX12.3.sdk -cxx-isystem /home/haicam/toolchain/MacOSX12.3/bin/../SDK/MacOSX12.3.sdk/usr/include/c++/v1 -stdlib=libc++ -internal-isystem /home/haicam/toolchain/MacOSX12.3/bin/../SDK/MacOSX12.3.sdk/usr/local/include -internal-isystem /usr/lib/llvm-10/lib/clang/10.0.0/include -internal-externc-isystem /home/haicam/toolchain/MacOSX12.3/bin/../SDK/MacOSX12.3.sdk/usr/include -Wno-liblto -fdeprecated-macro -fdebug-compilation-dir /home/haicam/workspace/build/output/mac/x86_64/generic/CMakeFiles/CMakeTmp -ferror-limit 19 -fmessage-length 0 -stack-protector 1 -fblocks -fencode-extended-block-signature -fregister-global-dtors-with-atexit -fgnuc-version=4.2.1 -fobjc-runtime=macosx-10.9.0 -fcxx-exceptions -fexceptions -fmax-type-align=16 -fdiagnostics-show-option -o CMakeFiles/cmTC_19033.dir/CMakeCXXCompilerABI.cpp.o -x c++ /usr/share/cmake-3.16/Modules/CMakeCXXCompilerABI.cpp
clang -cc1 version 10.0.0 based upon LLVM 10.0.0 default target x86_64-pc-linux-gnu
ignoring nonexistent directory "/home/haicam/toolchain/MacOSX12.3/bin/../SDK/MacOSX12.3.sdk/usr/local/include"
ignoring nonexistent directory "/home/haicam/toolchain/MacOSX12.3/bin/../SDK/MacOSX12.3.sdk/Library/Frameworks"
ignoring duplicate directory "/usr/lib/llvm-10/bin/../lib/clang/10.0.0/include"
#include "..." search starts here:
#include <...> search starts here:
 /usr/lib/llvm-10/bin/../lib/clang/10.0.0/include
 /home/haicam/toolchain/MacOSX12.3/bin/../SDK/MacOSX12.3.sdk/usr/include/c++/v1
 /home/haicam/toolchain/MacOSX12.3/bin/../SDK/MacOSX12.3.sdk/usr/include
 /home/haicam/toolchain/MacOSX12.3/bin/../SDK/MacOSX12.3.sdk/System/Library/Frameworks (framework directory)
End of search list.
Linking CXX executable cmTC_19033
/usr/bin/cmake -E cmake_link_script CMakeFiles/cmTC_19033.dir/link.txt --verbose=1
/home/haicam/toolchain/MacOSX12.3/bin/x86_64-apple-darwin21.4-clang++    -Wl,-headerpad_max_install_names  -v -Wl,-v CMakeFiles/cmTC_19033.dir/CMakeCXXCompilerABI.cpp.o  -o cmTC_19033 
clang version 10.0.0-4ubuntu1 
Target: x86_64-apple-darwin21.4
Thread model: posix
InstalledDir: /usr/bin
 "/home/haicam/toolchain/MacOSX12.3/bin/x86_64-apple-darwin21.4-ld" -demangle -lto_library /usr/lib/llvm-10/lib/libLTO.dylib -dynamic -arch x86_64 -platform_version macos 10.9.0 12.3 -syslibroot /home/haicam/toolchain/MacOSX12.3/bin/../SDK/MacOSX12.3.sdk -o cmTC_19033 -headerpad_max_install_names -v CMakeFiles/cmTC_19033.dir/CMakeCXXCompilerABI.cpp.o -lc++ -lSystem
@(#)PROGRAM:ld  PROJECT:ld64-609
BUILD 00:49:21 Apr 25 2022
configured to support archs: armv6 armv7 armv7s arm64 arm64e arm64_32 i386 x86_64 x86_64h armv6m armv7k armv7m armv7em (tvOS)
Library search paths:
	/home/haicam/toolchain/MacOSX12.3/bin/../SDK/MacOSX12.3.sdk/usr/lib
Framework search paths:
	/home/haicam/toolchain/MacOSX12.3/bin/../SDK/MacOSX12.3.sdk/System/Library/Frameworks/
make[1]: Leaving directory '/home/haicam/workspace/build/output/mac/x86_64/generic/CMakeFiles/CMakeTmp'



Parsed CXX implicit include dir info from above output: rv=done
  found start of include info
  found start of implicit include info
    add: [/usr/lib/llvm-10/bin/../lib/clang/10.0.0/include]
    add: [/home/haicam/toolchain/MacOSX12.3/bin/../SDK/MacOSX12.3.sdk/usr/include/c++/v1]
    add: [/home/haicam/toolchain/MacOSX12.3/bin/../SDK/MacOSX12.3.sdk/usr/include]
  end of search list found
  collapse include dir [/usr/lib/llvm-10/bin/../lib/clang/10.0.0/include] ==> [/usr/lib/llvm-10/lib/clang/10.0.0/include]
  collapse include dir [/home/haicam/toolchain/MacOSX12.3/bin/../SDK/MacOSX12.3.sdk/usr/include/c++/v1] ==> [/home/haicam/toolchain/MacOSX12.3/SDK/MacOSX12.3.sdk/usr/include/c++/v1]
  collapse include dir [/home/haicam/toolchain/MacOSX12.3/bin/../SDK/MacOSX12.3.sdk/usr/include] ==> [/home/haicam/toolchain/MacOSX12.3/SDK/MacOSX12.3.sdk/usr/include]
  implicit include dirs: [/usr/lib/llvm-10/lib/clang/10.0.0/include;/home/haicam/toolchain/MacOSX12.3/SDK/MacOSX12.3.sdk/usr/include/c++/v1;/home/haicam/toolchain/MacOSX12.3/SDK/MacOSX12.3.sdk/usr/include]


Parsed CXX implicit link information from above output:
  link line regex: [^( *|.*[/\])(x86_64-apple-darwin21\.4-ld|CMAKE_LINK_STARTFILE-NOTFOUND|([^/\]+-)?ld|collect2)[^/\]*( |$)]
  ignore line: [Change Dir: /home/haicam/workspace/build/output/mac/x86_64/generic/CMakeFiles/CMakeTmp]
  ignore line: []
  ignore line: [Run Build Command(s):/usr/bin/make cmTC_19033/fast && /usr/bin/make -f CMakeFiles/cmTC_19033.dir/build.make CMakeFiles/cmTC_19033.dir/build]
  ignore line: [make[1]: Entering directory '/home/haicam/workspace/build/output/mac/x86_64/generic/CMakeFiles/CMakeTmp']
  ignore line: [Building CXX object CMakeFiles/cmTC_19033.dir/CMakeCXXCompilerABI.cpp.o]
  ignore line: [/home/haicam/toolchain/MacOSX12.3/bin/x86_64-apple-darwin21.4-clang++    -v -Wl -v -o CMakeFiles/cmTC_19033.dir/CMakeCXXCompilerABI.cpp.o -c /usr/share/cmake-3.16/Modules/CMakeCXXCompilerABI.cpp]
  ignore line: [clang version 10.0.0-4ubuntu1 ]
  ignore line: [Target: x86_64-apple-darwin21.4]
  ignore line: [Thread model: posix]
  ignore line: [InstalledDir: /usr/bin]
  ignore line: [ (in-process)]
  ignore line: [ "/usr/lib/llvm-10/bin/clang" -cc1 -triple x86_64-apple-macosx10.9.0 -Wdeprecated-objc-isa-usage -Werror=deprecated-objc-isa-usage -emit-obj -mrelax-all -disable-free -disable-llvm-verifier -discard-value-names -main-file-name CMakeCXXCompilerABI.cpp -mrelocation-model pic -pic-level 2 -mthread-model posix -mframe-pointer=all -fno-rounding-math -masm-verbose -munwind-tables -faligned-alloc-unavailable -target-sdk-version=12.3 -target-cpu core2 -dwarf-column-info -debugger-tuning=lldb -target-linker-version 609 -v -nostdinc++ -resource-dir /usr/lib/llvm-10/lib/clang/10.0.0 -isystem /usr/lib/llvm-10/bin/../lib/clang/10.0.0/include -isysroot /home/haicam/toolchain/MacOSX12.3/bin/../SDK/MacOSX12.3.sdk -cxx-isystem /home/haicam/toolchain/MacOSX12.3/bin/../SDK/MacOSX12.3.sdk/usr/include/c++/v1 -stdlib=libc++ -internal-isystem /home/haicam/toolchain/MacOSX12.3/bin/../SDK/MacOSX12.3.sdk/usr/local/include -internal-isystem /usr/lib/llvm-10/lib/clang/10.0.0/include -internal-externc-isystem /home/haicam/toolchain/MacOSX12.3/bin/../SDK/MacOSX12.3.sdk/usr/include -Wno-liblto -fdeprecated-macro -fdebug-compilation-dir /home/haicam/workspace/build/output/mac/x86_64/generic/CMakeFiles/CMakeTmp -ferror-limit 19 -fmessage-length 0 -stack-protector 1 -fblocks -fencode-extended-block-signature -fregister-global-dtors-with-atexit -fgnuc-version=4.2.1 -fobjc-runtime=macosx-10.9.0 -fcxx-exceptions -fexceptions -fmax-type-align=16 -fdiagnostics-show-option -o CMakeFiles/cmTC_19033.dir/CMakeCXXCompilerABI.cpp.o -x c++ /usr/share/cmake-3.16/Modules/CMakeCXXCompilerABI.cpp]
  ignore line: [clang -cc1 version 10.0.0 based upon LLVM 10.0.0 default target x86_64-pc-linux-gnu]
  ignore line: [ignoring nonexistent directory "/home/haicam/toolchain/MacOSX12.3/bin/../SDK/MacOSX12.3.sdk/usr/local/include"]
  ignore line: [ignoring nonexistent directory "/home/haicam/toolchain/MacOSX12.3/bin/../SDK/MacOSX12.3.sdk/Library/Frameworks"]
  ignore line: [ignoring duplicate directory "/usr/lib/llvm-10/bin/../lib/clang/10.0.0/include"]
  ignore line: [#include "..." search starts here:]
  ignore line: [#include <...> search starts here:]
  ignore line: [ /usr/lib/llvm-10/bin/../lib/clang/10.0.0/include]
  ignore line: [ /home/haicam/toolchain/MacOSX12.3/bin/../SDK/MacOSX12.3.sdk/usr/include/c++/v1]
  ignore line: [ /home/haicam/toolchain/MacOSX12.3/bin/../SDK/MacOSX12.3.sdk/usr/include]
  ignore line: [ /home/haicam/toolchain/MacOSX12.3/bin/../SDK/MacOSX12.3.sdk/System/Library/Frameworks (framework directory)]
  ignore line: [End of search list.]
  ignore line: [Linking CXX executable cmTC_19033]
  ignore line: [/usr/bin/cmake -E cmake_link_script CMakeFiles/cmTC_19033.dir/link.txt --verbose=1]
  ignore line: [/home/haicam/toolchain/MacOSX12.3/bin/x86_64-apple-darwin21.4-clang++    -Wl -headerpad_max_install_names  -v -Wl -v CMakeFiles/cmTC_19033.dir/CMakeCXXCompilerABI.cpp.o  -o cmTC_19033 ]
  ignore line: [clang version 10.0.0-4ubuntu1 ]
  ignore line: [Target: x86_64-apple-darwin21.4]
  ignore line: [Thread model: posix]
  ignore line: [InstalledDir: /usr/bin]
  link line: [ "/home/haicam/toolchain/MacOSX12.3/bin/x86_64-apple-darwin21.4-ld" -demangle -lto_library /usr/lib/llvm-10/lib/libLTO.dylib -dynamic -arch x86_64 -platform_version macos 10.9.0 12.3 -syslibroot /home/haicam/toolchain/MacOSX12.3/bin/../SDK/MacOSX12.3.sdk -o cmTC_19033 -headerpad_max_install_names -v CMakeFiles/cmTC_19033.dir/CMakeCXXCompilerABI.cpp.o -lc++ -lSystem]
    arg [/home/haicam/toolchain/MacOSX12.3/bin/x86_64-apple-darwin21.4-ld] ==> ignore
    arg [-demangle] ==> ignore
    arg [-lto_library] ==> ignore, skip following value
    arg [/usr/lib/llvm-10/lib/libLTO.dylib] ==> skip value of -lto_library
    arg [-dynamic] ==> ignore
    arg [-arch] ==> ignore
    arg [x86_64] ==> ignore
    arg [-platform_version] ==> ignore
    arg [macos] ==> ignore
    arg [10.9.0] ==> ignore
    arg [12.3] ==> ignore
    arg [-syslibroot] ==> ignore
    arg [/home/haicam/toolchain/MacOSX12.3/bin/../SDK/MacOSX12.3.sdk] ==> ignore
    arg [-o] ==> ignore
    arg [cmTC_19033] ==> ignore
    arg [-headerpad_max_install_names] ==> ignore
    arg [-v] ==> ignore
    arg [CMakeFiles/cmTC_19033.dir/CMakeCXXCompilerABI.cpp.o] ==> ignore
    arg [-lc++] ==> lib [c++]
    arg [-lSystem] ==> lib [System]
  Library search paths: [;/home/haicam/toolchain/MacOSX12.3/bin/../SDK/MacOSX12.3.sdk/usr/lib]
  Framework search paths: [;/home/haicam/toolchain/MacOSX12.3/bin/../SDK/MacOSX12.3.sdk/System/Library/Frameworks/]
  remove lib [System]
  collapse library dir [/home/haicam/toolchain/MacOSX12.3/bin/../SDK/MacOSX12.3.sdk/usr/lib] ==> [/home/haicam/toolchain/MacOSX12.3/SDK/MacOSX12.3.sdk/usr/lib]
  collapse framework dir [/home/haicam/toolchain/MacOSX12.3/bin/../SDK/MacOSX12.3.sdk/System/Library/Frameworks/] ==> [/home/haicam/toolchain/MacOSX12.3/SDK/MacOSX12.3.sdk/System/Library/Frameworks]
  implicit libs: [c++]
  implicit dirs: [/home/haicam/toolchain/MacOSX12.3/SDK/MacOSX12.3.sdk/usr/lib]
  implicit fwks: [/home/haicam/toolchain/MacOSX12.3/SDK/MacOSX12.3.sdk/System/Library/Frameworks]


